#
# There is insufficient memory for the Java Runtime Environment to continue.
# Native memory allocation (malloc) failed to allocate 1048576 bytes. Error detail: AllocateHeap
# Possible reasons:
#   The system is out of physical RAM or swap space
#   This process is running with CompressedOops enabled, and the Java Heap may be blocking the growth of the native heap
# Possible solutions:
#   Reduce memory load on the system
#   Increase physical memory or swap space
#   Check if swap backing store is full
#   Decrease Java heap size (-Xmx/-Xms)
#   Decrease number of Java threads
#   Decrease Java thread stack sizes (-Xss)
#   Set larger code cache with -XX:ReservedCodeCacheSize=
#   JVM is running with Unscaled Compressed Oops mode in which the Java heap is
#     placed in the first 4GB address space. The Java Heap base address is the
#     maximum limit for the native heap growth. Please use -XX:HeapBaseMinAddress
#     to set the Java Heap base and to place the Java Heap above 4GB virtual address.
# This output file may be truncated or incomplete.
#
#  Out of Memory Error (allocation.cpp:44), pid=8584, tid=9544
#
# JRE version:  (21.0.6+7) (build )
# Java VM: OpenJDK 64-Bit Server VM (21.0.6+7-LTS, mixed mode, sharing, tiered, compressed oops, compressed class ptrs, parallel gc, windows-amd64)
# No core dump will be written. Minidumps are not enabled by default on client versions of Windows
#

---------------  S U M M A R Y ------------

Command Line: --add-modules=ALL-SYSTEM --add-opens=java.base/java.util=ALL-UNNAMED --add-opens=java.base/java.lang=ALL-UNNAMED --add-opens=java.base/sun.nio.fs=ALL-UNNAMED -Declipse.application=org.eclipse.jdt.ls.core.id1 -Dosgi.bundles.defaultStartLevel=4 -Declipse.product=org.eclipse.jdt.ls.core.product -Djava.import.generatesMetadataFilesAtProjectRoot=false -DDetectVMInstallationsJob.disabled=true -Dfile.encoding=utf8 -XX:+UseParallelGC -XX:GCTimeRatio=4 -XX:AdaptiveSizePolicyWeight=90 -Dsun.zip.disableMemoryMapping=true -Xmx1G -Xms100m -Xlog:disable -javaagent:c:\Users\LATITUDE\.vscode\extensions\redhat.java-1.41.1-win32-x64\lombok\lombok-1.18.36.jar c:\Users\LATITUDE\.vscode\extensions\redhat.java-1.41.1-win32-x64\server\plugins\org.eclipse.equinox.launcher_1.7.0.v20250331-1702.jar -configuration c:\Users\LATITUDE\AppData\Roaming\Code\User\globalStorage\redhat.java\1.41.1\config_ss_win -data c:\Users\LATITUDE\AppData\Roaming\Code\User\workspaceStorage\e95c0f88bd56589ae982c5ae06591dfa\redhat.java\ss_ws --pipe=\\.\pipe\lsp-1b0e0a3108a2f5187f69e720e19867ba-sock

Host: Intel(R) Core(TM) i5-8350U CPU @ 1.70GHz, 8 cores, 15G,  Windows 11 , 64 bit Build 26100 (10.0.26100.3912)
Time: Thu May 15 11:16:15 2025 Afr. centrale Ouest elapsed time: 0.177444 seconds (0d 0h 0m 0s)

---------------  T H R E A D  ---------------

Current thread (0x000002564ef25b10):  JavaThread "Unknown thread" [_thread_in_vm, id=9544, stack(0x00000085cc800000,0x00000085cc900000) (1024K)]

Stack: [0x00000085cc800000,0x00000085cc900000]
Native frames: (J=compiled Java code, j=interpreted, Vv=VM code, C=native code)
V  [jvm.dll+0x6cdee9]
V  [jvm.dll+0x8a83d1]
V  [jvm.dll+0x8aa8fe]
V  [jvm.dll+0x8aafe3]
V  [jvm.dll+0x27f706]
V  [jvm.dll+0xbfb37]
V  [jvm.dll+0x702102]
V  [jvm.dll+0x702e3c]
V  [jvm.dll+0x6dcc13]
V  [jvm.dll+0x871cdc]
V  [jvm.dll+0x3bc2dc]
V  [jvm.dll+0x85a868]
V  [jvm.dll+0x45066e]
V  [jvm.dll+0x4522b1]
C  [jli.dll+0x5278]
C  [ucrtbase.dll+0x37b0]
C  [KERNEL32.DLL+0x2e8d7]
C  [ntdll.dll+0x9c5dc]


---------------  P R O C E S S  ---------------

Threads class SMR info:
_java_thread_list=0x000002564ef4e950, length=1, elements={
0x000002564ef25b10
}

Java Threads: ( => current thread )
=>0x000002564ef25b10 JavaThread "Unknown thread"             [_thread_in_vm, id=9544, stack(0x00000085cc800000,0x00000085cc900000) (1024K)]
Total: 1

Other Threads:
  0x00000256631eca00 WatcherThread "VM Periodic Task Thread"        [id=23864, stack(0x00000085cca00000,0x00000085ccb00000) (1024K)]
  0x000002564ef445d0 WorkerThread "GC Thread#0"                     [id=4056, stack(0x00000085cc900000,0x00000085cca00000) (1024K)]
Total: 2

Threads with active compile tasks:
Total: 0

VM state: not at safepoint (normal execution)

VM Mutex/Monitor currently owned by a thread: None

Heap address: 0x00000000c0000000, size: 1024 MB, Compressed Oops mode: 32-bit

CDS archive(s) mapped at: [0x0000025600000000-0x0000025600ba0000-0x0000025600ba0000), size 12189696, SharedBaseAddress: 0x0000025600000000, ArchiveRelocationMode: 1.
Compressed class space mapped at: 0x0000025601000000-0x0000025641000000, reserved size: 1073741824
Narrow klass base: 0x0000025600000000, Narrow klass shift: 0, Narrow klass range: 0x100000000

GC Precious Log:
 CardTable entry size: 512
 CPUs: 8 total, 8 available
 Memory: 16263M
 Large Page Support: Disabled
 NUMA Support: Disabled
 Compressed Oops: Enabled (32-bit)
 Alignments: Space 512K, Generation 512K, Heap 2M
 Heap Min Capacity: 100M
 Heap Initial Capacity: 100M
 Heap Max Capacity: 1G
 Pre-touch: Disabled
 Parallel Workers: 8

Heap:
 PSYoungGen      total 29696K, used 512K [0x00000000eab00000, 0x00000000ecc00000, 0x0000000100000000)
  eden space 25600K, 2% used [0x00000000eab00000,0x00000000eab80020,0x00000000ec400000)
  from space 4096K, 0% used [0x00000000ec800000,0x00000000ec800000,0x00000000ecc00000)
  to   space 4096K, 0% used [0x00000000ec400000,0x00000000ec400000,0x00000000ec800000)
 ParOldGen       total 68608K, used 0K [0x00000000c0000000, 0x00000000c4300000, 0x00000000eab00000)
  object space 68608K, 0% used [0x00000000c0000000,0x00000000c0000000,0x00000000c4300000)
 Metaspace       used 0K, committed 0K, reserved 1048576K
  class space    used 0K, committed 0K, reserved 1048576K

Card table byte_map: [0x000002564e8c0000,0x000002564ead0000] _byte_map_base: 0x000002564e2c0000

Marking Bits: (ParMarkBitMap*) 0x00007ffcd79d3260
 Begin Bits: [0x0000025661110000, 0x0000025662110000)
 End Bits:   [0x0000025662110000, 0x0000025663110000)

Polling page: 0x000002564ccd0000

Metaspace:

Usage:
  Non-class:      0 bytes used.
      Class:      0 bytes used.
       Both:      0 bytes used.

Virtual space:
  Non-class space:        0 bytes reserved,       0 bytes (  ?%) committed,  0 nodes.
      Class space:        1.00 GB reserved,       0 bytes (  0%) committed,  1 nodes.
             Both:        1.00 GB reserved,       0 bytes (  0%) committed. 

Chunk freelists:
   Non-Class:  0 bytes
       Class:  16.00 MB
        Both:  16.00 MB

MaxMetaspaceSize: unlimited
CompressedClassSpaceSize: 1.00 GB
Initial GC threshold: 21.00 MB
Current GC threshold: 17179869184.00 GB
CDS: on
 - commit_granule_bytes: 65536.
 - commit_granule_words: 8192.
 - virtual_space_node_default_size: 8388608.
 - enlarge_chunks_in_place: 1.
 - use_allocation_guard: 0.


Internal statistics:

num_allocs_failed_limit: 0.
num_arena_births: 0.
num_arena_deaths: 0.
num_vsnodes_births: 1.
num_vsnodes_deaths: 0.
num_space_committed: 0.
num_space_uncommitted: 0.
num_chunks_returned_to_freelist: 0.
num_chunks_taken_from_freelist: 1.
num_chunk_merges: 0.
num_chunk_splits: 1.
num_chunks_enlarged: 0.
num_inconsistent_stats: 0.

CodeHeap 'non-profiled nmethods': size=120000Kb used=0Kb max_used=0Kb free=120000Kb
 bounds [0x0000025659be0000, 0x0000025659e50000, 0x0000025661110000]
CodeHeap 'profiled nmethods': size=120000Kb used=0Kb max_used=0Kb free=120000Kb
 bounds [0x0000025652110000, 0x0000025652380000, 0x0000025659640000]
CodeHeap 'non-nmethods': size=5760Kb used=194Kb max_used=342Kb free=5565Kb
 bounds [0x0000025659640000, 0x00000256598b0000, 0x0000025659be0000]
 total_blobs=70 nmethods=0 adapters=48
 compilation: enabled
              stopped_count=0, restarted_count=0
 full_count=0

Compilation events (0 events):
No events

GC Heap History (0 events):
No events

Dll operation events (1 events):
Event: 0.055 Loaded shared library c:\Users\LATITUDE\.vscode\extensions\redhat.java-1.41.1-win32-x64\jre\21.0.6-win32-x86_64\bin\java.dll

Deoptimization events (0 events):
No events

Classes loaded (0 events):
No events

Classes unloaded (0 events):
No events

Classes redefined (0 events):
No events

Internal exceptions (0 events):
No events

ZGC Phase Switch (0 events):
No events

VM Operations (0 events):
No events

Memory protections (0 events):
No events

Nmethod flushes (0 events):
No events

Events (1 events):
Event: 0.129 Thread 0x000002564ef25b10 Thread added: 0x000002564ef25b10


Dynamic libraries:
0x00007ff621780000 - 0x00007ff62178e000 	c:\Users\LATITUDE\.vscode\extensions\redhat.java-1.41.1-win32-x64\jre\21.0.6-win32-x86_64\bin\java.exe
0x00007ffd750c0000 - 0x00007ffd75326000 	C:\WINDOWS\SYSTEM32\ntdll.dll
0x00007ffd740a0000 - 0x00007ffd74169000 	C:\WINDOWS\System32\KERNEL32.DLL
0x00007ffd727c0000 - 0x00007ffd72b8c000 	C:\WINDOWS\System32\KERNELBASE.dll
0x00007ffd72370000 - 0x00007ffd724bb000 	C:\WINDOWS\System32\ucrtbase.dll
0x00007ffd33750000 - 0x00007ffd33768000 	c:\Users\LATITUDE\.vscode\extensions\redhat.java-1.41.1-win32-x64\jre\21.0.6-win32-x86_64\bin\jli.dll
0x00007ffd2f3f0000 - 0x00007ffd2f40e000 	c:\Users\LATITUDE\.vscode\extensions\redhat.java-1.41.1-win32-x64\jre\21.0.6-win32-x86_64\bin\VCRUNTIME140.dll
0x00007ffd73e80000 - 0x00007ffd7404a000 	C:\WINDOWS\System32\USER32.dll
0x00007ffd5dc60000 - 0x00007ffd5defa000 	C:\WINDOWS\WinSxS\amd64_microsoft.windows.common-controls_6595b64144ccf1df_6.0.26100.3912_none_3e07963ce335137e\COMCTL32.dll
0x00007ffd72790000 - 0x00007ffd727b7000 	C:\WINDOWS\System32\win32u.dll
0x00007ffd73b00000 - 0x00007ffd73b2b000 	C:\WINDOWS\System32\GDI32.dll
0x00007ffd742f0000 - 0x00007ffd74399000 	C:\WINDOWS\System32\msvcrt.dll
0x00007ffd72b90000 - 0x00007ffd72cc2000 	C:\WINDOWS\System32\gdi32full.dll
0x00007ffd724c0000 - 0x00007ffd72563000 	C:\WINDOWS\System32\msvcp_win.dll
0x00007ffd74050000 - 0x00007ffd74080000 	C:\WINDOWS\System32\IMM32.DLL
0x00007ffd4d500000 - 0x00007ffd4d50c000 	c:\Users\LATITUDE\.vscode\extensions\redhat.java-1.41.1-win32-x64\jre\21.0.6-win32-x86_64\bin\vcruntime140_1.dll
0x00007ffd07080000 - 0x00007ffd0710d000 	c:\Users\LATITUDE\.vscode\extensions\redhat.java-1.41.1-win32-x64\jre\21.0.6-win32-x86_64\bin\msvcp140.dll
0x00007ffcd6d20000 - 0x00007ffcd7ab0000 	c:\Users\LATITUDE\.vscode\extensions\redhat.java-1.41.1-win32-x64\jre\21.0.6-win32-x86_64\bin\server\jvm.dll
0x00007ffd73a40000 - 0x00007ffd73af2000 	C:\WINDOWS\System32\ADVAPI32.dll
0x00007ffd74fa0000 - 0x00007ffd75046000 	C:\WINDOWS\System32\sechost.dll
0x00007ffd741d0000 - 0x00007ffd742e6000 	C:\WINDOWS\System32\RPCRT4.dll
0x00007ffd73c30000 - 0x00007ffd73ca4000 	C:\WINDOWS\System32\WS2_32.dll
0x00007ffd72090000 - 0x00007ffd720ee000 	C:\WINDOWS\SYSTEM32\POWRPROF.dll
0x00007ffd5e4a0000 - 0x00007ffd5e4d6000 	C:\WINDOWS\SYSTEM32\WINMM.dll
0x00007ffd61c60000 - 0x00007ffd61c6b000 	C:\WINDOWS\SYSTEM32\VERSION.dll
0x00007ffd72070000 - 0x00007ffd72084000 	C:\WINDOWS\SYSTEM32\UMPDC.dll
0x00007ffd70fa0000 - 0x00007ffd70fba000 	C:\WINDOWS\SYSTEM32\kernel.appcore.dll
0x00007ffd3f310000 - 0x00007ffd3f31a000 	c:\Users\LATITUDE\.vscode\extensions\redhat.java-1.41.1-win32-x64\jre\21.0.6-win32-x86_64\bin\jimage.dll
0x00007ffd6fa90000 - 0x00007ffd6fcd1000 	C:\WINDOWS\SYSTEM32\DBGHELP.DLL
0x00007ffd74c10000 - 0x00007ffd74f94000 	C:\WINDOWS\System32\combase.dll
0x00007ffd74930000 - 0x00007ffd74a10000 	C:\WINDOWS\System32\OLEAUT32.dll
0x00007ffd5a550000 - 0x00007ffd5a589000 	C:\WINDOWS\SYSTEM32\dbgcore.DLL
0x00007ffd726f0000 - 0x00007ffd72789000 	C:\WINDOWS\System32\bcryptPrimitives.dll
0x00007ffd3e640000 - 0x00007ffd3e64f000 	c:\Users\LATITUDE\.vscode\extensions\redhat.java-1.41.1-win32-x64\jre\21.0.6-win32-x86_64\bin\instrument.dll
0x00007ffd2c620000 - 0x00007ffd2c63f000 	c:\Users\LATITUDE\.vscode\extensions\redhat.java-1.41.1-win32-x64\jre\21.0.6-win32-x86_64\bin\java.dll

dbghelp: loaded successfully - version: 4.0.5 - missing functions: none
symbol engine: initialized successfully - sym options: 0x614 - pdb path: .;c:\Users\LATITUDE\.vscode\extensions\redhat.java-1.41.1-win32-x64\jre\21.0.6-win32-x86_64\bin;C:\WINDOWS\SYSTEM32;C:\WINDOWS\WinSxS\amd64_microsoft.windows.common-controls_6595b64144ccf1df_6.0.26100.3912_none_3e07963ce335137e;c:\Users\LATITUDE\.vscode\extensions\redhat.java-1.41.1-win32-x64\jre\21.0.6-win32-x86_64\bin\server

VM Arguments:
jvm_args: --add-modules=ALL-SYSTEM --add-opens=java.base/java.util=ALL-UNNAMED --add-opens=java.base/java.lang=ALL-UNNAMED --add-opens=java.base/sun.nio.fs=ALL-UNNAMED -Declipse.application=org.eclipse.jdt.ls.core.id1 -Dosgi.bundles.defaultStartLevel=4 -Declipse.product=org.eclipse.jdt.ls.core.product -Djava.import.generatesMetadataFilesAtProjectRoot=false -DDetectVMInstallationsJob.disabled=true -Dfile.encoding=utf8 -XX:+UseParallelGC -XX:GCTimeRatio=4 -XX:AdaptiveSizePolicyWeight=90 -Dsun.zip.disableMemoryMapping=true -Xmx1G -Xms100m -Xlog:disable -javaagent:c:\Users\LATITUDE\.vscode\extensions\redhat.java-1.41.1-win32-x64\lombok\lombok-1.18.36.jar 
java_command: c:\Users\LATITUDE\.vscode\extensions\redhat.java-1.41.1-win32-x64\server\plugins\org.eclipse.equinox.launcher_1.7.0.v20250331-1702.jar -configuration c:\Users\LATITUDE\AppData\Roaming\Code\User\globalStorage\redhat.java\1.41.1\config_ss_win -data c:\Users\LATITUDE\AppData\Roaming\Code\User\workspaceStorage\e95c0f88bd56589ae982c5ae06591dfa\redhat.java\ss_ws --pipe=\\.\pipe\lsp-1b0e0a3108a2f5187f69e720e19867ba-sock
java_class_path (initial): c:\Users\LATITUDE\.vscode\extensions\redhat.java-1.41.1-win32-x64\server\plugins\org.eclipse.equinox.launcher_1.7.0.v20250331-1702.jar
Launcher Type: SUN_STANDARD

[Global flags]
    uintx AdaptiveSizePolicyWeight                 = 90                                        {product} {command line}
     intx CICompilerCount                          = 4                                         {product} {ergonomic}
    uintx GCTimeRatio                              = 4                                         {product} {command line}
   size_t InitialHeapSize                          = 104857600                                 {product} {command line}
   size_t MaxHeapSize                              = 1073741824                                {product} {command line}
   size_t MaxNewSize                               = 357564416                                 {product} {ergonomic}
   size_t MinHeapDeltaBytes                        = 524288                                    {product} {ergonomic}
   size_t MinHeapSize                              = 104857600                                 {product} {command line}
   size_t NewSize                                  = 34603008                                  {product} {ergonomic}
    uintx NonNMethodCodeHeapSize                   = 5839372                                {pd product} {ergonomic}
    uintx NonProfiledCodeHeapSize                  = 122909434                              {pd product} {ergonomic}
   size_t OldSize                                  = 70254592                                  {product} {ergonomic}
    uintx ProfiledCodeHeapSize                     = 122909434                              {pd product} {ergonomic}
    uintx ReservedCodeCacheSize                    = 251658240                              {pd product} {ergonomic}
     bool SegmentedCodeCache                       = true                                      {product} {ergonomic}
   size_t SoftMaxHeapSize                          = 1073741824                             {manageable} {ergonomic}
     bool UseCompressedOops                        = true                           {product lp64_product} {ergonomic}
     bool UseLargePagesIndividualAllocation        = false                                  {pd product} {ergonomic}
     bool UseParallelGC                            = true                                      {product} {command line}

Logging:
Log output configuration:
 #0: stdout all=off uptime,level,tags foldmultilines=false
 #1: stderr all=off uptime,level,tags foldmultilines=false

Environment Variables:
PATH=C:\Users\LATITUDE\bin;C:\Program Files\Git\mingw64\bin;C:\Program Files\Git\usr\local\bin;C:\Program Files\Git\usr\bin;C:\Program Files\Git\usr\bin;C:\Program Files\Git\mingw64\bin;C:\Program Files\Git\usr\bin;C:\Users\LATITUDE\bin;C:\Program Files (x86)\NVIDIA Corporation\PhysX\Common;C:\Users\LATITUDE\AppData\Local\Programs\Python\Python313\python.exe;C:\Program Files\Common Files\Oracle\Java\javapath;C:\Program Files (x86)\Common Files\Oracle\Java\java8path;C:\Program Files (x86)\Common Files\Oracle\Java\javapath;C:\WINDOWS\system32;C:\WINDOWS;C:\WINDOWS\System32\Wbem;C:\WINDOWS\System32\WindowsPowerShell\v1.0;C:\WINDOWS\System32\OpenSSH;C:\Program Files (x86)\dotnet;C:\Program Files\PuTTY;C:\msys64\mingw64\bin\gcc.exe;C:\Android\scrcpy-win64-v2.4;C:\Program Files\Graphviz\bin;C:\Program Files\Java\jdk-22\bin;C:\laragon\bin\ngrok;C:\Users\LATITUDE\AppData\Roaming\nvm;C:\Program Files\nodejs;C:\Program Files\Git\cmd;C:\Users\LATITUDE\AppData\Local\Programs\CLion\bin;C:\Users\LATITUDE\AppData\Local\Programs\Microsoft VS Code\bin;C:\Users\LATITUDE\AppData\Local\Programs\oh-my-posh\bin;C:\Users\LATITUDE\AppData\Local\Programs\WebStorm\bin;C:\Program Files\c3c\c3-windows-Release;C:\msys64\ucrt64\lib\emscripten;C:\Program Files\Microsoft SQL Server\150\Tools\Binn;C:\Program Files\Neovim\bin;C:\Users\LATITUDE\.cargo\bin\cargo.exe;C:\Users\LATITUDE\.cargo\bin;C:\Users\LATITUDE\AppData\Local\pnpm;C:\Users\LATITUDE\AppData\Local\Programs\Python\Python313\Scripts;C:\Users\LATITUDE\AppData\Local\Programs\Python\Python313;C:\Users\LATITUDE\AppData\Local\Programs\Python\Launcher;C:\Program Files\Common Files\Oracle\Java\javapath;C:\Program Files (x86)\Common Files\Oracle\Java\java8path;C:\Program Files (x86)\Common Files\Oracle\Java\javapath;C:\WINDOWS\system32;C:\WINDOWS;C:\WINDOWS\System32\Wbem;C:\WINDOWS\System32\WindowsPowerShell\v1.0;C:\WINDOWS\System32\OpenSSH;C:\Program Files (x86)\dotnet;C:\Program Files\PuTTY;C:\msys64\mingw64\bin;C:\FPC\3.2.2\bin\i386-Win32;C:\msys64\mingw64\bin\gcc.exe;C:\Android\scrcpy-win64-v2.4;C:\Program Files\Graphviz\bin;C:\Program Files\Java\jdk-22\bin;C:\laragon\bin\ngrok;C:\Users\LATITUDE\AppData\Roaming\nvm;C:\Program Files\nodejs;C:\Program Files\Git\cmd;C:\Users\LATITUDE\AppData\Local\Programs\CLion\bin;C:\Users\LATITUDE\AppData\Local\Programs\Microsoft VS Code\bin;C:\Users\LATITUDE\AppData\Local\spicetify;C:\Users\LATITUDE\AppData\Local\Microsoft\WindowsApps;C:\Users\LATITUDE\.dotnet\tools;C:\Program Files\Git\usr\bin\vendor_perl;C:\Program Files\Git\usr\bin\core_perl
USERNAME=LATITUDE
SHELL=C:\Program Files\Git\usr\bin\bash.exe
DISPLAY=needs-to-be-defined
LANG=fr_FR.UTF-8
TERM=xterm-256color
TMPDIR=C:\Users\LATITUDE\AppData\Local\Temp
OS=Windows_NT
PROCESSOR_IDENTIFIER=Intel64 Family 6 Model 142 Stepping 10, GenuineIntel
TMP=C:\Users\LATITUDE\AppData\Local\Temp
TEMP=C:\Users\LATITUDE\AppData\Local\Temp




Periodic native trim disabled

---------------  S Y S T E M  ---------------

OS:
 Windows 11 , 64 bit Build 26100 (10.0.26100.3912)
OS uptime: 13 days 15:33 hours
Hyper-V role detected

CPU: total 8 (initial active 8) (4 cores per cpu, 2 threads per core) family 6 model 142 stepping 10 microcode 0xe0, cx8, cmov, fxsr, ht, mmx, 3dnowpref, sse, sse2, sse3, ssse3, sse4.1, sse4.2, popcnt, lzcnt, tsc, tscinvbit, avx, avx2, aes, erms, clmul, bmi1, bmi2, rtm, adx, fma, vzeroupper, clflush, clflushopt, hv, rdtscp, f16c
Processor Information for the first 8 processors :
  Max Mhz: 1896, Current Mhz: 1696, Mhz Limit: 1687

Memory: 4k page, system-wide physical 16263M (677M free)
TotalPageFile size 19876M (AvailPageFile size 4M)
current process WorkingSet (physical memory assigned to process): 26M, peak: 26M
current process commit charge ("private bytes"): 171M, peak: 172M

vm_info: OpenJDK 64-Bit Server VM (21.0.6+7-LTS) for windows-amd64 JRE (21.0.6+7-LTS), built on 2025-01-21T00:00:00Z by "admin" with MS VC++ 17.7 (VS2022)

END.
