#
# There is insufficient memory for the Java Runtime Environment to continue.
# Native memory allocation (mmap) failed to map 4194304 bytes. Error detail: G1 virtual space
# Possible reasons:
#   The system is out of physical RAM or swap space
#   This process is running with CompressedOops enabled, and the Java Heap may be blocking the growth of the native heap
# Possible solutions:
#   Reduce memory load on the system
#   Increase physical memory or swap space
#   Check if swap backing store is full
#   Decrease Java heap size (-Xmx/-Xms)
#   Decrease number of Java threads
#   Decrease Java thread stack sizes (-Xss)
#   Set larger code cache with -XX:ReservedCodeCacheSize=
#   JVM is running with Zero Based Compressed Oops mode in which the Java heap is
#     placed in the first 32GB address space. The Java Heap base address is the
#     maximum limit for the native heap growth. Please use -XX:HeapBaseMinAddress
#     to set the Java Heap base and to place the Java Heap above 32GB virtual address.
# This output file may be truncated or incomplete.
#
#  Out of Memory Error (os_windows.cpp:3631), pid=16196, tid=25080
#
# JRE version:  (22.0.1+8) (build )
# Java VM: Java HotSpot(TM) 64-Bit Server VM (22.0.1+8-16, mixed mode, sharing, tiered, compressed oops, compressed class ptrs, g1 gc, windows-amd64)
# No core dump will be written. Minidumps are not enabled by default on client versions of Windows
#

---------------  S U M M A R Y ------------

Command Line: -javaagent:C:\Users\LATITUDE\AppData\Local\Programs\IntelliJ IDEA Ultimate\lib\idea_rt.jar=64212:C:\Users\LATITUDE\AppData\Local\Programs\IntelliJ IDEA Ultimate\bin -Dfile.encoding=UTF-8 -Dsun.stdout.encoding=UTF-8 -Dsun.stderr.encoding=UTF-8 --module-path=C:\Users\LATITUDE\.m2\repository\org\openjfx\javafx-base\17.0.2\javafx-base-17.0.2-win.jar;C:\Users\LATITUDE\IdeaProjects\TP-Part04\target\classes;C:\Users\LATITUDE\.m2\repository\com\google\code\gson\gson\2.10.1\gson-2.10.1.jar;C:\Users\LATITUDE\.m2\repository\org\openjfx\javafx-fxml\17.0.2\javafx-fxml-17.0.2-win.jar;C:\Users\LATITUDE\.m2\repository\org\openjfx\javafx-controls\17.0.2\javafx-controls-17.0.2-win.jar;C:\Users\LATITUDE\.m2\repository\org\openjfx\javafx-graphics\17.0.2\javafx-graphics-17.0.2-win.jar -Djdk.module.main=transport transport/transport.Main

Host: Intel(R) Core(TM) i5-8350U CPU @ 1.70GHz, 8 cores, 15G,  Windows 11 , 64 bit Build 26100 (10.0.26100.3912)
Time: Fri May 16 00:11:10 2025 Afr. centrale Ouest elapsed time: 2.052112 seconds (0d 0h 0m 2s)

---------------  T H R E A D  ---------------

Current thread (0x00000254c8feb3d0):  JavaThread "Unknown thread" [_thread_in_vm, id=25080, stack(0x000000c7e3600000,0x000000c7e3700000) (1024K)]

Stack: [0x000000c7e3600000,0x000000c7e3700000]
Native frames: (J=compiled Java code, j=interpreted, Vv=VM code, C=native code)
V  [jvm.dll+0x6e2279]  (no source info available)
V  [jvm.dll+0x874e33]  (no source info available)
V  [jvm.dll+0x87725e]  (no source info available)
V  [jvm.dll+0x877933]  (no source info available)
V  [jvm.dll+0x27fd76]  (no source info available)
V  [jvm.dll+0x6de915]  (no source info available)
V  [jvm.dll+0x6d341a]  (no source info available)
V  [jvm.dll+0x3589da]  (no source info available)
V  [jvm.dll+0x360f06]  (no source info available)
V  [jvm.dll+0x3b3e43]  (no source info available)
V  [jvm.dll+0x3b40d8]  (no source info available)
V  [jvm.dll+0x32c59c]  (no source info available)
V  [jvm.dll+0x32d158]  (no source info available)
V  [jvm.dll+0x83ccdc]  (no source info available)
V  [jvm.dll+0x3c0d71]  (no source info available)
V  [jvm.dll+0x825ccc]  (no source info available)
V  [jvm.dll+0x45b8fe]  (no source info available)
V  [jvm.dll+0x45d781]  (no source info available)
C  [jli.dll+0x52a3]  (no source info available)
C  [ucrtbase.dll+0x37b0]  (no source info available)
C  [KERNEL32.DLL+0x2e8d7]  (no source info available)
C  [ntdll.dll+0x9c5dc]  (no source info available)


---------------  P R O C E S S  ---------------

Threads class SMR info:
_java_thread_list=0x00007ffd092fb1c8, length=0, elements={
}

Java Threads: ( => current thread )
Total: 0

Other Threads:
  0x00000254ca9c6280 WorkerThread "GC Thread#0"                     [id=21032, stack(0x000000c7e3700000,0x000000c7e3800000) (1024K)]
  0x00000254ca9d7fa0 ConcurrentGCThread "G1 Main Marker"            [id=14648, stack(0x000000c7e3800000,0x000000c7e3900000) (1024K)]
  0x00000254ca9d8ab0 WorkerThread "G1 Conc#0"                       [id=15124, stack(0x000000c7e3900000,0x000000c7e3a00000) (1024K)]

[error occurred during error reporting (printing all threads), id 0xc0000005, EXCEPTION_ACCESS_VIOLATION (0xc0000005) at pc=0x00007ffd08a4f367]
VM state: not at safepoint (not fully initialized)

VM Mutex/Monitor currently owned by a thread:  ([mutex/lock_event])
[0x00007ffd0937bcb8] Heap_lock - owner thread: 0x00000254c8feb3d0

Heap address: 0x0000000701e00000, size: 4066 MB, Compressed Oops mode: Zero based, Oop shift amount: 3

CDS archive(s) mapped at: [0x0000000000000000-0x0000000000000000-0x0000000000000000), size 0, SharedBaseAddress: 0x0000000800000000, ArchiveRelocationMode: 1.
Narrow klass base: 0x0000000000000000, Narrow klass shift: 0, Narrow klass range: 0x0

GC Precious Log:
 CardTable entry size: 512
 Card Set container configuration: InlinePtr #cards 4 size 8 Array Of Cards #cards 16 size 48 Howl #buckets 8 coarsen threshold 3686 Howl Bitmap #cards 512 size 80 coarsen threshold 460 Card regions per heap region 1 cards per card region 4096

Heap:
 garbage-first heap   total reserved 4163584K, committed 0K, used 0K [0x0000000701e00000, 0x0000000800000000)
  region size 2048K, 0 young (0K), 0 survivors (0K)

[error occurred during error reporting (printing heap information), id 0xc0000005, EXCEPTION_ACCESS_VIOLATION (0xc0000005) at pc=0x00007ffd08e4e429]
GC Heap History (0 events):
No events

Dll operation events (1 events):
Event: 0.019 Loaded shared library C:\Program Files\Java\jdk-22\bin\java.dll

Deoptimization events (0 events):
No events

Classes loaded (0 events):
No events

Classes unloaded (0 events):
No events

Classes redefined (0 events):
No events

Internal exceptions (0 events):
No events

ZGC Phase Switch (0 events):
No events

VM Operations (0 events):
No events

Events (0 events):
No events


Dynamic libraries:
0x00007ff602f60000 - 0x00007ff602f70000 	C:\Program Files\Java\jdk-22\bin\java.exe
0x00007ffd750c0000 - 0x00007ffd75326000 	C:\WINDOWS\SYSTEM32\ntdll.dll
0x00007ffd740a0000 - 0x00007ffd74169000 	C:\WINDOWS\System32\KERNEL32.DLL
0x00007ffd727c0000 - 0x00007ffd72b8c000 	C:\WINDOWS\System32\KERNELBASE.dll
0x00007ffd72370000 - 0x00007ffd724bb000 	C:\WINDOWS\System32\ucrtbase.dll
0x00007ffd5ea00000 - 0x00007ffd5ea17000 	C:\Program Files\Java\jdk-22\bin\jli.dll
0x00007ffd5c850000 - 0x00007ffd5c86b000 	C:\Program Files\Java\jdk-22\bin\VCRUNTIME140.dll
0x00007ffd73a40000 - 0x00007ffd73af2000 	C:\WINDOWS\System32\ADVAPI32.dll
0x00007ffd742f0000 - 0x00007ffd74399000 	C:\WINDOWS\System32\msvcrt.dll
0x00007ffd74fa0000 - 0x00007ffd75046000 	C:\WINDOWS\System32\sechost.dll
0x00007ffd741d0000 - 0x00007ffd742e6000 	C:\WINDOWS\System32\RPCRT4.dll
0x00007ffd73e80000 - 0x00007ffd7404a000 	C:\WINDOWS\System32\USER32.dll
0x00007ffd72790000 - 0x00007ffd727b7000 	C:\WINDOWS\System32\win32u.dll
0x00007ffd5dc60000 - 0x00007ffd5defa000 	C:\WINDOWS\WinSxS\amd64_microsoft.windows.common-controls_6595b64144ccf1df_6.0.26100.3912_none_3e07963ce335137e\COMCTL32.dll
0x00007ffd73b00000 - 0x00007ffd73b2b000 	C:\WINDOWS\System32\GDI32.dll
0x00007ffd72b90000 - 0x00007ffd72cc2000 	C:\WINDOWS\System32\gdi32full.dll
0x00007ffd61c60000 - 0x00007ffd61c6b000 	C:\WINDOWS\SYSTEM32\VERSION.dll
0x00007ffd724c0000 - 0x00007ffd72563000 	C:\WINDOWS\System32\msvcp_win.dll
0x00007ffd74050000 - 0x00007ffd74080000 	C:\WINDOWS\System32\IMM32.DLL
0x00007ffd5f5e0000 - 0x00007ffd5f5ec000 	C:\Program Files\Java\jdk-22\bin\vcruntime140_1.dll
0x00007ffd53bd0000 - 0x00007ffd53c5e000 	C:\Program Files\Java\jdk-22\bin\msvcp140.dll
0x00007ffd08710000 - 0x00007ffd09457000 	C:\Program Files\Java\jdk-22\bin\server\jvm.dll
0x00007ffd73c30000 - 0x00007ffd73ca4000 	C:\WINDOWS\System32\WS2_32.dll
0x00007ffd72090000 - 0x00007ffd720ee000 	C:\WINDOWS\SYSTEM32\POWRPROF.dll
0x00007ffd5e4a0000 - 0x00007ffd5e4d6000 	C:\WINDOWS\SYSTEM32\WINMM.dll
0x00007ffd72070000 - 0x00007ffd72084000 	C:\WINDOWS\SYSTEM32\UMPDC.dll
0x00007ffd70fa0000 - 0x00007ffd70fba000 	C:\WINDOWS\SYSTEM32\kernel.appcore.dll
0x00007ffd5dc20000 - 0x00007ffd5dc2a000 	C:\Program Files\Java\jdk-22\bin\jimage.dll
0x00007ffd6fa90000 - 0x00007ffd6fcd1000 	C:\WINDOWS\SYSTEM32\DBGHELP.DLL
0x00007ffd74c10000 - 0x00007ffd74f94000 	C:\WINDOWS\System32\combase.dll
0x00007ffd74930000 - 0x00007ffd74a10000 	C:\WINDOWS\System32\OLEAUT32.dll
0x00007ffd5a550000 - 0x00007ffd5a589000 	C:\WINDOWS\SYSTEM32\dbgcore.DLL
0x00007ffd726f0000 - 0x00007ffd72789000 	C:\WINDOWS\System32\bcryptPrimitives.dll
0x00007ffd53a00000 - 0x00007ffd53a0f000 	C:\Program Files\Java\jdk-22\bin\instrument.dll
0x00007ffd5c830000 - 0x00007ffd5c84e000 	C:\Program Files\Java\jdk-22\bin\java.dll
0x00007ffd731d0000 - 0x00007ffd738fd000 	C:\WINDOWS\System32\SHELL32.dll
0x00007ffd72cd0000 - 0x00007ffd72e44000 	C:\WINDOWS\System32\wintypes.dll
0x00007ffd73cb0000 - 0x00007ffd73e4f000 	C:\WINDOWS\System32\ole32.dll

dbghelp: loaded successfully - version: 4.0.5 - missing functions: none
symbol engine: initialized successfully - sym options: 0x614 - pdb path: .;C:\Program Files\Java\jdk-22\bin;C:\WINDOWS\SYSTEM32;C:\WINDOWS\WinSxS\amd64_microsoft.windows.common-controls_6595b64144ccf1df_6.0.26100.3912_none_3e07963ce335137e;C:\Program Files\Java\jdk-22\bin\server

VM Arguments:
jvm_args: -javaagent:C:\Users\LATITUDE\AppData\Local\Programs\IntelliJ IDEA Ultimate\lib\idea_rt.jar=64212:C:\Users\LATITUDE\AppData\Local\Programs\IntelliJ IDEA Ultimate\bin -Dfile.encoding=UTF-8 -Dsun.stdout.encoding=UTF-8 -Dsun.stderr.encoding=UTF-8 --module-path=C:\Users\LATITUDE\.m2\repository\org\openjfx\javafx-base\17.0.2\javafx-base-17.0.2-win.jar;C:\Users\LATITUDE\IdeaProjects\TP-Part04\target\classes;C:\Users\LATITUDE\.m2\repository\com\google\code\gson\gson\2.10.1\gson-2.10.1.jar;C:\Users\LATITUDE\.m2\repository\org\openjfx\javafx-fxml\17.0.2\javafx-fxml-17.0.2-win.jar;C:\Users\LATITUDE\.m2\repository\org\openjfx\javafx-controls\17.0.2\javafx-controls-17.0.2-win.jar;C:\Users\LATITUDE\.m2\repository\org\openjfx\javafx-graphics\17.0.2\javafx-graphics-17.0.2-win.jar -Djdk.module.main=transport 
java_command: transport/transport.Main
java_class_path (initial): C:\Users\LATITUDE\.m2\repository\org\openjfx\javafx-controls\17.0.2\javafx-controls-17.0.2.jar;C:\Users\LATITUDE\.m2\repository\org\openjfx\javafx-graphics\17.0.2\javafx-graphics-17.0.2.jar;C:\Users\LATITUDE\.m2\repository\org\openjfx\javafx-base\17.0.2\javafx-base-17.0.2.jar;C:\Users\LATITUDE\.m2\repository\org\openjfx\javafx-fxml\17.0.2\javafx-fxml-17.0.2.jar
Launcher Type: SUN_STANDARD

[Global flags]
     intx CICompilerCount                          = 4                                         {product} {ergonomic}
     uint ConcGCThreads                            = 2                                         {product} {ergonomic}
     uint G1ConcRefinementThreads                  = 8                                         {product} {ergonomic}
   size_t G1HeapRegionSize                         = 2097152                                   {product} {ergonomic}
   size_t InitialHeapSize                          = 268435456                                 {product} {ergonomic}
   size_t MarkStackSize                            = 4194304                                   {product} {ergonomic}
   size_t MaxHeapSize                              = 4263510016                                {product} {ergonomic}
   size_t MinHeapDeltaBytes                        = 2097152                                   {product} {ergonomic}
   size_t MinHeapSize                              = 8388608                                   {product} {ergonomic}
    uintx NonNMethodCodeHeapSize                   = 5839372                                {pd product} {ergonomic}
    uintx NonProfiledCodeHeapSize                  = 122909434                              {pd product} {ergonomic}
    uintx ProfiledCodeHeapSize                     = 122909434                              {pd product} {ergonomic}
    uintx ReservedCodeCacheSize                    = 251658240                              {pd product} {ergonomic}
     bool SegmentedCodeCache                       = true                                      {product} {ergonomic}
   size_t SoftMaxHeapSize                          = 4263510016                             {manageable} {ergonomic}
     bool UseCompressedOops                        = true                           {product lp64_product} {ergonomic}
     bool UseG1GC                                  = true                                      {product} {ergonomic}
     bool UseLargePagesIndividualAllocation        = false                                  {pd product} {ergonomic}

Logging:
Log output configuration:
 #0: stdout all=warning uptime,level,tags foldmultilines=false
 #1: stderr all=off uptime,level,tags foldmultilines=false

Environment Variables:
PATH=C:\Program Files (x86)\NVIDIA Corporation\PhysX\Common;C:\Users\LATITUDE\AppData\Local\Programs\Python\Python313\python.exe;C:\Program Files\Common Files\Oracle\Java\javapath;C:\Program Files (x86)\Common Files\Oracle\Java\java8path;C:\Program Files (x86)\Common Files\Oracle\Java\javapath;C:\WINDOWS\system32;C:\WINDOWS;C:\WINDOWS\System32\Wbem;C:\WINDOWS\System32\WindowsPowerShell\v1.0\;C:\WINDOWS\System32\OpenSSH\;C:\Program Files (x86)\dotnet\;C:\Program Files\PuTTY\;C:\msys64\mingw64\bin\gcc.exe;C:\Android\scrcpy-win64-v2.4;C:\Program Files\Graphviz\bin;C:\Program Files\Java\jdk-22\bin;C:\laragon\bin\ngrok;C:\Users\LATITUDE\AppData\Roaming\nvm;C:\Program Files\nodejs;C:\Program Files\Git\cmd;C:\Users\LATITUDE\AppData\Local\Programs\CLion\bin;C:\Users\LATITUDE\AppData\Local\Programs\Microsoft VS Code\bin;C:\Users\LATITUDE\AppData\Local\Programs\oh-my-posh\bin;C:\Users\LATITUDE\AppData\Local\Programs\WebStorm\bin;C:\Program Files\c3c\c3-windows-Release;C:\msys64\ucrt64\lib\emscripten;C:\Program Files\Microsoft SQL Server\150\Tools\Binn\;C:\Program Files\Neovim\bin;C:\Users\LATITUDE\.cargo\bin\cargo.exe;C:\Users\LATITUDE\.cargo\bin;C:\Users\LATITUDE\AppData\Local\pnpm;C:\Users\LATITUDE\AppData\Local\Programs\Python\Python313\Scripts\;C:\Users\LATITUDE\AppData\Local\Programs\Python\Python313\;C:\Users\LATITUDE\AppData\Local\Programs\Python\Launcher\;C:\Program Files\Common Files\Oracle\Java\javapath;C:\Program Files (x86)\Common Files\Oracle\Java\java8path;C:\Program Files (x86)\Common Files\Oracle\Java\javapath;C:\WINDOWS\system32;C:\WINDOWS;C:\WINDOWS\System32\Wbem;C:\WINDOWS\System32\WindowsPowerShell\v1.0\;C:\WINDOWS\System32\OpenSSH\;C:\Program Files (x86)\dotnet\;C:\Program Files\PuTTY\;C:\msys64\mingw64\bin;C:\FPC\3.2.2\bin\i386-Win32;C:\msys64\mingw64\bin\gcc.exe;C:\Android\scrcpy-win64-v2.4;C:\Program Files\Graphviz\bin;C:\Program Files\Java\jdk-22\bin;C:\laragon\bin\ngrok;C:\Users\LATITUDE\AppData\Roaming\nvm;C:\Program Files\nodejs;C:\Program Files\Git\cmd;C:\Users\LATITUDE\AppData\Local\Programs\CLion\bin;C:\Users\LATITUDE\AppData\Local\Programs\Microsoft VS Code\bin;;C:\Users\LATITUDE\AppData\Local\spicetify;C:\Users\LATITUDE\AppData\Local\Microsoft\WindowsApps;C:\Users\LATITUDE\.dotnet\tools
USERNAME=LATITUDE
OS=Windows_NT
PROCESSOR_IDENTIFIER=Intel64 Family 6 Model 142 Stepping 10, GenuineIntel
TMP=C:\Users\LATITUDE\AppData\Local\Temp
TEMP=C:\Users\LATITUDE\AppData\Local\Temp




Periodic native trim disabled

---------------  S Y S T E M  ---------------

OS:
 Windows 11 , 64 bit Build 26100 (10.0.26100.3912)
OS uptime: 14 days 4:28 hours
Hyper-V role detected

CPU: total 8 (initial active 8) (4 cores per cpu, 2 threads per core) family 6 model 142 stepping 10 microcode 0xe0, cx8, cmov, fxsr, ht, mmx, 3dnowpref, sse, sse2, sse3, ssse3, sse4.1, sse4.2, popcnt, lzcnt, tsc, tscinvbit, avx, avx2, aes, erms, clmul, bmi1, bmi2, rtm, adx, fma, vzeroupper, clflush, clflushopt, hv, rdtscp, f16c
Processor Information for all 8 processors :
  Max Mhz: 1896, Current Mhz: 1696, Mhz Limit: 1687

Memory: 4k page, system-wide physical 16263M (1638M free)
TotalPageFile size 21263M (AvailPageFile size 2M)
current process WorkingSet (physical memory assigned to process): 13M, peak: 13M
current process commit charge ("private bytes"): 317M, peak: 321M

vm_info: Java HotSpot(TM) 64-Bit Server VM (22.0.1+8-16) for windows-amd64 JRE (22.0.1+8-16), built on 2024-03-12T10:33:16Z by "mach5one" with MS VC++ 17.6 (VS2022)

END.
