#
# There is insufficient memory for the Java Runtime Environment to continue.
# Native memory allocation (malloc) failed to allocate 1434064 bytes. Error detail: Chunk::new
# Possible reasons:
#   The system is out of physical RAM or swap space
#   This process is running with CompressedOops enabled, and the Java Heap may be blocking the growth of the native heap
# Possible solutions:
#   Reduce memory load on the system
#   Increase physical memory or swap space
#   Check if swap backing store is full
#   Decrease Java heap size (-Xmx/-Xms)
#   Decrease number of Java threads
#   Decrease Java thread stack sizes (-Xss)
#   Set larger code cache with -XX:ReservedCodeCacheSize=
#   JVM is running with Zero Based Compressed Oops mode in which the Java heap is
#     placed in the first 32GB address space. The Java Heap base address is the
#     maximum limit for the native heap growth. Please use -XX:HeapBaseMinAddress
#     to set the Java Heap base and to place the Java Heap above 32GB virtual address.
# This output file may be truncated or incomplete.
#
#  Out of Memory Error (arena.cpp:150), pid=16796, tid=13244
#
# JRE version: Java(TM) SE Runtime Environment (22.0.1+8) (build 22.0.1+8-16)
# Java VM: Java HotSpot(TM) 64-Bit Server VM (22.0.1+8-16, mixed mode, sharing, tiered, compressed oops, compressed class ptrs, g1 gc, windows-amd64)
# No core dump will be written. Minidumps are not enabled by default on client versions of Windows
#

---------------  S U M M A R Y ------------

Command Line: -javaagent:C:\Users\LATITUDE\AppData\Local\Programs\IntelliJ IDEA Ultimate\lib\idea_rt.jar=57482:C:\Users\LATITUDE\AppData\Local\Programs\IntelliJ IDEA Ultimate\bin -Dfile.encoding=UTF-8 -Dsun.stdout.encoding=UTF-8 -Dsun.stderr.encoding=UTF-8 --module-path=C:\Users\LATITUDE\.m2\repository\org\openjfx\javafx-base\17.0.2\javafx-base-17.0.2-win.jar;C:\Users\LATITUDE\.m2\repository\org\openjfx\javafx-controls\17.0.2\javafx-controls-17.0.2-win.jar;C:\Users\LATITUDE\.m2\repository\com\google\code\gson\gson\2.10.1\gson-2.10.1.jar;C:\Users\LATITUDE\.m2\repository\org\openjfx\javafx-graphics\17.0.2\javafx-graphics-17.0.2-win.jar;C:\Users\LATITUDE\.m2\repository\org\openjfx\javafx-fxml\17.0.2\javafx-fxml-17.0.2-win.jar;C:\Users\LATITUDE\IdeaProjects\TP-Part04\target\classes -Djdk.module.main=transport transport/transport.Main

Host: Intel(R) Core(TM) i5-8350U CPU @ 1.70GHz, 8 cores, 15G,  Windows 11 , 64 bit Build 26100 (10.0.26100.3912)
Time: Thu May 15 17:02:25 2025 Afr. centrale Ouest elapsed time: 9.628757 seconds (0d 0h 0m 9s)

---------------  T H R E A D  ---------------

Current thread (0x0000024b4c32c490):  JavaThread "C2 CompilerThread0" daemon [_thread_in_native, id=13244, stack(0x0000009087c00000,0x0000009087d00000) (1024K)]


Current CompileTask:
C2:9628 2075       4       java.lang.invoke.MethodType::makeImpl (109 bytes)

Stack: [0x0000009087c00000,0x0000009087d00000]
Native frames: (J=compiled Java code, j=interpreted, Vv=VM code, C=native code)
V  [jvm.dll+0x6e2279]  (no source info available)
V  [jvm.dll+0x874e33]  (no source info available)
V  [jvm.dll+0x87725e]  (no source info available)
V  [jvm.dll+0x877933]  (no source info available)
V  [jvm.dll+0x27fd76]  (no source info available)
V  [jvm.dll+0xc3d0f]  (no source info available)
V  [jvm.dll+0xc3f6b]  (no source info available)
V  [jvm.dll+0x3bb10c]  (no source info available)
V  [jvm.dll+0x1df87e]  (no source info available)
V  [jvm.dll+0x247a5c]  (no source info available)
V  [jvm.dll+0x246fbf]  (no source info available)
V  [jvm.dll+0x1c4e90]  (no source info available)
V  [jvm.dll+0x2569fe]  (no source info available)
V  [jvm.dll+0x254cba]  (no source info available)
V  [jvm.dll+0x3f5336]  (no source info available)
V  [jvm.dll+0x81d44b]  (no source info available)
V  [jvm.dll+0x6e0915]  (no source info available)
C  [ucrtbase.dll+0x37b0]  (no source info available)
C  [KERNEL32.DLL+0x2e8d7]  (no source info available)
C  [ntdll.dll+0x9c5dc]  (no source info available)


---------------  P R O C E S S  ---------------

Threads class SMR info:
_java_thread_list=0x0000024b4c4c4090, length=23, elements={
0x0000024b2ade8210, 0x0000024b4bb7b2d0, 0x0000024b4bb7bf30, 0x0000024b4c3225e0,
0x0000024b4c3232c0, 0x0000024b4c3264d0, 0x0000024b4c327800, 0x0000024b4c32c490,
0x0000024b4c32d810, 0x0000024b4bb46640, 0x0000024b4ca01880, 0x0000024b4ca01ef0,
0x0000024b4cf1e8e0, 0x0000024b9272dca0, 0x0000024b92617a50, 0x0000024b4ce549b0,
0x0000024b925a5ca0, 0x0000024b929da680, 0x0000024b92803fb0, 0x0000024b928059f0,
0x0000024b92804640, 0x0000024b92805360, 0x0000024b92804cd0
}

Java Threads: ( => current thread )
  0x0000024b2ade8210 JavaThread "main"                              [_thread_blocked, id=21180, stack(0x0000009086e00000,0x0000009086f00000) (1024K)]
  0x0000024b4bb7b2d0 JavaThread "Reference Handler"          daemon [_thread_blocked, id=16228, stack(0x0000009087600000,0x0000009087700000) (1024K)]
  0x0000024b4bb7bf30 JavaThread "Finalizer"                  daemon [_thread_blocked, id=27040, stack(0x0000009087700000,0x0000009087800000) (1024K)]
  0x0000024b4c3225e0 JavaThread "Signal Dispatcher"          daemon [_thread_blocked, id=8196, stack(0x0000009087800000,0x0000009087900000) (1024K)]
  0x0000024b4c3232c0 JavaThread "Attach Listener"            daemon [_thread_blocked, id=5652, stack(0x0000009087900000,0x0000009087a00000) (1024K)]
  0x0000024b4c3264d0 JavaThread "Service Thread"             daemon [_thread_blocked, id=17144, stack(0x0000009087a00000,0x0000009087b00000) (1024K)]
  0x0000024b4c327800 JavaThread "Monitor Deflation Thread"   daemon [_thread_blocked, id=9380, stack(0x0000009087b00000,0x0000009087c00000) (1024K)]
=>0x0000024b4c32c490 JavaThread "C2 CompilerThread0"         daemon [_thread_in_native, id=13244, stack(0x0000009087c00000,0x0000009087d00000) (1024K)]
  0x0000024b4c32d810 JavaThread "C1 CompilerThread0"         daemon [_thread_blocked, id=8468, stack(0x0000009087d00000,0x0000009087e00000) (1024K)]
  0x0000024b4bb46640 JavaThread "Common-Cleaner"             daemon [_thread_blocked, id=15752, stack(0x0000009087e00000,0x0000009087f00000) (1024K)]
  0x0000024b4ca01880 JavaThread "Monitor Ctrl-Break"         daemon [_thread_in_native, id=11424, stack(0x0000009088100000,0x0000009088200000) (1024K)]
  0x0000024b4ca01ef0 JavaThread "Notification Thread"        daemon [_thread_blocked, id=17788, stack(0x0000009088200000,0x0000009088300000) (1024K)]
  0x0000024b4cf1e8e0 JavaThread "RMI TCP Accept-0"           daemon [_thread_in_native, id=9552, stack(0x0000009088300000,0x0000009088400000) (1024K)]
  0x0000024b9272dca0 JavaThread "RMI TCP Connection(1)-10.0.23.109" daemon [_thread_in_native, id=26400, stack(0x0000009088400000,0x0000009088500000) (1024K)]
  0x0000024b92617a50 JavaThread "QuantumRenderer-0"          daemon [_thread_blocked, id=16508, stack(0x0000009088500000,0x0000009088600000) (1024K)]
  0x0000024b4ce549b0 JavaThread "RMI Scheduler(0)"           daemon [_thread_blocked, id=8852, stack(0x0000009088d00000,0x0000009088e00000) (1024K)]
  0x0000024b925a5ca0 JavaThread "JMX server connection timeout 34" daemon [_thread_blocked, id=18960, stack(0x0000009088e00000,0x0000009088f00000) (1024K)]
  0x0000024b929da680 JavaThread "InvokeLaterDispatcher"      daemon [_thread_blocked, id=19404, stack(0x0000009088f00000,0x0000009089000000) (1024K)]
  0x0000024b92803fb0 JavaThread "JavaFX Application Thread"         [_thread_in_native, id=23196, stack(0x0000009089000000,0x0000009089100000) (1024K)]
  0x0000024b928059f0 JavaThread "JavaFX-Launcher"                   [_thread_blocked, id=11168, stack(0x0000009088000000,0x0000009088100000) (1024K)]
  0x0000024b92804640 JavaThread "Thread-2"                   daemon [_thread_in_native, id=23088, stack(0x0000009087f00000,0x0000009088000000) (1024K)]
  0x0000024b92805360 JavaThread "Prism Font Disposer"        daemon [_thread_blocked, id=20176, stack(0x0000009089800000,0x0000009089900000) (1024K)]
  0x0000024b92804cd0 JavaThread "Cleaner-0"                  daemon [_thread_blocked, id=14980, stack(0x0000009089900000,0x0000009089a00000) (1024K)]
Total: 23

Other Threads:
  0x0000024b4bb5d210 VMThread "VM Thread"                           [id=10192, stack(0x0000009087500000,0x0000009087600000) (1024K)]
  0x0000024b4bb45650 WatcherThread "VM Periodic Task Thread"        [id=20972, stack(0x0000009087400000,0x0000009087500000) (1024K)]
  0x0000024b2d1c5c60 WorkerThread "GC Thread#0"                     [id=17024, stack(0x0000009086f00000,0x0000009087000000) (1024K)]
  0x0000024b92613620 WorkerThread "GC Thread#1"                     [id=17520, stack(0x0000009088600000,0x0000009088700000) (1024K)]
  0x0000024b9261d180 WorkerThread "GC Thread#2"                     [id=26992, stack(0x0000009088700000,0x0000009088800000) (1024K)]
  0x0000024b925d9370 WorkerThread "GC Thread#3"                     [id=24080, stack(0x0000009088800000,0x0000009088900000) (1024K)]
  0x0000024b925d9720 WorkerThread "GC Thread#4"                     [id=13880, stack(0x0000009088900000,0x0000009088a00000) (1024K)]
  0x0000024b925d9ad0 WorkerThread "GC Thread#5"                     [id=11312, stack(0x0000009088a00000,0x0000009088b00000) (1024K)]
  0x0000024b92600a40 WorkerThread "GC Thread#6"                     [id=8624, stack(0x0000009088b00000,0x0000009088c00000) (1024K)]
  0x0000024b92600df0 WorkerThread "GC Thread#7"                     [id=23388, stack(0x0000009088c00000,0x0000009088d00000) (1024K)]
  0x0000024b2d1d7e20 ConcurrentGCThread "G1 Main Marker"            [id=10552, stack(0x0000009087000000,0x0000009087100000) (1024K)]
  0x0000024b2d1daf00 WorkerThread "G1 Conc#0"                       [id=23812, stack(0x0000009087100000,0x0000009087200000) (1024K)]
  0x0000024b4ba00470 ConcurrentGCThread "G1 Refine#0"               [id=8900, stack(0x0000009087200000,0x0000009087300000) (1024K)]
  0x0000024b4ba00da0 ConcurrentGCThread "G1 Service"                [id=6592, stack(0x0000009087300000,0x0000009087400000) (1024K)]
Total: 14

Threads with active compile tasks:
C2 CompilerThread0  9750 2075       4       java.lang.invoke.MethodType::makeImpl (109 bytes)
Total: 1

VM state: not at safepoint (normal execution)

VM Mutex/Monitor currently owned by a thread: None

Heap address: 0x0000000701e00000, size: 4066 MB, Compressed Oops mode: Zero based, Oop shift amount: 3

CDS archive(s) mapped at: [0x0000024b4d000000-0x0000024b4dc60000-0x0000024b4dc60000), size 12976128, SharedBaseAddress: 0x0000024b4d000000, ArchiveRelocationMode: 1.
Compressed class space mapped at: 0x0000024b4e000000-0x0000024b8e000000, reserved size: 1073741824
Narrow klass base: 0x0000024b4d000000, Narrow klass shift: 0, Narrow klass range: 0x41000000

GC Precious Log:
 CardTable entry size: 512
 Card Set container configuration: InlinePtr #cards 4 size 8 Array Of Cards #cards 16 size 48 Howl #buckets 8 coarsen threshold 3686 Howl Bitmap #cards 512 size 80 coarsen threshold 460 Card regions per heap region 1 cards per card region 4096
 CPUs: 8 total, 8 available
 Memory: 16263M
 Large Page Support: Disabled
 NUMA Support: Disabled
 Compressed Oops: Enabled (Zero based)
 Heap Region Size: 2M
 Heap Min Capacity: 8M
 Heap Initial Capacity: 256M
 Heap Max Capacity: 4066M
 Pre-touch: Disabled
 Parallel Workers: 8
 Concurrent Workers: 2
 Concurrent Refinement Workers: 8
 Periodic GC: Disabled

Heap:
 garbage-first heap   total reserved 4163584K, committed 262144K, used 21766K [0x0000000701e00000, 0x0000000800000000)
  region size 2048K, 10 young (20480K), 2 survivors (4096K)
 Metaspace       used 18892K, committed 19328K, reserved 1114112K
  class space    used 2610K, committed 2816K, reserved 1048576K

Heap Regions: E=young(eden), S=young(survivor), O=old, HS=humongous(starts), HC=humongous(continues), CS=collection set, F=free, TAMS=top-at-mark-start, PB=parsable bottom
|   0|0x0000000701e00000, 0x0000000702000000, 0x0000000702000000|100%| O|  |TAMS 0x0000000701e00000| PB 0x0000000701e00000| Untracked |  0
|   1|0x0000000702000000, 0x0000000702142f90, 0x0000000702200000| 63%| O|  |TAMS 0x0000000702000000| PB 0x0000000702000000| Untracked |  0
|   2|0x0000000702200000, 0x0000000702400000, 0x0000000702400000|100%|HS|  |TAMS 0x0000000702200000| PB 0x0000000702200000| Complete |  0
|   3|0x0000000702400000, 0x0000000702400000, 0x0000000702600000|  0%| F|  |TAMS 0x0000000702400000| PB 0x0000000702400000| Untracked |  0
|   4|0x0000000702600000, 0x0000000702600000, 0x0000000702800000|  0%| F|  |TAMS 0x0000000702600000| PB 0x0000000702600000| Untracked |  0
|   5|0x0000000702800000, 0x0000000702800000, 0x0000000702a00000|  0%| F|  |TAMS 0x0000000702800000| PB 0x0000000702800000| Untracked |  0
|   6|0x0000000702a00000, 0x0000000702a00000, 0x0000000702c00000|  0%| F|  |TAMS 0x0000000702a00000| PB 0x0000000702a00000| Untracked |  0
|   7|0x0000000702c00000, 0x0000000702c00000, 0x0000000702e00000|  0%| F|  |TAMS 0x0000000702c00000| PB 0x0000000702c00000| Untracked |  0
|   8|0x0000000702e00000, 0x0000000702e00000, 0x0000000703000000|  0%| F|  |TAMS 0x0000000702e00000| PB 0x0000000702e00000| Untracked |  0
|   9|0x0000000703000000, 0x0000000703000000, 0x0000000703200000|  0%| F|  |TAMS 0x0000000703000000| PB 0x0000000703000000| Untracked |  0
|  10|0x0000000703200000, 0x0000000703200000, 0x0000000703400000|  0%| F|  |TAMS 0x0000000703200000| PB 0x0000000703200000| Untracked |  0
|  11|0x0000000703400000, 0x0000000703400000, 0x0000000703600000|  0%| F|  |TAMS 0x0000000703400000| PB 0x0000000703400000| Untracked |  0
|  12|0x0000000703600000, 0x0000000703600000, 0x0000000703800000|  0%| F|  |TAMS 0x0000000703600000| PB 0x0000000703600000| Untracked |  0
|  13|0x0000000703800000, 0x0000000703800000, 0x0000000703a00000|  0%| F|  |TAMS 0x0000000703800000| PB 0x0000000703800000| Untracked |  0
|  14|0x0000000703a00000, 0x0000000703a00000, 0x0000000703c00000|  0%| F|  |TAMS 0x0000000703a00000| PB 0x0000000703a00000| Untracked |  0
|  15|0x0000000703c00000, 0x0000000703c00000, 0x0000000703e00000|  0%| F|  |TAMS 0x0000000703c00000| PB 0x0000000703c00000| Untracked |  0
|  16|0x0000000703e00000, 0x0000000703e00000, 0x0000000704000000|  0%| F|  |TAMS 0x0000000703e00000| PB 0x0000000703e00000| Untracked |  0
|  17|0x0000000704000000, 0x0000000704000000, 0x0000000704200000|  0%| F|  |TAMS 0x0000000704000000| PB 0x0000000704000000| Untracked |  0
|  18|0x0000000704200000, 0x0000000704200000, 0x0000000704400000|  0%| F|  |TAMS 0x0000000704200000| PB 0x0000000704200000| Untracked |  0
|  19|0x0000000704400000, 0x0000000704400000, 0x0000000704600000|  0%| F|  |TAMS 0x0000000704400000| PB 0x0000000704400000| Untracked |  0
|  20|0x0000000704600000, 0x0000000704600000, 0x0000000704800000|  0%| F|  |TAMS 0x0000000704600000| PB 0x0000000704600000| Untracked |  0
|  21|0x0000000704800000, 0x0000000704800000, 0x0000000704a00000|  0%| F|  |TAMS 0x0000000704800000| PB 0x0000000704800000| Untracked |  0
|  22|0x0000000704a00000, 0x0000000704a00000, 0x0000000704c00000|  0%| F|  |TAMS 0x0000000704a00000| PB 0x0000000704a00000| Untracked |  0
|  23|0x0000000704c00000, 0x0000000704c00000, 0x0000000704e00000|  0%| F|  |TAMS 0x0000000704c00000| PB 0x0000000704c00000| Untracked |  0
|  24|0x0000000704e00000, 0x0000000704e00000, 0x0000000705000000|  0%| F|  |TAMS 0x0000000704e00000| PB 0x0000000704e00000| Untracked |  0
|  25|0x0000000705000000, 0x0000000705000000, 0x0000000705200000|  0%| F|  |TAMS 0x0000000705000000| PB 0x0000000705000000| Untracked |  0
|  26|0x0000000705200000, 0x0000000705200000, 0x0000000705400000|  0%| F|  |TAMS 0x0000000705200000| PB 0x0000000705200000| Untracked |  0
|  27|0x0000000705400000, 0x0000000705400000, 0x0000000705600000|  0%| F|  |TAMS 0x0000000705400000| PB 0x0000000705400000| Untracked |  0
|  28|0x0000000705600000, 0x0000000705600000, 0x0000000705800000|  0%| F|  |TAMS 0x0000000705600000| PB 0x0000000705600000| Untracked |  0
|  29|0x0000000705800000, 0x0000000705800000, 0x0000000705a00000|  0%| F|  |TAMS 0x0000000705800000| PB 0x0000000705800000| Untracked |  0
|  30|0x0000000705a00000, 0x0000000705a00000, 0x0000000705c00000|  0%| F|  |TAMS 0x0000000705a00000| PB 0x0000000705a00000| Untracked |  0
|  31|0x0000000705c00000, 0x0000000705c00000, 0x0000000705e00000|  0%| F|  |TAMS 0x0000000705c00000| PB 0x0000000705c00000| Untracked |  0
|  32|0x0000000705e00000, 0x0000000705e00000, 0x0000000706000000|  0%| F|  |TAMS 0x0000000705e00000| PB 0x0000000705e00000| Untracked |  0
|  33|0x0000000706000000, 0x0000000706000000, 0x0000000706200000|  0%| F|  |TAMS 0x0000000706000000| PB 0x0000000706000000| Untracked |  0
|  34|0x0000000706200000, 0x0000000706200000, 0x0000000706400000|  0%| F|  |TAMS 0x0000000706200000| PB 0x0000000706200000| Untracked |  0
|  35|0x0000000706400000, 0x0000000706400000, 0x0000000706600000|  0%| F|  |TAMS 0x0000000706400000| PB 0x0000000706400000| Untracked |  0
|  36|0x0000000706600000, 0x0000000706600000, 0x0000000706800000|  0%| F|  |TAMS 0x0000000706600000| PB 0x0000000706600000| Untracked |  0
|  37|0x0000000706800000, 0x0000000706800000, 0x0000000706a00000|  0%| F|  |TAMS 0x0000000706800000| PB 0x0000000706800000| Untracked |  0
|  38|0x0000000706a00000, 0x0000000706a00000, 0x0000000706c00000|  0%| F|  |TAMS 0x0000000706a00000| PB 0x0000000706a00000| Untracked |  0
|  39|0x0000000706c00000, 0x0000000706c00000, 0x0000000706e00000|  0%| F|  |TAMS 0x0000000706c00000| PB 0x0000000706c00000| Untracked |  0
|  40|0x0000000706e00000, 0x0000000706e00000, 0x0000000707000000|  0%| F|  |TAMS 0x0000000706e00000| PB 0x0000000706e00000| Untracked |  0
|  41|0x0000000707000000, 0x0000000707000000, 0x0000000707200000|  0%| F|  |TAMS 0x0000000707000000| PB 0x0000000707000000| Untracked |  0
|  42|0x0000000707200000, 0x0000000707200000, 0x0000000707400000|  0%| F|  |TAMS 0x0000000707200000| PB 0x0000000707200000| Untracked |  0
|  43|0x0000000707400000, 0x0000000707400000, 0x0000000707600000|  0%| F|  |TAMS 0x0000000707400000| PB 0x0000000707400000| Untracked |  0
|  44|0x0000000707600000, 0x0000000707600000, 0x0000000707800000|  0%| F|  |TAMS 0x0000000707600000| PB 0x0000000707600000| Untracked |  0
|  45|0x0000000707800000, 0x0000000707800000, 0x0000000707a00000|  0%| F|  |TAMS 0x0000000707800000| PB 0x0000000707800000| Untracked |  0
|  46|0x0000000707a00000, 0x0000000707a00000, 0x0000000707c00000|  0%| F|  |TAMS 0x0000000707a00000| PB 0x0000000707a00000| Untracked |  0
|  47|0x0000000707c00000, 0x0000000707c00000, 0x0000000707e00000|  0%| F|  |TAMS 0x0000000707c00000| PB 0x0000000707c00000| Untracked |  0
|  48|0x0000000707e00000, 0x0000000707e00000, 0x0000000708000000|  0%| F|  |TAMS 0x0000000707e00000| PB 0x0000000707e00000| Untracked |  0
|  49|0x0000000708000000, 0x0000000708000000, 0x0000000708200000|  0%| F|  |TAMS 0x0000000708000000| PB 0x0000000708000000| Untracked |  0
|  50|0x0000000708200000, 0x0000000708200000, 0x0000000708400000|  0%| F|  |TAMS 0x0000000708200000| PB 0x0000000708200000| Untracked |  0
|  51|0x0000000708400000, 0x0000000708400000, 0x0000000708600000|  0%| F|  |TAMS 0x0000000708400000| PB 0x0000000708400000| Untracked |  0
|  52|0x0000000708600000, 0x0000000708600000, 0x0000000708800000|  0%| F|  |TAMS 0x0000000708600000| PB 0x0000000708600000| Untracked |  0
|  53|0x0000000708800000, 0x0000000708800000, 0x0000000708a00000|  0%| F|  |TAMS 0x0000000708800000| PB 0x0000000708800000| Untracked |  0
|  54|0x0000000708a00000, 0x0000000708a00000, 0x0000000708c00000|  0%| F|  |TAMS 0x0000000708a00000| PB 0x0000000708a00000| Untracked |  0
|  55|0x0000000708c00000, 0x0000000708c00000, 0x0000000708e00000|  0%| F|  |TAMS 0x0000000708c00000| PB 0x0000000708c00000| Untracked |  0
|  56|0x0000000708e00000, 0x0000000708e00000, 0x0000000709000000|  0%| F|  |TAMS 0x0000000708e00000| PB 0x0000000708e00000| Untracked |  0
|  57|0x0000000709000000, 0x0000000709000000, 0x0000000709200000|  0%| F|  |TAMS 0x0000000709000000| PB 0x0000000709000000| Untracked |  0
|  58|0x0000000709200000, 0x0000000709200000, 0x0000000709400000|  0%| F|  |TAMS 0x0000000709200000| PB 0x0000000709200000| Untracked |  0
|  59|0x0000000709400000, 0x0000000709400000, 0x0000000709600000|  0%| F|  |TAMS 0x0000000709400000| PB 0x0000000709400000| Untracked |  0
|  60|0x0000000709600000, 0x0000000709600000, 0x0000000709800000|  0%| F|  |TAMS 0x0000000709600000| PB 0x0000000709600000| Untracked |  0
|  61|0x0000000709800000, 0x0000000709800000, 0x0000000709a00000|  0%| F|  |TAMS 0x0000000709800000| PB 0x0000000709800000| Untracked |  0
|  62|0x0000000709a00000, 0x0000000709a00000, 0x0000000709c00000|  0%| F|  |TAMS 0x0000000709a00000| PB 0x0000000709a00000| Untracked |  0
|  63|0x0000000709c00000, 0x0000000709c00000, 0x0000000709e00000|  0%| F|  |TAMS 0x0000000709c00000| PB 0x0000000709c00000| Untracked |  0
|  64|0x0000000709e00000, 0x0000000709e00000, 0x000000070a000000|  0%| F|  |TAMS 0x0000000709e00000| PB 0x0000000709e00000| Untracked |  0
|  65|0x000000070a000000, 0x000000070a000000, 0x000000070a200000|  0%| F|  |TAMS 0x000000070a000000| PB 0x000000070a000000| Untracked |  0
|  66|0x000000070a200000, 0x000000070a200000, 0x000000070a400000|  0%| F|  |TAMS 0x000000070a200000| PB 0x000000070a200000| Untracked |  0
|  67|0x000000070a400000, 0x000000070a400000, 0x000000070a600000|  0%| F|  |TAMS 0x000000070a400000| PB 0x000000070a400000| Untracked |  0
|  68|0x000000070a600000, 0x000000070a600000, 0x000000070a800000|  0%| F|  |TAMS 0x000000070a600000| PB 0x000000070a600000| Untracked |  0
|  69|0x000000070a800000, 0x000000070a800000, 0x000000070aa00000|  0%| F|  |TAMS 0x000000070a800000| PB 0x000000070a800000| Untracked |  0
|  70|0x000000070aa00000, 0x000000070aa00000, 0x000000070ac00000|  0%| F|  |TAMS 0x000000070aa00000| PB 0x000000070aa00000| Untracked |  0
|  71|0x000000070ac00000, 0x000000070ac00000, 0x000000070ae00000|  0%| F|  |TAMS 0x000000070ac00000| PB 0x000000070ac00000| Untracked |  0
|  72|0x000000070ae00000, 0x000000070ae00000, 0x000000070b000000|  0%| F|  |TAMS 0x000000070ae00000| PB 0x000000070ae00000| Untracked |  0
|  73|0x000000070b000000, 0x000000070b000000, 0x000000070b200000|  0%| F|  |TAMS 0x000000070b000000| PB 0x000000070b000000| Untracked |  0
|  74|0x000000070b200000, 0x000000070b200000, 0x000000070b400000|  0%| F|  |TAMS 0x000000070b200000| PB 0x000000070b200000| Untracked |  0
|  75|0x000000070b400000, 0x000000070b400000, 0x000000070b600000|  0%| F|  |TAMS 0x000000070b400000| PB 0x000000070b400000| Untracked |  0
|  76|0x000000070b600000, 0x000000070b600000, 0x000000070b800000|  0%| F|  |TAMS 0x000000070b600000| PB 0x000000070b600000| Untracked |  0
|  77|0x000000070b800000, 0x000000070b800000, 0x000000070ba00000|  0%| F|  |TAMS 0x000000070b800000| PB 0x000000070b800000| Untracked |  0
|  78|0x000000070ba00000, 0x000000070ba00000, 0x000000070bc00000|  0%| F|  |TAMS 0x000000070ba00000| PB 0x000000070ba00000| Untracked |  0
|  79|0x000000070bc00000, 0x000000070bc00000, 0x000000070be00000|  0%| F|  |TAMS 0x000000070bc00000| PB 0x000000070bc00000| Untracked |  0
|  80|0x000000070be00000, 0x000000070be00000, 0x000000070c000000|  0%| F|  |TAMS 0x000000070be00000| PB 0x000000070be00000| Untracked |  0
|  81|0x000000070c000000, 0x000000070c000000, 0x000000070c200000|  0%| F|  |TAMS 0x000000070c000000| PB 0x000000070c000000| Untracked |  0
|  82|0x000000070c200000, 0x000000070c200000, 0x000000070c400000|  0%| F|  |TAMS 0x000000070c200000| PB 0x000000070c200000| Untracked |  0
|  83|0x000000070c400000, 0x000000070c400000, 0x000000070c600000|  0%| F|  |TAMS 0x000000070c400000| PB 0x000000070c400000| Untracked |  0
|  84|0x000000070c600000, 0x000000070c600000, 0x000000070c800000|  0%| F|  |TAMS 0x000000070c600000| PB 0x000000070c600000| Untracked |  0
|  85|0x000000070c800000, 0x000000070c800000, 0x000000070ca00000|  0%| F|  |TAMS 0x000000070c800000| PB 0x000000070c800000| Untracked |  0
|  86|0x000000070ca00000, 0x000000070ca00000, 0x000000070cc00000|  0%| F|  |TAMS 0x000000070ca00000| PB 0x000000070ca00000| Untracked |  0
|  87|0x000000070cc00000, 0x000000070cc00000, 0x000000070ce00000|  0%| F|  |TAMS 0x000000070cc00000| PB 0x000000070cc00000| Untracked |  0
|  88|0x000000070ce00000, 0x000000070ce00000, 0x000000070d000000|  0%| F|  |TAMS 0x000000070ce00000| PB 0x000000070ce00000| Untracked |  0
|  89|0x000000070d000000, 0x000000070d000000, 0x000000070d200000|  0%| F|  |TAMS 0x000000070d000000| PB 0x000000070d000000| Untracked |  0
|  90|0x000000070d200000, 0x000000070d200000, 0x000000070d400000|  0%| F|  |TAMS 0x000000070d200000| PB 0x000000070d200000| Untracked |  0
|  91|0x000000070d400000, 0x000000070d400000, 0x000000070d600000|  0%| F|  |TAMS 0x000000070d400000| PB 0x000000070d400000| Untracked |  0
|  92|0x000000070d600000, 0x000000070d600000, 0x000000070d800000|  0%| F|  |TAMS 0x000000070d600000| PB 0x000000070d600000| Untracked |  0
|  93|0x000000070d800000, 0x000000070d800000, 0x000000070da00000|  0%| F|  |TAMS 0x000000070d800000| PB 0x000000070d800000| Untracked |  0
|  94|0x000000070da00000, 0x000000070da00000, 0x000000070dc00000|  0%| F|  |TAMS 0x000000070da00000| PB 0x000000070da00000| Untracked |  0
|  95|0x000000070dc00000, 0x000000070dc00000, 0x000000070de00000|  0%| F|  |TAMS 0x000000070dc00000| PB 0x000000070dc00000| Untracked |  0
|  96|0x000000070de00000, 0x000000070de00000, 0x000000070e000000|  0%| F|  |TAMS 0x000000070de00000| PB 0x000000070de00000| Untracked |  0
|  97|0x000000070e000000, 0x000000070e000000, 0x000000070e200000|  0%| F|  |TAMS 0x000000070e000000| PB 0x000000070e000000| Untracked |  0
|  98|0x000000070e200000, 0x000000070e200000, 0x000000070e400000|  0%| F|  |TAMS 0x000000070e200000| PB 0x000000070e200000| Untracked |  0
|  99|0x000000070e400000, 0x000000070e400000, 0x000000070e600000|  0%| F|  |TAMS 0x000000070e400000| PB 0x000000070e400000| Untracked |  0
| 100|0x000000070e600000, 0x000000070e600000, 0x000000070e800000|  0%| F|  |TAMS 0x000000070e600000| PB 0x000000070e600000| Untracked |  0
| 101|0x000000070e800000, 0x000000070e800000, 0x000000070ea00000|  0%| F|  |TAMS 0x000000070e800000| PB 0x000000070e800000| Untracked |  0
| 102|0x000000070ea00000, 0x000000070ea00000, 0x000000070ec00000|  0%| F|  |TAMS 0x000000070ea00000| PB 0x000000070ea00000| Untracked |  0
| 103|0x000000070ec00000, 0x000000070ec00000, 0x000000070ee00000|  0%| F|  |TAMS 0x000000070ec00000| PB 0x000000070ec00000| Untracked |  0
| 104|0x000000070ee00000, 0x000000070ee00000, 0x000000070f000000|  0%| F|  |TAMS 0x000000070ee00000| PB 0x000000070ee00000| Untracked |  0
| 105|0x000000070f000000, 0x000000070f1feac0, 0x000000070f200000| 99%| S|CS|TAMS 0x000000070f000000| PB 0x000000070f000000| Complete |  0
| 106|0x000000070f200000, 0x000000070f400000, 0x000000070f400000|100%| S|CS|TAMS 0x000000070f200000| PB 0x000000070f200000| Complete |  0
| 107|0x000000070f400000, 0x000000070f400000, 0x000000070f600000|  0%| F|  |TAMS 0x000000070f400000| PB 0x000000070f400000| Untracked |  0
| 108|0x000000070f600000, 0x000000070f600000, 0x000000070f800000|  0%| F|  |TAMS 0x000000070f600000| PB 0x000000070f600000| Untracked |  0
| 109|0x000000070f800000, 0x000000070f800000, 0x000000070fa00000|  0%| F|  |TAMS 0x000000070f800000| PB 0x000000070f800000| Untracked |  0
| 110|0x000000070fa00000, 0x000000070fa00000, 0x000000070fc00000|  0%| F|  |TAMS 0x000000070fa00000| PB 0x000000070fa00000| Untracked |  0
| 111|0x000000070fc00000, 0x000000070fc00000, 0x000000070fe00000|  0%| F|  |TAMS 0x000000070fc00000| PB 0x000000070fc00000| Untracked |  0
| 112|0x000000070fe00000, 0x000000070fe00000, 0x0000000710000000|  0%| F|  |TAMS 0x000000070fe00000| PB 0x000000070fe00000| Untracked |  0
| 113|0x0000000710000000, 0x0000000710000000, 0x0000000710200000|  0%| F|  |TAMS 0x0000000710000000| PB 0x0000000710000000| Untracked |  0
| 114|0x0000000710200000, 0x0000000710200000, 0x0000000710400000|  0%| F|  |TAMS 0x0000000710200000| PB 0x0000000710200000| Untracked |  0
| 115|0x0000000710400000, 0x0000000710400000, 0x0000000710600000|  0%| F|  |TAMS 0x0000000710400000| PB 0x0000000710400000| Untracked |  0
| 116|0x0000000710600000, 0x0000000710600000, 0x0000000710800000|  0%| F|  |TAMS 0x0000000710600000| PB 0x0000000710600000| Untracked |  0
| 117|0x0000000710800000, 0x0000000710800000, 0x0000000710a00000|  0%| F|  |TAMS 0x0000000710800000| PB 0x0000000710800000| Untracked |  0
| 118|0x0000000710a00000, 0x0000000710a00000, 0x0000000710c00000|  0%| F|  |TAMS 0x0000000710a00000| PB 0x0000000710a00000| Untracked |  0
| 119|0x0000000710c00000, 0x0000000710c00000, 0x0000000710e00000|  0%| F|  |TAMS 0x0000000710c00000| PB 0x0000000710c00000| Untracked |  0
| 120|0x0000000710e00000, 0x0000000710ec70e8, 0x0000000711000000| 38%| E|  |TAMS 0x0000000710e00000| PB 0x0000000710e00000| Complete |  0
| 121|0x0000000711000000, 0x0000000711200000, 0x0000000711200000|100%| E|CS|TAMS 0x0000000711000000| PB 0x0000000711000000| Complete |  0
| 122|0x0000000711200000, 0x0000000711400000, 0x0000000711400000|100%| E|  |TAMS 0x0000000711200000| PB 0x0000000711200000| Complete |  0
| 123|0x0000000711400000, 0x0000000711600000, 0x0000000711600000|100%| E|CS|TAMS 0x0000000711400000| PB 0x0000000711400000| Complete |  0
| 124|0x0000000711600000, 0x0000000711800000, 0x0000000711800000|100%| E|CS|TAMS 0x0000000711600000| PB 0x0000000711600000| Complete |  0
| 125|0x0000000711800000, 0x0000000711a00000, 0x0000000711a00000|100%| E|CS|TAMS 0x0000000711800000| PB 0x0000000711800000| Complete |  0
| 126|0x0000000711a00000, 0x0000000711c00000, 0x0000000711c00000|100%| E|CS|TAMS 0x0000000711a00000| PB 0x0000000711a00000| Complete |  0
| 127|0x0000000711c00000, 0x0000000711e00000, 0x0000000711e00000|100%| E|CS|TAMS 0x0000000711c00000| PB 0x0000000711c00000| Complete |  0

Card table byte_map: [0x0000024b44fd0000,0x0000024b457d0000] _byte_map_base: 0x0000024b417c1000

Marking Bits: (CMBitMap*) 0x0000024b2d1c6370
 Bits: [0x0000024b457d0000, 0x0000024b49758000)

Polling page: 0x0000024b2c840000

Metaspace:

Usage:
  Non-class:     15.90 MB used.
      Class:      2.55 MB used.
       Both:     18.45 MB used.

Virtual space:
  Non-class space:       64.00 MB reserved,      16.12 MB ( 25%) committed,  1 nodes.
      Class space:        1.00 GB reserved,       2.75 MB ( <1%) committed,  1 nodes.
             Both:        1.06 GB reserved,      18.88 MB (  2%) committed. 

Chunk freelists:
   Non-Class:  15.27 MB
       Class:  13.25 MB
        Both:  28.51 MB

MaxMetaspaceSize: unlimited
CompressedClassSpaceSize: 1.00 GB
Initial GC threshold: 21.00 MB
Current GC threshold: 21.00 MB
CDS: on
 - commit_granule_bytes: 65536.
 - commit_granule_words: 8192.
 - virtual_space_node_default_size: 8388608.
 - enlarge_chunks_in_place: 1.
 - use_allocation_guard: 0.


Internal statistics:

num_allocs_failed_limit: 0.
num_arena_births: 484.
num_arena_deaths: 0.
num_vsnodes_births: 2.
num_vsnodes_deaths: 0.
num_space_committed: 302.
num_space_uncommitted: 0.
num_chunks_returned_to_freelist: 0.
num_chunks_taken_from_freelist: 977.
num_chunk_merges: 0.
num_chunk_splits: 646.
num_chunks_enlarged: 427.
num_inconsistent_stats: 0.

CodeHeap 'non-profiled nmethods': size=120000Kb used=940Kb max_used=940Kb free=119059Kb
 bounds [0x0000024b3cf70000, 0x0000024b3d1e0000, 0x0000024b444a0000]
CodeHeap 'profiled nmethods': size=120000Kb used=4143Kb max_used=4143Kb free=115856Kb
 bounds [0x0000024b354a0000, 0x0000024b358b0000, 0x0000024b3c9d0000]
CodeHeap 'non-nmethods': size=5760Kb used=1839Kb max_used=1864Kb free=3920Kb
 bounds [0x0000024b3c9d0000, 0x0000024b3cc40000, 0x0000024b3cf70000]
 total_blobs=3187 nmethods=2341 adapters=750
 compilation: enabled
              stopped_count=0, restarted_count=0
 full_count=0

Compilation events (20 events):
Event: 8.572 Thread 0x0000024b4c32d810 2332       1       com.sun.prism.impl.BaseTexture::getContentWidth (5 bytes)
Event: 8.572 Thread 0x0000024b4c32d810 nmethod 2332 0x0000024b3d059b90 code [0x0000024b3d059d20, 0x0000024b3d059de8]
Event: 8.572 Thread 0x0000024b4c32d810 2333       3       com.sun.javafx.font.CompositeStrike::getStrikeSlot (165 bytes)
Event: 8.573 Thread 0x0000024b4c32d810 nmethod 2333 0x0000024b358a7d10 code [0x0000024b358a7fc0, 0x0000024b358a9058]
Event: 8.573 Thread 0x0000024b4c32d810 2334       3       com.sun.javafx.geom.transform.AffineBase::transform (301 bytes)
Event: 8.574 Thread 0x0000024b4c32d810 nmethod 2334 0x0000024b358a9510 code [0x0000024b358a9780, 0x0000024b358aa2b8]
Event: 8.574 Thread 0x0000024b4c32d810 2336       3       com.sun.javafx.text.TextRun::getGlyphCode (46 bytes)
Event: 8.575 Thread 0x0000024b4c32d810 nmethod 2336 0x0000024b358aa690 code [0x0000024b358aa840, 0x0000024b358aaaa0]
Event: 8.575 Thread 0x0000024b4c32d810 2335       3       com.sun.javafx.geom.transform.GeneralTransform3D::get (34 bytes)
Event: 8.575 Thread 0x0000024b4c32d810 nmethod 2335 0x0000024b358aac10 code [0x0000024b358aada0, 0x0000024b358aaef0]
Event: 8.575 Thread 0x0000024b4c32d810 2337       1       com.sun.prism.impl.BaseGraphics::getTransformNoClone (5 bytes)
Event: 8.575 Thread 0x0000024b4c32d810 nmethod 2337 0x0000024b3d059e90 code [0x0000024b3d05a020, 0x0000024b3d05a0f0]
Event: 8.576 Thread 0x0000024b4c32d810 2338       3       com.sun.marlin.Renderer::copyAARow (100 bytes)
Event: 8.576 Thread 0x0000024b4c32d810 nmethod 2338 0x0000024b358ab010 code [0x0000024b358ab1e0, 0x0000024b358ab4e0]
Event: 8.577 Thread 0x0000024b4c32d810 2339       1       com.sun.prism.impl.BaseTexture::getContentHeight (5 bytes)
Event: 8.577 Thread 0x0000024b4c32d810 nmethod 2339 0x0000024b3d05a190 code [0x0000024b3d05a320, 0x0000024b3d05a3e8]
Event: 8.577 Thread 0x0000024b4c32d810 2340       1       com.sun.prism.impl.BaseTexture::getWrapMode (5 bytes)
Event: 8.577 Thread 0x0000024b4c32d810 nmethod 2340 0x0000024b3d05a490 code [0x0000024b3d05a620, 0x0000024b3d05a6f0]
Event: 8.577 Thread 0x0000024b4c32d810 2341       1       com.sun.prism.impl.BaseGraphics::getRenderTarget (5 bytes)
Event: 8.577 Thread 0x0000024b4c32d810 nmethod 2341 0x0000024b3d05a790 code [0x0000024b3d05a920, 0x0000024b3d05a9f0]

GC Heap History (4 events):
Event: 0.867 GC heap before
{Heap before GC invocations=0 (full 0):
 garbage-first heap   total reserved 4163584K, committed 262144K, used 22528K [0x0000000701e00000, 0x0000000800000000)
  region size 2048K, 12 young (24576K), 0 survivors (0K)
 Metaspace       used 7119K, committed 7360K, reserved 1114112K
  class space    used 813K, committed 960K, reserved 1048576K
}
Event: 0.874 GC heap after
{Heap after GC invocations=1 (full 0):
 garbage-first heap   total reserved 4163584K, committed 262144K, used 3539K [0x0000000701e00000, 0x0000000800000000)
  region size 2048K, 2 young (4096K), 2 survivors (4096K)
 Metaspace       used 7119K, committed 7360K, reserved 1114112K
  class space    used 813K, committed 960K, reserved 1048576K
}
Event: 1.928 GC heap before
{Heap before GC invocations=1 (full 0):
 garbage-first heap   total reserved 4163584K, committed 262144K, used 40403K [0x0000000701e00000, 0x0000000800000000)
  region size 2048K, 21 young (43008K), 2 survivors (4096K)
 Metaspace       used 16085K, committed 16512K, reserved 1114112K
  class space    used 2174K, committed 2368K, reserved 1048576K
}
Event: 1.936 GC heap after
{Heap after GC invocations=2 (full 0):
 garbage-first heap   total reserved 4163584K, committed 262144K, used 7430K [0x0000000701e00000, 0x0000000800000000)
  region size 2048K, 2 young (4096K), 2 survivors (4096K)
 Metaspace       used 16085K, committed 16512K, reserved 1114112K
  class space    used 2174K, committed 2368K, reserved 1048576K
}

Dll operation events (20 events):
Event: 0.647 Loaded shared library C:\Users\LATITUDE\.openjfx\cache\17.0.2-ea\api-ms-win-crt-environment-l1-1-0.dll
Event: 0.654 Loaded shared library C:\Users\LATITUDE\.openjfx\cache\17.0.2-ea\api-ms-win-crt-filesystem-l1-1-0.dll
Event: 0.660 Loaded shared library C:\Users\LATITUDE\.openjfx\cache\17.0.2-ea\api-ms-win-crt-heap-l1-1-0.dll
Event: 0.669 Loaded shared library C:\Users\LATITUDE\.openjfx\cache\17.0.2-ea\api-ms-win-crt-locale-l1-1-0.dll
Event: 0.678 Loaded shared library C:\Users\LATITUDE\.openjfx\cache\17.0.2-ea\api-ms-win-crt-math-l1-1-0.dll
Event: 0.684 Loaded shared library C:\Users\LATITUDE\.openjfx\cache\17.0.2-ea\api-ms-win-crt-multibyte-l1-1-0.dll
Event: 0.699 Loaded shared library C:\Users\LATITUDE\.openjfx\cache\17.0.2-ea\api-ms-win-crt-private-l1-1-0.dll
Event: 0.709 Loaded shared library C:\Users\LATITUDE\.openjfx\cache\17.0.2-ea\api-ms-win-crt-process-l1-1-0.dll
Event: 0.715 Loaded shared library C:\Users\LATITUDE\.openjfx\cache\17.0.2-ea\api-ms-win-crt-runtime-l1-1-0.dll
Event: 0.725 Loaded shared library C:\Users\LATITUDE\.openjfx\cache\17.0.2-ea\api-ms-win-crt-stdio-l1-1-0.dll
Event: 0.732 Loaded shared library C:\Users\LATITUDE\.openjfx\cache\17.0.2-ea\api-ms-win-crt-string-l1-1-0.dll
Event: 0.743 Loaded shared library C:\Users\LATITUDE\.openjfx\cache\17.0.2-ea\api-ms-win-crt-time-l1-1-0.dll
Event: 0.751 Loaded shared library C:\Users\LATITUDE\.openjfx\cache\17.0.2-ea\api-ms-win-crt-utility-l1-1-0.dll
Event: 0.777 Loaded shared library C:\Users\LATITUDE\.openjfx\cache\17.0.2-ea\ucrtbase.dll
Event: 0.784 Loaded shared library C:\Users\LATITUDE\.openjfx\cache\17.0.2-ea\vcruntime140.dll
Event: 0.792 Loaded shared library C:\Users\LATITUDE\.openjfx\cache\17.0.2-ea\vcruntime140_1.dll
Event: 0.809 Loaded shared library C:\Users\LATITUDE\.openjfx\cache\17.0.2-ea\msvcp140.dll
Event: 0.896 Loaded shared library C:\Users\LATITUDE\.openjfx\cache\17.0.2-ea\prism_d3d.dll
Event: 0.968 Loaded shared library C:\Users\LATITUDE\.openjfx\cache\17.0.2-ea\glass.dll
Event: 1.432 Loaded shared library C:\Users\LATITUDE\.openjfx\cache\17.0.2-ea\javafx_font.dll

Deoptimization events (20 events):
Event: 2.377 Thread 0x0000024b92617a50 Uncommon trap: trap_request=0xffffffde fr.pc=0x0000024b3d01a874 relative=0x00000000000004f4
Event: 2.377 Thread 0x0000024b92617a50 Uncommon trap: reason=class_check action=maybe_recompile pc=0x0000024b3d01a874 method=java.io.BufferedInputStream.read1([BII)I @ 52 c2
Event: 2.377 Thread 0x0000024b92617a50 DEOPT PACKING pc=0x0000024b3d01a874 sp=0x00000090885fde20
Event: 2.377 Thread 0x0000024b92617a50 DEOPT UNPACKING pc=0x0000024b3ca246a2 sp=0x00000090885fddd8 mode 2
Event: 2.395 Thread 0x0000024b92617a50 Uncommon trap: trap_request=0xffffffde fr.pc=0x0000024b3d01a874 relative=0x00000000000004f4
Event: 2.395 Thread 0x0000024b92617a50 Uncommon trap: reason=class_check action=maybe_recompile pc=0x0000024b3d01a874 method=java.io.BufferedInputStream.read1([BII)I @ 52 c2
Event: 2.395 Thread 0x0000024b92617a50 DEOPT PACKING pc=0x0000024b3d01a874 sp=0x00000090885fdb30
Event: 2.395 Thread 0x0000024b92617a50 DEOPT UNPACKING pc=0x0000024b3ca246a2 sp=0x00000090885fdae8 mode 2
Event: 2.414 Thread 0x0000024b92617a50 Uncommon trap: trap_request=0xffffffde fr.pc=0x0000024b3d01a874 relative=0x00000000000004f4
Event: 2.414 Thread 0x0000024b92617a50 Uncommon trap: reason=class_check action=maybe_recompile pc=0x0000024b3d01a874 method=java.io.BufferedInputStream.read1([BII)I @ 52 c2
Event: 2.414 Thread 0x0000024b92617a50 DEOPT PACKING pc=0x0000024b3d01a874 sp=0x00000090885fd990
Event: 2.414 Thread 0x0000024b92617a50 DEOPT UNPACKING pc=0x0000024b3ca246a2 sp=0x00000090885fd948 mode 2
Event: 2.426 Thread 0x0000024b92617a50 Uncommon trap: trap_request=0xffffffde fr.pc=0x0000024b3d01a874 relative=0x00000000000004f4
Event: 2.426 Thread 0x0000024b92617a50 Uncommon trap: reason=class_check action=maybe_recompile pc=0x0000024b3d01a874 method=java.io.BufferedInputStream.read1([BII)I @ 52 c2
Event: 2.426 Thread 0x0000024b92617a50 DEOPT PACKING pc=0x0000024b3d01a874 sp=0x00000090885fda60
Event: 2.426 Thread 0x0000024b92617a50 DEOPT UNPACKING pc=0x0000024b3ca246a2 sp=0x00000090885fda18 mode 2
Event: 5.472 Thread 0x0000024b92617a50 Uncommon trap: trap_request=0xffffff45 fr.pc=0x0000024b3d0118e4 relative=0x0000000000002344
Event: 5.472 Thread 0x0000024b92617a50 Uncommon trap: reason=unstable_if action=reinterpret pc=0x0000024b3d0118e4 method=jdk.internal.org.objectweb.asm.Frame.execute(IILjdk/internal/org/objectweb/asm/Symbol;Ljdk/internal/org/objectweb/asm/SymbolTable;)V @ 1 c2
Event: 5.472 Thread 0x0000024b92617a50 DEOPT PACKING pc=0x0000024b3d0118e4 sp=0x00000090885fba20
Event: 5.472 Thread 0x0000024b92617a50 DEOPT UNPACKING pc=0x0000024b3ca246a2 sp=0x00000090885fb9a8 mode 2

Classes loaded (20 events):
Event: 2.394 Loading class java/nio/DirectFloatBufferU
Event: 2.394 Loading class java/nio/DirectFloatBufferU done
Event: 2.396 Loading class java/lang/FdLibm$Atan2
Event: 2.396 Loading class java/lang/FdLibm$Atan2 done
Event: 2.396 Loading class java/lang/FdLibm
Event: 2.396 Loading class java/lang/FdLibm done
Event: 5.464 Loading class java/util/concurrent/ConcurrentLinkedQueue
Event: 5.465 Loading class java/util/concurrent/ConcurrentLinkedQueue done
Event: 5.465 Loading class java/util/concurrent/ConcurrentLinkedQueue$Node
Event: 5.465 Loading class java/util/concurrent/ConcurrentLinkedQueue$Node done
Event: 5.469 Loading class jdk/internal/ref/CleanerImpl$InnocuousThreadFactory
Event: 5.469 Loading class jdk/internal/ref/CleanerImpl$InnocuousThreadFactory done
Event: 5.476 Loading class sun/misc/Unsafe
Event: 5.476 Loading class sun/misc/Unsafe done
Event: 8.544 Loading class javax/management/openmbean/CompositeDataSupport
Event: 8.544 Loading class javax/management/openmbean/CompositeDataSupport done
Event: 8.546 Loading class javax/management/openmbean/OpenDataException
Event: 8.546 Loading class javax/management/openmbean/OpenDataException done
Event: 8.552 Loading class java/io/ObjectStreamException
Event: 8.552 Loading class java/io/ObjectStreamException done

Classes unloaded (0 events):
No events

Classes redefined (0 events):
No events

Internal exceptions (20 events):
Event: 1.352 Thread 0x0000024b92803fb0 Exception <a 'java/lang/NoSuchMethodError'{0x0000000710c95350}: 'java.lang.Object java.lang.invoke.DelegatingMethodHandle$Holder.reinvoke_L(java.lang.Object, double, double, double, double)'> (0x0000000710c95350) 
thrown [s\open\src\hotspot\share\interpreter\linkResolver.cpp, line 774]
Event: 1.354 Thread 0x0000024b92803fb0 Exception <a 'java/lang/NoSuchMethodError'{0x0000000710ca0350}: 'java.lang.Object java.lang.invoke.DirectMethodHandle$Holder.invokeStatic(java.lang.Object, java.lang.Object, int)'> (0x0000000710ca0350) 
thrown [s\open\src\hotspot\share\interpreter\linkResolver.cpp, line 774]
Event: 1.355 Thread 0x0000024b92803fb0 Exception <a 'java/lang/NoSuchMethodError'{0x0000000710ca4810}: 'void java.lang.invoke.DirectMethodHandle$Holder.invokeStatic(java.lang.Object, java.lang.Object, int, java.lang.Object)'> (0x0000000710ca4810) 
thrown [s\open\src\hotspot\share\interpreter\linkResolver.cpp, line 774]
Event: 1.356 Thread 0x0000024b92803fb0 Exception <a 'java/lang/NoSuchMethodError'{0x0000000710cab340}: 'void java.lang.invoke.DelegatingMethodHandle$Holder.delegate(java.lang.Object, java.lang.Object, int, java.lang.Object)'> (0x0000000710cab340) 
thrown [s\open\src\hotspot\share\interpreter\linkResolver.cpp, line 774]
Event: 1.387 Thread 0x0000024b92803fb0 Exception <a 'java/lang/ClassNotFoundException'{0x0000000710d815c8}: com/sun/glass/ui/win/themes> (0x0000000710d815c8) 
thrown [s\open\src\hotspot\share\prims\jni.cpp, line 539]
Event: 1.390 Thread 0x0000024b92803fb0 Exception <a 'java/lang/ClassNotFoundException'{0x0000000710d8cca0}: com/sun/glass/ui/win/themes_fr> (0x0000000710d8cca0) 
thrown [s\open\src\hotspot\share\prims\jni.cpp, line 539]
Event: 1.391 Thread 0x0000024b92803fb0 Exception <a 'java/lang/ClassNotFoundException'{0x0000000710d90b38}: com/sun/glass/ui/win/themes_fr_FR> (0x0000000710d90b38) 
thrown [s\open\src\hotspot\share\prims\jni.cpp, line 539]
Event: 1.550 Thread 0x0000024b92803fb0 Exception <a 'java/lang/NoSuchMethodError'{0x000000071000f1d0}: 'void java.lang.invoke.DirectMethodHandle$Holder.invokeSpecial(java.lang.Object, java.lang.Object, double)'> (0x000000071000f1d0) 
thrown [s\open\src\hotspot\share\interpreter\linkResolver.cpp, line 774]
Event: 1.552 Thread 0x0000024b92803fb0 Exception <a 'java/lang/NoSuchMethodError'{0x00000007100161f8}: 'void java.lang.invoke.DelegatingMethodHandle$Holder.reinvoke_L(java.lang.Object, java.lang.Object, double)'> (0x00000007100161f8) 
thrown [s\open\src\hotspot\share\interpreter\linkResolver.cpp, line 774]
Event: 1.554 Thread 0x0000024b92803fb0 Exception <a 'java/lang/NoSuchMethodError'{0x0000000710023d88}: 'void java.lang.invoke.DirectMethodHandle$Holder.invokeSpecial(java.lang.Object, java.lang.Object, int)'> (0x0000000710023d88) 
thrown [s\open\src\hotspot\share\interpreter\linkResolver.cpp, line 774]
Event: 1.555 Thread 0x0000024b92803fb0 Exception <a 'java/lang/NoSuchMethodError'{0x0000000710027bd8}: 'int java.lang.invoke.DirectMethodHandle$Holder.invokeSpecial(java.lang.Object, java.lang.Object, java.lang.Object, int)'> (0x0000000710027bd8) 
thrown [s\open\src\hotspot\share\interpreter\linkResolver.cpp, line 774]
Event: 1.556 Thread 0x0000024b92803fb0 Exception <a 'java/lang/NoSuchMethodError'{0x000000071002ead8}: 'void java.lang.invoke.DelegatingMethodHandle$Holder.reinvoke_L(java.lang.Object, java.lang.Object, int)'> (0x000000071002ead8) 
thrown [s\open\src\hotspot\share\interpreter\linkResolver.cpp, line 774]
Event: 1.851 Thread 0x0000024b92803fb0 Exception <a 'java/lang/ClassNotFoundException'{0x000000070f4c9e68}: com/sun/javafx/scene/control/skin/resources/controls> (0x000000070f4c9e68) 
thrown [s\open\src\hotspot\share\prims\jni.cpp, line 539]
Event: 1.853 Thread 0x0000024b92803fb0 Exception <a 'java/lang/ClassNotFoundException'{0x000000070f4d7e68}: com/sun/javafx/scene/control/skin/resources/controls_fr> (0x000000070f4d7e68) 
thrown [s\open\src\hotspot\share\prims\jni.cpp, line 539]
Event: 1.853 Thread 0x0000024b92803fb0 Exception <a 'java/lang/ClassNotFoundException'{0x000000070f4e59b8}: com/sun/javafx/scene/control/skin/resources/controls_fr_FR> (0x000000070f4e59b8) 
thrown [s\open\src\hotspot\share\prims\jni.cpp, line 539]
Event: 2.135 Thread 0x0000024b92803fb0 Exception <a 'java/lang/IncompatibleClassChangeError'{0x00000007116ef058}: Found class java.lang.Object, but interface was expected> (0x00000007116ef058) 
thrown [s\open\src\hotspot\share\interpreter\linkResolver.cpp, line 841]
Event: 2.237 Thread 0x0000024b92803fb0 Exception <a 'java/lang/NoSuchMethodError'{0x0000000711497520}: 'int java.lang.invoke.DirectMethodHandle$Holder.invokeSpecial(java.lang.Object, java.lang.Object, int)'> (0x0000000711497520) 
thrown [s\open\src\hotspot\share\interpreter\linkResolver.cpp, line 774]
Event: 2.290 Thread 0x0000024b92803fb0 Exception <a 'java/lang/NoSuchMethodError'{0x000000071157d8c8}: 'java.lang.Object java.lang.invoke.DirectMethodHandle$Holder.newInvokeSpecial(java.lang.Object, java.lang.Object, int)'> (0x000000071157d8c8) 
thrown [s\open\src\hotspot\share\interpreter\linkResolver.cpp, line 774]
Event: 8.541 Thread 0x0000024b9272dca0 Exception <a 'java/lang/NoSuchMethodError'{0x00000007111ec338}: 'long java.lang.invoke.DirectMethodHandle$Holder.invokeVirtual(java.lang.Object, java.lang.Object)'> (0x00000007111ec338) 
thrown [s\open\src\hotspot\share\interpreter\linkResolver.cpp, line 774]
Event: 8.542 Thread 0x0000024b9272dca0 Exception <a 'java/lang/NoSuchMethodError'{0x00000007111ef918}: 'long java.lang.invoke.DelegatingMethodHandle$Holder.reinvoke_L(java.lang.Object, java.lang.Object)'> (0x00000007111ef918) 
thrown [s\open\src\hotspot\share\interpreter\linkResolver.cpp, line 774]

ZGC Phase Switch (0 events):
No events

VM Operations (20 events):
Event: 0.731 Executing VM operation: HandshakeAllThreads (Deoptimize)
Event: 0.731 Executing VM operation: HandshakeAllThreads (Deoptimize) done
Event: 0.867 Executing VM operation: G1CollectForAllocation (G1 Evacuation Pause)
Event: 0.874 Executing VM operation: G1CollectForAllocation (G1 Evacuation Pause) done
Event: 0.906 Executing VM operation: HandshakeAllThreads (Deoptimize)
Event: 0.907 Executing VM operation: HandshakeAllThreads (Deoptimize) done
Event: 0.955 Executing VM operation: HandshakeAllThreads (Deoptimize)
Event: 0.955 Executing VM operation: HandshakeAllThreads (Deoptimize) done
Event: 1.438 Executing VM operation: HandshakeAllThreads (Deoptimize)
Event: 1.438 Executing VM operation: HandshakeAllThreads (Deoptimize) done
Event: 1.672 Executing VM operation: ICBufferFull
Event: 1.672 Executing VM operation: ICBufferFull done
Event: 1.928 Executing VM operation: G1CollectForAllocation (G1 Evacuation Pause)
Event: 1.936 Executing VM operation: G1CollectForAllocation (G1 Evacuation Pause) done
Event: 2.936 Executing VM operation: Cleanup
Event: 3.449 Executing VM operation: Cleanup done
Event: 6.451 Executing VM operation: Cleanup
Event: 6.451 Executing VM operation: Cleanup done
Event: 8.452 Executing VM operation: Cleanup
Event: 8.535 Executing VM operation: Cleanup done

Events (20 events):
Event: 0.106 Thread 0x0000024b4bb46640 Thread added: 0x0000024b4bb46640
Event: 0.157 Thread 0x0000024b4c4c3ea0 Thread added: 0x0000024b4c4c3ea0
Event: 0.159 Thread 0x0000024b4c550e30 Thread added: 0x0000024b4c550e30
Event: 0.300 Thread 0x0000024b4ca01880 Thread added: 0x0000024b4ca01880
Event: 0.301 Thread 0x0000024b4ca01ef0 Thread added: 0x0000024b4ca01ef0
Event: 0.817 Thread 0x0000024b4cf1e8e0 Thread added: 0x0000024b4cf1e8e0
Event: 0.843 Thread 0x0000024b9272dca0 Thread added: 0x0000024b9272dca0
Event: 0.866 Thread 0x0000024b92617a50 Thread added: 0x0000024b92617a50
Event: 0.887 Thread 0x0000024b4ce549b0 Thread added: 0x0000024b4ce549b0
Event: 0.903 Thread 0x0000024b925a5ca0 Thread added: 0x0000024b925a5ca0
Event: 0.972 Thread 0x0000024b929da680 Thread added: 0x0000024b929da680
Event: 0.977 Thread 0x0000024b92803fb0 Thread added: 0x0000024b92803fb0
Event: 1.054 Thread 0x0000024b4c550e30 Thread exited: 0x0000024b4c550e30
Event: 1.057 Thread 0x0000024b4c4c3ea0 Thread exited: 0x0000024b4c4c3ea0
Event: 1.108 Thread 0x0000024b928059f0 Thread added: 0x0000024b928059f0
Event: 1.109 Thread 0x0000024b92804640 Thread added: 0x0000024b92804640
Event: 1.456 Thread 0x0000024b4ce80370 Thread added: 0x0000024b4ce80370
Event: 2.124 Thread 0x0000024b92805360 Thread added: 0x0000024b92805360
Event: 5.469 Thread 0x0000024b92804cd0 Thread added: 0x0000024b92804cd0
Event: 8.535 Thread 0x0000024b4ce80370 Thread exited: 0x0000024b4ce80370


Dynamic libraries:
0x00007ff602f60000 - 0x00007ff602f70000 	C:\Program Files\Java\jdk-22\bin\java.exe
0x00007ffd750c0000 - 0x00007ffd75326000 	C:\WINDOWS\SYSTEM32\ntdll.dll
0x00007ffd740a0000 - 0x00007ffd74169000 	C:\WINDOWS\System32\KERNEL32.DLL
0x00007ffd727c0000 - 0x00007ffd72b8c000 	C:\WINDOWS\System32\KERNELBASE.dll
0x00007ffd72370000 - 0x00007ffd724bb000 	C:\WINDOWS\System32\ucrtbase.dll
0x00007ffd4fcc0000 - 0x00007ffd4fcd7000 	C:\Program Files\Java\jdk-22\bin\jli.dll
0x00007ffd3b5a0000 - 0x00007ffd3b5bb000 	C:\Program Files\Java\jdk-22\bin\VCRUNTIME140.dll
0x00007ffd73a40000 - 0x00007ffd73af2000 	C:\WINDOWS\System32\ADVAPI32.dll
0x00007ffd742f0000 - 0x00007ffd74399000 	C:\WINDOWS\System32\msvcrt.dll
0x00007ffd74fa0000 - 0x00007ffd75046000 	C:\WINDOWS\System32\sechost.dll
0x00007ffd741d0000 - 0x00007ffd742e6000 	C:\WINDOWS\System32\RPCRT4.dll
0x00007ffd73e80000 - 0x00007ffd7404a000 	C:\WINDOWS\System32\USER32.dll
0x00007ffd5dc60000 - 0x00007ffd5defa000 	C:\WINDOWS\WinSxS\amd64_microsoft.windows.common-controls_6595b64144ccf1df_6.0.26100.3912_none_3e07963ce335137e\COMCTL32.dll
0x00007ffd72790000 - 0x00007ffd727b7000 	C:\WINDOWS\System32\win32u.dll
0x00007ffd73b00000 - 0x00007ffd73b2b000 	C:\WINDOWS\System32\GDI32.dll
0x00007ffd72b90000 - 0x00007ffd72cc2000 	C:\WINDOWS\System32\gdi32full.dll
0x00007ffd724c0000 - 0x00007ffd72563000 	C:\WINDOWS\System32\msvcp_win.dll
0x00007ffd61c60000 - 0x00007ffd61c6b000 	C:\WINDOWS\SYSTEM32\VERSION.dll
0x00007ffd74050000 - 0x00007ffd74080000 	C:\WINDOWS\System32\IMM32.DLL
0x00007ffd69ac0000 - 0x00007ffd69acc000 	C:\Program Files\Java\jdk-22\bin\vcruntime140_1.dll
0x00007ffd285f0000 - 0x00007ffd2867e000 	C:\Program Files\Java\jdk-22\bin\msvcp140.dll
0x00007ffd0eb40000 - 0x00007ffd0f887000 	C:\Program Files\Java\jdk-22\bin\server\jvm.dll
0x00007ffd73c30000 - 0x00007ffd73ca4000 	C:\WINDOWS\System32\WS2_32.dll
0x00007ffd72090000 - 0x00007ffd720ee000 	C:\WINDOWS\SYSTEM32\POWRPROF.dll
0x00007ffd5e4a0000 - 0x00007ffd5e4d6000 	C:\WINDOWS\SYSTEM32\WINMM.dll
0x00007ffd72070000 - 0x00007ffd72084000 	C:\WINDOWS\SYSTEM32\UMPDC.dll
0x00007ffd70fa0000 - 0x00007ffd70fba000 	C:\WINDOWS\SYSTEM32\kernel.appcore.dll
0x00007ffd69ab0000 - 0x00007ffd69aba000 	C:\Program Files\Java\jdk-22\bin\jimage.dll
0x00007ffd6fa90000 - 0x00007ffd6fcd1000 	C:\WINDOWS\SYSTEM32\DBGHELP.DLL
0x00007ffd74c10000 - 0x00007ffd74f94000 	C:\WINDOWS\System32\combase.dll
0x00007ffd74930000 - 0x00007ffd74a10000 	C:\WINDOWS\System32\OLEAUT32.dll
0x00007ffd5a550000 - 0x00007ffd5a589000 	C:\WINDOWS\SYSTEM32\dbgcore.DLL
0x00007ffd726f0000 - 0x00007ffd72789000 	C:\WINDOWS\System32\bcryptPrimitives.dll
0x00007ffd4ffd0000 - 0x00007ffd4ffdf000 	C:\Program Files\Java\jdk-22\bin\instrument.dll
0x00007ffd5c470000 - 0x00007ffd5c48e000 	C:\Program Files\Java\jdk-22\bin\java.dll
0x00007ffd731d0000 - 0x00007ffd738fd000 	C:\WINDOWS\System32\SHELL32.dll
0x00007ffd72cd0000 - 0x00007ffd72e44000 	C:\WINDOWS\System32\wintypes.dll
0x00007ffd73cb0000 - 0x00007ffd73e4f000 	C:\WINDOWS\System32\ole32.dll
0x00007ffd6fe70000 - 0x00007ffd706c6000 	C:\WINDOWS\SYSTEM32\windows.storage.dll
0x00007ffd730b0000 - 0x00007ffd7319f000 	C:\WINDOWS\System32\SHCORE.dll
0x00007ffd748c0000 - 0x00007ffd74929000 	C:\WINDOWS\System32\shlwapi.dll
0x00007ffd72130000 - 0x00007ffd7215f000 	C:\WINDOWS\SYSTEM32\profapi.dll
0x00007ffd17cf0000 - 0x00007ffd17dc7000 	C:\Program Files\Java\jdk-22\bin\jsvml.dll
0x00007ffd5f6f0000 - 0x00007ffd5f700000 	C:\Program Files\Java\jdk-22\bin\net.dll
0x00007ffd714f0000 - 0x00007ffd7155a000 	C:\WINDOWS\system32\mswsock.dll
0x00007ffd50190000 - 0x00007ffd501a6000 	C:\Program Files\Java\jdk-22\bin\nio.dll
0x00007ffd3b580000 - 0x00007ffd3b597000 	C:\Program Files\Java\jdk-22\bin\zip.dll
0x00007ffd3b560000 - 0x00007ffd3b57a000 	C:\Users\LATITUDE\AppData\Local\Programs\IntelliJ IDEA Ultimate\bin\breakgen64.dll
0x00007ffd70ab0000 - 0x00007ffd70bd7000 	C:\WINDOWS\SYSTEM32\DNSAPI.dll
0x00007ffd709c0000 - 0x00007ffd709f3000 	C:\WINDOWS\SYSTEM32\IPHLPAPI.DLL
0x00007ffd74090000 - 0x00007ffd7409a000 	C:\WINDOWS\System32\NSI.dll
0x00007ffd61760000 - 0x00007ffd6176b000 	C:\Windows\System32\rasadhlp.dll
0x00007ffd670d0000 - 0x00007ffd67156000 	C:\WINDOWS\System32\fwpuclnt.dll
0x00007ffd4f0a0000 - 0x00007ffd4f0aa000 	C:\Program Files\Java\jdk-22\bin\management.dll
0x00007ffd4e200000 - 0x00007ffd4e20b000 	C:\Program Files\Java\jdk-22\bin\management_ext.dll
0x00007ffd73e60000 - 0x00007ffd73e68000 	C:\WINDOWS\System32\PSAPI.DLL
0x0000024b2d060000 - 0x0000024b2d063000 	C:\Users\LATITUDE\.openjfx\cache\17.0.2-ea\api-ms-win-core-console-l1-1-0.dll
0x0000024b2d070000 - 0x0000024b2d073000 	C:\Users\LATITUDE\.openjfx\cache\17.0.2-ea\api-ms-win-core-console-l1-2-0.dll
0x0000024b2d080000 - 0x0000024b2d083000 	C:\Users\LATITUDE\.openjfx\cache\17.0.2-ea\api-ms-win-core-datetime-l1-1-0.dll
0x0000024b2d090000 - 0x0000024b2d093000 	C:\Users\LATITUDE\.openjfx\cache\17.0.2-ea\api-ms-win-core-debug-l1-1-0.dll
0x0000024b2d0a0000 - 0x0000024b2d0a3000 	C:\Users\LATITUDE\.openjfx\cache\17.0.2-ea\api-ms-win-core-errorhandling-l1-1-0.dll
0x0000024b2d0b0000 - 0x0000024b2d0b4000 	C:\Users\LATITUDE\.openjfx\cache\17.0.2-ea\api-ms-win-core-file-l1-1-0.dll
0x0000024b2d0c0000 - 0x0000024b2d0c3000 	C:\Users\LATITUDE\.openjfx\cache\17.0.2-ea\api-ms-win-core-file-l1-2-0.dll
0x0000024b2d0d0000 - 0x0000024b2d0d3000 	C:\Users\LATITUDE\.openjfx\cache\17.0.2-ea\api-ms-win-core-file-l2-1-0.dll
0x0000024b2d0e0000 - 0x0000024b2d0e3000 	C:\Users\LATITUDE\.openjfx\cache\17.0.2-ea\api-ms-win-core-handle-l1-1-0.dll
0x0000024b2d0f0000 - 0x0000024b2d0f3000 	C:\Users\LATITUDE\.openjfx\cache\17.0.2-ea\api-ms-win-core-heap-l1-1-0.dll
0x0000024b2d100000 - 0x0000024b2d103000 	C:\Users\LATITUDE\.openjfx\cache\17.0.2-ea\api-ms-win-core-interlocked-l1-1-0.dll
0x0000024b2d110000 - 0x0000024b2d113000 	C:\Users\LATITUDE\.openjfx\cache\17.0.2-ea\api-ms-win-core-libraryloader-l1-1-0.dll
0x0000024b4cf20000 - 0x0000024b4cf23000 	C:\Users\LATITUDE\.openjfx\cache\17.0.2-ea\api-ms-win-core-localization-l1-2-0.dll
0x0000024b4cf30000 - 0x0000024b4cf33000 	C:\Users\LATITUDE\.openjfx\cache\17.0.2-ea\api-ms-win-core-memory-l1-1-0.dll
0x0000024b4cf40000 - 0x0000024b4cf43000 	C:\Users\LATITUDE\.openjfx\cache\17.0.2-ea\api-ms-win-core-namedpipe-l1-1-0.dll
0x0000024b4cf50000 - 0x0000024b4cf53000 	C:\Users\LATITUDE\.openjfx\cache\17.0.2-ea\api-ms-win-core-processenvironment-l1-1-0.dll
0x0000024b4cf60000 - 0x0000024b4cf63000 	C:\Users\LATITUDE\.openjfx\cache\17.0.2-ea\api-ms-win-core-processthreads-l1-1-0.dll
0x0000024b4cf70000 - 0x0000024b4cf73000 	C:\Users\LATITUDE\.openjfx\cache\17.0.2-ea\api-ms-win-core-processthreads-l1-1-1.dll
0x0000024b4cf80000 - 0x0000024b4cf83000 	C:\Users\LATITUDE\.openjfx\cache\17.0.2-ea\api-ms-win-core-profile-l1-1-0.dll
0x0000024b4cf90000 - 0x0000024b4cf93000 	C:\Users\LATITUDE\.openjfx\cache\17.0.2-ea\api-ms-win-core-rtlsupport-l1-1-0.dll
0x0000024b4cfa0000 - 0x0000024b4cfa3000 	C:\Users\LATITUDE\.openjfx\cache\17.0.2-ea\api-ms-win-core-string-l1-1-0.dll
0x0000024b4cfb0000 - 0x0000024b4cfb3000 	C:\Users\LATITUDE\.openjfx\cache\17.0.2-ea\api-ms-win-core-synch-l1-1-0.dll
0x0000024b4cfc0000 - 0x0000024b4cfc3000 	C:\Users\LATITUDE\.openjfx\cache\17.0.2-ea\api-ms-win-core-synch-l1-2-0.dll
0x0000024b4cfd0000 - 0x0000024b4cfd3000 	C:\Users\LATITUDE\.openjfx\cache\17.0.2-ea\api-ms-win-core-sysinfo-l1-1-0.dll
0x0000024b4cfe0000 - 0x0000024b4cfe3000 	C:\Users\LATITUDE\.openjfx\cache\17.0.2-ea\api-ms-win-core-timezone-l1-1-0.dll
0x0000024b4cff0000 - 0x0000024b4cff3000 	C:\Users\LATITUDE\.openjfx\cache\17.0.2-ea\api-ms-win-core-util-l1-1-0.dll
0x0000024b93310000 - 0x0000024b93313000 	C:\Users\LATITUDE\.openjfx\cache\17.0.2-ea\api-ms-win-crt-conio-l1-1-0.dll
0x0000024b93320000 - 0x0000024b93324000 	C:\Users\LATITUDE\.openjfx\cache\17.0.2-ea\api-ms-win-crt-convert-l1-1-0.dll
0x0000024b93330000 - 0x0000024b93333000 	C:\Users\LATITUDE\.openjfx\cache\17.0.2-ea\api-ms-win-crt-environment-l1-1-0.dll
0x0000024b93340000 - 0x0000024b93343000 	C:\Users\LATITUDE\.openjfx\cache\17.0.2-ea\api-ms-win-crt-filesystem-l1-1-0.dll
0x0000024b93350000 - 0x0000024b93353000 	C:\Users\LATITUDE\.openjfx\cache\17.0.2-ea\api-ms-win-crt-heap-l1-1-0.dll
0x0000024b93360000 - 0x0000024b93363000 	C:\Users\LATITUDE\.openjfx\cache\17.0.2-ea\api-ms-win-crt-locale-l1-1-0.dll
0x0000024b93370000 - 0x0000024b93375000 	C:\Users\LATITUDE\.openjfx\cache\17.0.2-ea\api-ms-win-crt-math-l1-1-0.dll
0x0000024b93380000 - 0x0000024b93385000 	C:\Users\LATITUDE\.openjfx\cache\17.0.2-ea\api-ms-win-crt-multibyte-l1-1-0.dll
0x0000024b93390000 - 0x0000024b933a0000 	C:\Users\LATITUDE\.openjfx\cache\17.0.2-ea\api-ms-win-crt-private-l1-1-0.dll
0x0000024b933a0000 - 0x0000024b933a3000 	C:\Users\LATITUDE\.openjfx\cache\17.0.2-ea\api-ms-win-crt-process-l1-1-0.dll
0x0000024b933b0000 - 0x0000024b933b4000 	C:\Users\LATITUDE\.openjfx\cache\17.0.2-ea\api-ms-win-crt-runtime-l1-1-0.dll
0x0000024b933c0000 - 0x0000024b933c4000 	C:\Users\LATITUDE\.openjfx\cache\17.0.2-ea\api-ms-win-crt-stdio-l1-1-0.dll
0x0000024b933d0000 - 0x0000024b933d4000 	C:\Users\LATITUDE\.openjfx\cache\17.0.2-ea\api-ms-win-crt-string-l1-1-0.dll
0x0000024b933e0000 - 0x0000024b933e3000 	C:\Users\LATITUDE\.openjfx\cache\17.0.2-ea\api-ms-win-crt-time-l1-1-0.dll
0x00007ffd718b0000 - 0x00007ffd718cc000 	C:\WINDOWS\SYSTEM32\CRYPTSP.dll
0x0000024b933f0000 - 0x0000024b933f3000 	C:\Users\LATITUDE\.openjfx\cache\17.0.2-ea\api-ms-win-crt-utility-l1-1-0.dll
0x00007ffd70f00000 - 0x00007ffd70f3a000 	C:\WINDOWS\system32\rsaenh.dll
0x00007ffd71590000 - 0x00007ffd715bb000 	C:\WINDOWS\SYSTEM32\USERENV.dll
0x00007ffd72100000 - 0x00007ffd72126000 	C:\WINDOWS\SYSTEM32\bcrypt.dll
0x00007ffd71720000 - 0x00007ffd7172c000 	C:\WINDOWS\SYSTEM32\CRYPTBASE.dll
0x00007ffd11850000 - 0x00007ffd1194c000 	C:\Users\LATITUDE\.openjfx\cache\17.0.2-ea\ucrtbase.dll
0x00007ffd3b540000 - 0x00007ffd3b55a000 	C:\Users\LATITUDE\.openjfx\cache\17.0.2-ea\vcruntime140.dll
0x00007ffd52410000 - 0x00007ffd52428000 	C:\WINDOWS\system32\napinsp.dll
0x00007ffd522c0000 - 0x00007ffd522d2000 	C:\WINDOWS\System32\winrnr.dll
0x00007ffd523d0000 - 0x00007ffd52400000 	C:\WINDOWS\system32\nlansp_c.dll
0x00007ffd523b0000 - 0x00007ffd523c6000 	C:\WINDOWS\system32\wshbth.dll
0x00007ffd4c0f0000 - 0x00007ffd4c0fc000 	C:\Users\LATITUDE\.openjfx\cache\17.0.2-ea\vcruntime140_1.dll
0x00007ffd14b40000 - 0x00007ffd14bcd000 	C:\Users\LATITUDE\.openjfx\cache\17.0.2-ea\msvcp140.dll
0x00007ffd3b510000 - 0x00007ffd3b53a000 	C:\Users\LATITUDE\.openjfx\cache\17.0.2-ea\prism_d3d.dll
0x00007ffd2d210000 - 0x00007ffd2d3c5000 	C:\WINDOWS\system32\d3d9.dll
0x00007ffd6f310000 - 0x00007ffd6f346000 	C:\WINDOWS\SYSTEM32\dwmapi.dll
0x00007ffd6f160000 - 0x00007ffd6f1a7000 	C:\WINDOWS\SYSTEM32\dxcore.dll
0x00007ffd6ef80000 - 0x00007ffd6f02f000 	C:\WINDOWS\system32\uxtheme.dll
0x00007ffd2d060000 - 0x00007ffd2d20d000 	C:\WINDOWS\System32\DriverStore\FileRepository\iigd_dch.inf_amd64_9437e46374342218\igdumdim64.dll
0x00007ffd18890000 - 0x00007ffd1b933000 	C:\WINDOWS\System32\DriverStore\FileRepository\iigd_dch.inf_amd64_9437e46374342218\igd9dxva64.dll
0x00007ffd74430000 - 0x00007ffd748b6000 	C:\WINDOWS\System32\SETUPAPI.dll
0x00007ffd71d40000 - 0x00007ffd71d97000 	C:\WINDOWS\SYSTEM32\cfgmgr32.dll
0x00007ffd665a0000 - 0x00007ffd669a9000 	C:\WINDOWS\System32\DriverStore\FileRepository\iigd_dch.inf_amd64_9437e46374342218\igdgmm64.dll
0x00007ffd6f0d0000 - 0x00007ffd6f130000 	C:\WINDOWS\SYSTEM32\directxdatabasehelper.dll
0x00007ffd2f4e0000 - 0x00007ffd2f522000 	C:\Users\LATITUDE\.openjfx\cache\17.0.2-ea\glass.dll
0x00007ffd73b30000 - 0x00007ffd73c24000 	C:\WINDOWS\System32\COMDLG32.dll
0x00007ffd74aa0000 - 0x00007ffd74bff000 	C:\WINDOWS\System32\MSCTF.dll
0x00007ffd69af0000 - 0x00007ffd69b17000 	C:\WINDOWS\System32\DriverStore\FileRepository\iigd_dch.inf_amd64_9437e46374342218\igdinfo64.dll
0x00007ffd62b00000 - 0x00007ffd66296000 	C:\WINDOWS\System32\DriverStore\FileRepository\iigd_dch.inf_amd64_9437e46374342218\igc64.dll
0x00007ffd3b4f0000 - 0x00007ffd3b504000 	C:\Users\LATITUDE\.openjfx\cache\17.0.2-ea\javafx_font.dll
0x00007ffd6a680000 - 0x00007ffd6a8e9000 	C:\WINDOWS\SYSTEM32\dwrite.dll

dbghelp: loaded successfully - version: 4.0.5 - missing functions: none
symbol engine: initialized successfully - sym options: 0x614 - pdb path: .;C:\Program Files\Java\jdk-22\bin;C:\WINDOWS\SYSTEM32;C:\WINDOWS\WinSxS\amd64_microsoft.windows.common-controls_6595b64144ccf1df_6.0.26100.3912_none_3e07963ce335137e;C:\Program Files\Java\jdk-22\bin\server;C:\Users\LATITUDE\AppData\Local\Programs\IntelliJ IDEA Ultimate\bin;C:\Users\LATITUDE\.openjfx\cache\17.0.2-ea;C:\WINDOWS\System32\DriverStore\FileRepository\iigd_dch.inf_amd64_9437e46374342218;C:\Program Files\Common Files\Microsoft Shared\Ink

VM Arguments:
jvm_args: -javaagent:C:\Users\LATITUDE\AppData\Local\Programs\IntelliJ IDEA Ultimate\lib\idea_rt.jar=57482:C:\Users\LATITUDE\AppData\Local\Programs\IntelliJ IDEA Ultimate\bin -Dfile.encoding=UTF-8 -Dsun.stdout.encoding=UTF-8 -Dsun.stderr.encoding=UTF-8 --module-path=C:\Users\LATITUDE\.m2\repository\org\openjfx\javafx-base\17.0.2\javafx-base-17.0.2-win.jar;C:\Users\LATITUDE\.m2\repository\org\openjfx\javafx-controls\17.0.2\javafx-controls-17.0.2-win.jar;C:\Users\LATITUDE\.m2\repository\com\google\code\gson\gson\2.10.1\gson-2.10.1.jar;C:\Users\LATITUDE\.m2\repository\org\openjfx\javafx-graphics\17.0.2\javafx-graphics-17.0.2-win.jar;C:\Users\LATITUDE\.m2\repository\org\openjfx\javafx-fxml\17.0.2\javafx-fxml-17.0.2-win.jar;C:\Users\LATITUDE\IdeaProjects\TP-Part04\target\classes -Djdk.module.main=transport 
java_command: transport/transport.Main
java_class_path (initial): C:\Users\LATITUDE\.m2\repository\org\openjfx\javafx-controls\17.0.2\javafx-controls-17.0.2.jar;C:\Users\LATITUDE\.m2\repository\org\openjfx\javafx-graphics\17.0.2\javafx-graphics-17.0.2.jar;C:\Users\LATITUDE\.m2\repository\org\openjfx\javafx-base\17.0.2\javafx-base-17.0.2.jar;C:\Users\LATITUDE\.m2\repository\org\openjfx\javafx-fxml\17.0.2\javafx-fxml-17.0.2.jar
Launcher Type: SUN_STANDARD

[Global flags]
     intx CICompilerCount                          = 4                                         {product} {ergonomic}
     uint ConcGCThreads                            = 2                                         {product} {ergonomic}
     uint G1ConcRefinementThreads                  = 8                                         {product} {ergonomic}
   size_t G1HeapRegionSize                         = 2097152                                   {product} {ergonomic}
   size_t InitialHeapSize                          = 268435456                                 {product} {ergonomic}
   size_t MarkStackSize                            = 4194304                                   {product} {ergonomic}
   size_t MaxHeapSize                              = 4263510016                                {product} {ergonomic}
   size_t MaxNewSize                               = 2556428288                                {product} {ergonomic}
   size_t MinHeapDeltaBytes                        = 2097152                                   {product} {ergonomic}
   size_t MinHeapSize                              = 8388608                                   {product} {ergonomic}
    uintx NonNMethodCodeHeapSize                   = 5839372                                {pd product} {ergonomic}
    uintx NonProfiledCodeHeapSize                  = 122909434                              {pd product} {ergonomic}
    uintx ProfiledCodeHeapSize                     = 122909434                              {pd product} {ergonomic}
    uintx ReservedCodeCacheSize                    = 251658240                              {pd product} {ergonomic}
     bool SegmentedCodeCache                       = true                                      {product} {ergonomic}
   size_t SoftMaxHeapSize                          = 4263510016                             {manageable} {ergonomic}
     bool UseCompressedOops                        = true                           {product lp64_product} {ergonomic}
     bool UseG1GC                                  = true                                      {product} {ergonomic}
     bool UseLargePagesIndividualAllocation        = false                                  {pd product} {ergonomic}

Logging:
Log output configuration:
 #0: stdout all=warning uptime,level,tags foldmultilines=false
 #1: stderr all=off uptime,level,tags foldmultilines=false

Environment Variables:
PATH=C:\Program Files (x86)\NVIDIA Corporation\PhysX\Common;C:\Users\LATITUDE\AppData\Local\Programs\Python\Python313\python.exe;C:\Program Files\Common Files\Oracle\Java\javapath;C:\Program Files (x86)\Common Files\Oracle\Java\java8path;C:\Program Files (x86)\Common Files\Oracle\Java\javapath;C:\WINDOWS\system32;C:\WINDOWS;C:\WINDOWS\System32\Wbem;C:\WINDOWS\System32\WindowsPowerShell\v1.0\;C:\WINDOWS\System32\OpenSSH\;C:\Program Files (x86)\dotnet\;C:\Program Files\PuTTY\;C:\msys64\mingw64\bin\gcc.exe;C:\Android\scrcpy-win64-v2.4;C:\Program Files\Graphviz\bin;C:\Program Files\Java\jdk-22\bin;C:\laragon\bin\ngrok;C:\Users\LATITUDE\AppData\Roaming\nvm;C:\Program Files\nodejs;C:\Program Files\Git\cmd;C:\Users\LATITUDE\AppData\Local\Programs\CLion\bin;C:\Users\LATITUDE\AppData\Local\Programs\Microsoft VS Code\bin;C:\Users\LATITUDE\AppData\Local\Programs\oh-my-posh\bin;C:\Users\LATITUDE\AppData\Local\Programs\WebStorm\bin;C:\Program Files\c3c\c3-windows-Release;C:\msys64\ucrt64\lib\emscripten;C:\Program Files\Microsoft SQL Server\150\Tools\Binn\;C:\Program Files\Neovim\bin;C:\Users\LATITUDE\.cargo\bin\cargo.exe;C:\Users\LATITUDE\.cargo\bin;C:\Users\LATITUDE\AppData\Local\pnpm;C:\Users\LATITUDE\AppData\Local\Programs\Python\Python313\Scripts\;C:\Users\LATITUDE\AppData\Local\Programs\Python\Python313\;C:\Users\LATITUDE\AppData\Local\Programs\Python\Launcher\;C:\Program Files\Common Files\Oracle\Java\javapath;C:\Program Files (x86)\Common Files\Oracle\Java\java8path;C:\Program Files (x86)\Common Files\Oracle\Java\javapath;C:\WINDOWS\system32;C:\WINDOWS;C:\WINDOWS\System32\Wbem;C:\WINDOWS\System32\WindowsPowerShell\v1.0\;C:\WINDOWS\System32\OpenSSH\;C:\Program Files (x86)\dotnet\;C:\Program Files\PuTTY\;C:\msys64\mingw64\bin;C:\FPC\3.2.2\bin\i386-Win32;C:\msys64\mingw64\bin\gcc.exe;C:\Android\scrcpy-win64-v2.4;C:\Program Files\Graphviz\bin;C:\Program Files\Java\jdk-22\bin;C:\laragon\bin\ngrok;C:\Users\LATITUDE\AppData\Roaming\nvm;C:\Program Files\nodejs;C:\Program Files\Git\cmd;C:\Users\LATITUDE\AppData\Local\Programs\CLion\bin;C:\Users\LATITUDE\AppData\Local\Programs\Microsoft VS Code\bin;;C:\Users\LATITUDE\AppData\Local\spicetify;C:\Users\LATITUDE\AppData\Local\Microsoft\WindowsApps;C:\Users\LATITUDE\.dotnet\tools
USERNAME=LATITUDE
OS=Windows_NT
PROCESSOR_IDENTIFIER=Intel64 Family 6 Model 142 Stepping 10, GenuineIntel
TMP=C:\Users\LATITUDE\AppData\Local\Temp
TEMP=C:\Users\LATITUDE\AppData\Local\Temp




Periodic native trim disabled

---------------  S Y S T E M  ---------------

OS:
 Windows 11 , 64 bit Build 26100 (10.0.26100.3912)
OS uptime: 13 days 21:20 hours
Hyper-V role detected

CPU: total 8 (initial active 8) (4 cores per cpu, 2 threads per core) family 6 model 142 stepping 10 microcode 0xe0, cx8, cmov, fxsr, ht, mmx, 3dnowpref, sse, sse2, sse3, ssse3, sse4.1, sse4.2, popcnt, lzcnt, tsc, tscinvbit, avx, avx2, aes, erms, clmul, bmi1, bmi2, rtm, adx, fma, vzeroupper, clflush, clflushopt, hv, rdtscp, f16c
Processor Information for all 8 processors :
  Max Mhz: 1896, Current Mhz: 1696, Mhz Limit: 1687

Memory: 4k page, system-wide physical 16263M (1743M free)
TotalPageFile size 21263M (AvailPageFile size 15M)
current process WorkingSet (physical memory assigned to process): 194M, peak: 196M
current process commit charge ("private bytes"): 433M, peak: 436M

vm_info: Java HotSpot(TM) 64-Bit Server VM (22.0.1+8-16) for windows-amd64 JRE (22.0.1+8-16), built on 2024-03-12T10:33:16Z by "mach5one" with MS VC++ 17.6 (VS2022)

END.
