#
# There is insufficient memory for the Java Runtime Environment to continue.
# Native memory allocation (malloc) failed to allocate 1165664 bytes. Error detail: Chunk::new
# Possible reasons:
#   The system is out of physical RAM or swap space
#   This process is running with CompressedOops enabled, and the Java Heap may be blocking the growth of the native heap
# Possible solutions:
#   Reduce memory load on the system
#   Increase physical memory or swap space
#   Check if swap backing store is full
#   Decrease Java heap size (-Xmx/-Xms)
#   Decrease number of Java threads
#   Decrease Java thread stack sizes (-Xss)
#   Set larger code cache with -XX:ReservedCodeCacheSize=
#   JVM is running with Zero Based Compressed Oops mode in which the Java heap is
#     placed in the first 32GB address space. The Java Heap base address is the
#     maximum limit for the native heap growth. Please use -XX:HeapBaseMinAddress
#     to set the Java Heap base and to place the Java Heap above 32GB virtual address.
# This output file may be truncated or incomplete.
#
#  Out of Memory Error (arena.cpp:150), pid=21948, tid=24336
#
# JRE version: Java(TM) SE Runtime Environment (22.0.1+8) (build 22.0.1+8-16)
# Java VM: Java HotSpot(TM) 64-Bit Server VM (22.0.1+8-16, mixed mode, sharing, tiered, compressed oops, compressed class ptrs, g1 gc, windows-amd64)
# No core dump will be written. Minidumps are not enabled by default on client versions of Windows
#

---------------  S U M M A R Y ------------

Command Line: -agentlib:jdwp=transport=dt_socket,address=127.0.0.1:64708,suspend=y,server=n -agentpath:C:\Users\LATITUDE\AppData\Local\Temp\idea_libasyncProfiler_dll_temp_folder\libasyncProfiler.dll=version,jfr,event=wall,interval=10ms,cstack=no,file=C:\Users\LATITUDE\IdeaSnapshots\ESIRUN_2025_05_16_004202.jfr,dbghelppath=C:\Users\LATITUDE\AppData\Local\Temp\idea_dbghelp_dll_temp_folder\dbghelp.dll,log=C:\Users\LATITUDE\AppData\Local\Temp\ESIRUN_2025_05_16_004202.jfr.log.txt,logLevel=DEBUG -javaagent:C:\Users\LATITUDE\AppData\Local\JetBrains\IntelliJIdea2024.3\captureAgent\debugger-agent.jar -Dkotlinx.coroutines.debug.enable.creation.stack.trace=false -Ddebugger.agent.enable.coroutines=true -Dkotlinx.coroutines.debug.enable.flows.stack.trace=true -Dkotlinx.coroutines.debug.enable.mutable.state.flows.stack.trace=true -Dfile.encoding=UTF-8 -Dsun.stdout.encoding=UTF-8 -Dsun.stderr.encoding=UTF-8 --module-path=C:\Users\LATITUDE\.m2\repository\org\openjfx\javafx-base\17.0.2\javafx-base-17.0.2-win.jar;C:\Users\LATITUDE\IdeaProjects\TP-Part04\target\classes;C:\Users\LATITUDE\.m2\repository\com\google\code\gson\gson\2.10.1\gson-2.10.1.jar;C:\Users\LATITUDE\.m2\repository\org\openjfx\javafx-fxml\17.0.2\javafx-fxml-17.0.2-win.jar;C:\Users\LATITUDE\.m2\repository\org\openjfx\javafx-controls\17.0.2\javafx-controls-17.0.2-win.jar;C:\Users\LATITUDE\.m2\repository\org\openjfx\javafx-graphics\17.0.2\javafx-graphics-17.0.2-win.jar -Djdk.module.main=transport transport/transport.Main

Host: Intel(R) Core(TM) i5-8350U CPU @ 1.70GHz, 8 cores, 15G,  Windows 11 , 64 bit Build 26100 (10.0.26100.3912)
Time: Fri May 16 00:42:06 2025 Afr. centrale Ouest elapsed time: 3.798422 seconds (0d 0h 0m 3s)

---------------  T H R E A D  ---------------

Current thread (0x000001716b11e790):  JavaThread "C2 CompilerThread1" daemon [_thread_in_native, id=24336, stack(0x00000045b5800000,0x00000045b5900000) (1024K)]


Current CompileTask:
C2:3798 1473   !   4       com.sun.javafx.css.ParsedValueImpl::readBinary (688 bytes)

Stack: [0x00000045b5800000,0x00000045b5900000]
Native frames: (J=compiled Java code, j=interpreted, Vv=VM code, C=native code)
V  [jvm.dll+0x6e2279]  (no source info available)
V  [jvm.dll+0x874e33]  (no source info available)
V  [jvm.dll+0x87725e]  (no source info available)
V  [jvm.dll+0x877933]  (no source info available)
V  [jvm.dll+0x27fd76]  (no source info available)
V  [jvm.dll+0xc3d0f]  (no source info available)
V  [jvm.dll+0xc3f6b]  (no source info available)
V  [jvm.dll+0x3bb10c]  (no source info available)
V  [jvm.dll+0x1df67c]  (no source info available)
V  [jvm.dll+0x247a5c]  (no source info available)
V  [jvm.dll+0x246fbf]  (no source info available)
V  [jvm.dll+0x1c4e90]  (no source info available)
V  [jvm.dll+0x2569fe]  (no source info available)
V  [jvm.dll+0x254cba]  (no source info available)
V  [jvm.dll+0x3f5336]  (no source info available)
V  [jvm.dll+0x81d44b]  (no source info available)
V  [jvm.dll+0x6e0915]  (no source info available)
C  [ucrtbase.dll+0x37b0]  (no source info available)
C  [KERNEL32.DLL+0x2e8d7]  (no source info available)
C  [ntdll.dll+0x9c5dc]  (no source info available)


---------------  P R O C E S S  ---------------

Threads class SMR info:
_java_thread_list=0x000001716b977e10, length=20, elements={
0x000001710a3ce040, 0x000001716b0f3330, 0x0000017112a5e060, 0x000001716b0fe9d0,
0x000001716b0ff790, 0x000001716b104720, 0x000001716b10b1f0, 0x000001716b11c0a0,
0x000001716b11ee60, 0x000001716b1097b0, 0x000001716b8545b0, 0x000001716ba2e2c0,
0x000001716b505b40, 0x000001716b109e40, 0x000001716b10a4d0, 0x000001716b10bf10,
0x000001716b10b880, 0x000001716b10ab60, 0x000001717073ad70, 0x000001716b11e790
}

Java Threads: ( => current thread )
  0x000001710a3ce040 JavaThread "main"                              [_thread_blocked, id=23060, stack(0x00000045b3400000,0x00000045b3500000) (1024K)]
  0x000001716b0f3330 JavaThread "Reference Handler"          daemon [_thread_blocked, id=20888, stack(0x00000045b3c00000,0x00000045b3d00000) (1024K)]
  0x0000017112a5e060 JavaThread "Finalizer"                  daemon [_thread_blocked, id=9880, stack(0x00000045b3d00000,0x00000045b3e00000) (1024K)]
  0x000001716b0fe9d0 JavaThread "Signal Dispatcher"          daemon [_thread_blocked, id=24680, stack(0x00000045b3e00000,0x00000045b3f00000) (1024K)]
  0x000001716b0ff790 JavaThread "Attach Listener"            daemon [_thread_blocked, id=14368, stack(0x00000045b3f00000,0x00000045b4000000) (1024K)]
  0x000001716b104720 JavaThread "Service Thread"             daemon [_thread_blocked, id=20292, stack(0x00000045b4000000,0x00000045b4100000) (1024K)]
  0x000001716b10b1f0 JavaThread "Monitor Deflation Thread"   daemon [_thread_blocked, id=2792, stack(0x00000045b4100000,0x00000045b4200000) (1024K)]
  0x000001716b11c0a0 JavaThread "C2 CompilerThread0"         daemon [_thread_blocked, id=23452, stack(0x00000045b4200000,0x00000045b4300000) (1024K)]
  0x000001716b11ee60 JavaThread "C1 CompilerThread0"         daemon [_thread_in_vm, id=25164, stack(0x00000045b4300000,0x00000045b4400000) (1024K)]
  0x000001716b1097b0 JavaThread "Common-Cleaner"             daemon [_thread_blocked, id=5636, stack(0x00000045b4400000,0x00000045b4500000) (1024K)]
  0x000001716b8545b0 JavaThread "JDWP Transport Listener: dt_socket" daemon [_thread_blocked, id=25608, stack(0x00000045b4700000,0x00000045b4800000) (1024K)]
  0x000001716ba2e2c0 JavaThread "JDWP Event Helper Thread"   daemon [_thread_blocked, id=4128, stack(0x00000045b4800000,0x00000045b4900000) (1024K)]
  0x000001716b505b40 JavaThread "JDWP Command Reader"        daemon [_thread_in_native, id=21680, stack(0x00000045b4900000,0x00000045b4a00000) (1024K)]
  0x000001716b109e40 JavaThread "Notification Thread"        daemon [_thread_blocked, id=8888, stack(0x00000045b4500000,0x00000045b4600000) (1024K)]
  0x000001716b10a4d0 JavaThread "QuantumRenderer-0"          daemon [_thread_blocked, id=14224, stack(0x00000045b4b00000,0x00000045b4c00000) (1024K)]
  0x000001716b10bf10 JavaThread "InvokeLaterDispatcher"      daemon [_thread_blocked, id=7732, stack(0x00000045b4600000,0x00000045b4700000) (1024K)]
  0x000001716b10b880 JavaThread "JavaFX Application Thread"         [_thread_in_vm, id=22800, stack(0x00000045b4a00000,0x00000045b4b00000) (1024K)]
  0x000001716b10ab60 JavaThread "Thread-1"                   daemon [_thread_in_native, id=17404, stack(0x00000045b4f00000,0x00000045b5000000) (1024K)]
  0x000001717073ad70 JavaThread "JavaFX-Launcher"                   [_thread_blocked, id=14708, stack(0x00000045b5700000,0x00000045b5800000) (1024K)]
=>0x000001716b11e790 JavaThread "C2 CompilerThread1"         daemon [_thread_in_native, id=24336, stack(0x00000045b5800000,0x00000045b5900000) (1024K)]
Total: 20

Other Threads:
  0x0000017112a4ee60 VMThread "VM Thread"                           [id=11860, stack(0x00000045b3b00000,0x00000045b3c00000) (1024K)]
  0x0000017112a38750 WatcherThread "VM Periodic Task Thread"        [id=25992, stack(0x00000045b3a00000,0x00000045b3b00000) (1024K)]
  0x0000017112924650 WorkerThread "GC Thread#0"                     [id=22052, stack(0x00000045b3500000,0x00000045b3600000) (1024K)]
  0x000001717068e500 WorkerThread "GC Thread#1"                     [id=19436, stack(0x00000045b5000000,0x00000045b5100000) (1024K)]
  0x0000017170641bb0 WorkerThread "GC Thread#2"                     [id=27036, stack(0x00000045b5100000,0x00000045b5200000) (1024K)]
  0x000001717068d9c0 WorkerThread "GC Thread#3"                     [id=11308, stack(0x00000045b5200000,0x00000045b5300000) (1024K)]
  0x00000171706f2fe0 WorkerThread "GC Thread#4"                     [id=24216, stack(0x00000045b5300000,0x00000045b5400000) (1024K)]
  0x00000171706c23e0 WorkerThread "GC Thread#5"                     [id=4788, stack(0x00000045b5400000,0x00000045b5500000) (1024K)]
  0x000001717072dd90 WorkerThread "GC Thread#6"                     [id=25996, stack(0x00000045b5500000,0x00000045b5600000) (1024K)]
  0x000001717072e140 WorkerThread "GC Thread#7"                     [id=5360, stack(0x00000045b5600000,0x00000045b5700000) (1024K)]
  0x0000017112936580 ConcurrentGCThread "G1 Main Marker"            [id=23956, stack(0x00000045b3600000,0x00000045b3700000) (1024K)]
  0x00000171129384d0 WorkerThread "G1 Conc#0"                       [id=22640, stack(0x00000045b3700000,0x00000045b3800000) (1024K)]
  0x00000171129d6ec0 ConcurrentGCThread "G1 Refine#0"               [id=15324, stack(0x00000045b3800000,0x00000045b3900000) (1024K)]
  0x00000171129d7950 ConcurrentGCThread "G1 Service"                [id=20268, stack(0x00000045b3900000,0x00000045b3a00000) (1024K)]
Total: 14

Threads with active compile tasks:
C1 CompilerThread0  10916 1562       3       java.lang.invoke.TypeConvertingMethodAdapter::cast (42 bytes)
C2 CompilerThread1  10916 1473   !   4       com.sun.javafx.css.ParsedValueImpl::readBinary (688 bytes)
Total: 2

VM state: not at safepoint (normal execution)

VM Mutex/Monitor currently owned by a thread:  ([mutex/lock_event])
[0x00007ffd09379b38] Metaspace_lock - owner thread: 0x000001716b10b880

Heap address: 0x0000000701e00000, size: 4066 MB, Compressed Oops mode: Zero based, Oop shift amount: 3

CDS archive(s) mapped at: [0x000001712a000000-0x000001712ac60000-0x000001712ac60000), size 12976128, SharedBaseAddress: 0x000001712a000000, ArchiveRelocationMode: 1.
Compressed class space mapped at: 0x000001712b000000-0x000001716b000000, reserved size: 1073741824
Narrow klass base: 0x000001712a000000, Narrow klass shift: 0, Narrow klass range: 0x41000000

GC Precious Log:
 CardTable entry size: 512
 Card Set container configuration: InlinePtr #cards 4 size 8 Array Of Cards #cards 16 size 48 Howl #buckets 8 coarsen threshold 3686 Howl Bitmap #cards 512 size 80 coarsen threshold 460 Card regions per heap region 1 cards per card region 4096
 CPUs: 8 total, 8 available
 Memory: 16263M
 Large Page Support: Disabled
 NUMA Support: Disabled
 Compressed Oops: Enabled (Zero based)
 Heap Region Size: 2M
 Heap Min Capacity: 8M
 Heap Initial Capacity: 256M
 Heap Max Capacity: 4066M
 Pre-touch: Disabled
 Parallel Workers: 8
 Concurrent Workers: 2
 Concurrent Refinement Workers: 8
 Periodic GC: Disabled

Heap:
 garbage-first heap   total reserved 4163584K, committed 262144K, used 29277K [0x0000000701e00000, 0x0000000800000000)
  region size 2048K, 17 young (34816K), 2 survivors (4096K)
 Metaspace       used 12840K, committed 13120K, reserved 1114112K
  class space    used 1524K, committed 1664K, reserved 1048576K

Heap Regions: E=young(eden), S=young(survivor), O=old, HS=humongous(starts), HC=humongous(continues), CS=collection set, F=free, TAMS=top-at-mark-start, PB=parsable bottom
|   0|0x0000000701e00000, 0x0000000701e00000, 0x0000000702000000|  0%| F|  |TAMS 0x0000000701e00000| PB 0x0000000701e00000| Untracked |  0
|   1|0x0000000702000000, 0x0000000702000000, 0x0000000702200000|  0%| F|  |TAMS 0x0000000702000000| PB 0x0000000702000000| Untracked |  0
|   2|0x0000000702200000, 0x0000000702200000, 0x0000000702400000|  0%| F|  |TAMS 0x0000000702200000| PB 0x0000000702200000| Untracked |  0
|   3|0x0000000702400000, 0x0000000702400000, 0x0000000702600000|  0%| F|  |TAMS 0x0000000702400000| PB 0x0000000702400000| Untracked |  0
|   4|0x0000000702600000, 0x0000000702600000, 0x0000000702800000|  0%| F|  |TAMS 0x0000000702600000| PB 0x0000000702600000| Untracked |  0
|   5|0x0000000702800000, 0x0000000702800000, 0x0000000702a00000|  0%| F|  |TAMS 0x0000000702800000| PB 0x0000000702800000| Untracked |  0
|   6|0x0000000702a00000, 0x0000000702a00000, 0x0000000702c00000|  0%| F|  |TAMS 0x0000000702a00000| PB 0x0000000702a00000| Untracked |  0
|   7|0x0000000702c00000, 0x0000000702c00000, 0x0000000702e00000|  0%| F|  |TAMS 0x0000000702c00000| PB 0x0000000702c00000| Untracked |  0
|   8|0x0000000702e00000, 0x0000000702e00000, 0x0000000703000000|  0%| F|  |TAMS 0x0000000702e00000| PB 0x0000000702e00000| Untracked |  0
|   9|0x0000000703000000, 0x0000000703000000, 0x0000000703200000|  0%| F|  |TAMS 0x0000000703000000| PB 0x0000000703000000| Untracked |  0
|  10|0x0000000703200000, 0x0000000703200000, 0x0000000703400000|  0%| F|  |TAMS 0x0000000703200000| PB 0x0000000703200000| Untracked |  0
|  11|0x0000000703400000, 0x0000000703400000, 0x0000000703600000|  0%| F|  |TAMS 0x0000000703400000| PB 0x0000000703400000| Untracked |  0
|  12|0x0000000703600000, 0x0000000703600000, 0x0000000703800000|  0%| F|  |TAMS 0x0000000703600000| PB 0x0000000703600000| Untracked |  0
|  13|0x0000000703800000, 0x0000000703800000, 0x0000000703a00000|  0%| F|  |TAMS 0x0000000703800000| PB 0x0000000703800000| Untracked |  0
|  14|0x0000000703a00000, 0x0000000703a00000, 0x0000000703c00000|  0%| F|  |TAMS 0x0000000703a00000| PB 0x0000000703a00000| Untracked |  0
|  15|0x0000000703c00000, 0x0000000703c00000, 0x0000000703e00000|  0%| F|  |TAMS 0x0000000703c00000| PB 0x0000000703c00000| Untracked |  0
|  16|0x0000000703e00000, 0x0000000703e00000, 0x0000000704000000|  0%| F|  |TAMS 0x0000000703e00000| PB 0x0000000703e00000| Untracked |  0
|  17|0x0000000704000000, 0x0000000704000000, 0x0000000704200000|  0%| F|  |TAMS 0x0000000704000000| PB 0x0000000704000000| Untracked |  0
|  18|0x0000000704200000, 0x0000000704200000, 0x0000000704400000|  0%| F|  |TAMS 0x0000000704200000| PB 0x0000000704200000| Untracked |  0
|  19|0x0000000704400000, 0x0000000704400000, 0x0000000704600000|  0%| F|  |TAMS 0x0000000704400000| PB 0x0000000704400000| Untracked |  0
|  20|0x0000000704600000, 0x0000000704600000, 0x0000000704800000|  0%| F|  |TAMS 0x0000000704600000| PB 0x0000000704600000| Untracked |  0
|  21|0x0000000704800000, 0x0000000704800000, 0x0000000704a00000|  0%| F|  |TAMS 0x0000000704800000| PB 0x0000000704800000| Untracked |  0
|  22|0x0000000704a00000, 0x0000000704a00000, 0x0000000704c00000|  0%| F|  |TAMS 0x0000000704a00000| PB 0x0000000704a00000| Untracked |  0
|  23|0x0000000704c00000, 0x0000000704c00000, 0x0000000704e00000|  0%| F|  |TAMS 0x0000000704c00000| PB 0x0000000704c00000| Untracked |  0
|  24|0x0000000704e00000, 0x0000000704e00000, 0x0000000705000000|  0%| F|  |TAMS 0x0000000704e00000| PB 0x0000000704e00000| Untracked |  0
|  25|0x0000000705000000, 0x0000000705000000, 0x0000000705200000|  0%| F|  |TAMS 0x0000000705000000| PB 0x0000000705000000| Untracked |  0
|  26|0x0000000705200000, 0x0000000705200000, 0x0000000705400000|  0%| F|  |TAMS 0x0000000705200000| PB 0x0000000705200000| Untracked |  0
|  27|0x0000000705400000, 0x0000000705400000, 0x0000000705600000|  0%| F|  |TAMS 0x0000000705400000| PB 0x0000000705400000| Untracked |  0
|  28|0x0000000705600000, 0x0000000705600000, 0x0000000705800000|  0%| F|  |TAMS 0x0000000705600000| PB 0x0000000705600000| Untracked |  0
|  29|0x0000000705800000, 0x0000000705800000, 0x0000000705a00000|  0%| F|  |TAMS 0x0000000705800000| PB 0x0000000705800000| Untracked |  0
|  30|0x0000000705a00000, 0x0000000705a00000, 0x0000000705c00000|  0%| F|  |TAMS 0x0000000705a00000| PB 0x0000000705a00000| Untracked |  0
|  31|0x0000000705c00000, 0x0000000705c00000, 0x0000000705e00000|  0%| F|  |TAMS 0x0000000705c00000| PB 0x0000000705c00000| Untracked |  0
|  32|0x0000000705e00000, 0x0000000705e00000, 0x0000000706000000|  0%| F|  |TAMS 0x0000000705e00000| PB 0x0000000705e00000| Untracked |  0
|  33|0x0000000706000000, 0x0000000706000000, 0x0000000706200000|  0%| F|  |TAMS 0x0000000706000000| PB 0x0000000706000000| Untracked |  0
|  34|0x0000000706200000, 0x0000000706200000, 0x0000000706400000|  0%| F|  |TAMS 0x0000000706200000| PB 0x0000000706200000| Untracked |  0
|  35|0x0000000706400000, 0x0000000706400000, 0x0000000706600000|  0%| F|  |TAMS 0x0000000706400000| PB 0x0000000706400000| Untracked |  0
|  36|0x0000000706600000, 0x0000000706600000, 0x0000000706800000|  0%| F|  |TAMS 0x0000000706600000| PB 0x0000000706600000| Untracked |  0
|  37|0x0000000706800000, 0x0000000706800000, 0x0000000706a00000|  0%| F|  |TAMS 0x0000000706800000| PB 0x0000000706800000| Untracked |  0
|  38|0x0000000706a00000, 0x0000000706a00000, 0x0000000706c00000|  0%| F|  |TAMS 0x0000000706a00000| PB 0x0000000706a00000| Untracked |  0
|  39|0x0000000706c00000, 0x0000000706c00000, 0x0000000706e00000|  0%| F|  |TAMS 0x0000000706c00000| PB 0x0000000706c00000| Untracked |  0
|  40|0x0000000706e00000, 0x0000000706e00000, 0x0000000707000000|  0%| F|  |TAMS 0x0000000706e00000| PB 0x0000000706e00000| Untracked |  0
|  41|0x0000000707000000, 0x0000000707000000, 0x0000000707200000|  0%| F|  |TAMS 0x0000000707000000| PB 0x0000000707000000| Untracked |  0
|  42|0x0000000707200000, 0x0000000707200000, 0x0000000707400000|  0%| F|  |TAMS 0x0000000707200000| PB 0x0000000707200000| Untracked |  0
|  43|0x0000000707400000, 0x0000000707400000, 0x0000000707600000|  0%| F|  |TAMS 0x0000000707400000| PB 0x0000000707400000| Untracked |  0
|  44|0x0000000707600000, 0x0000000707600000, 0x0000000707800000|  0%| F|  |TAMS 0x0000000707600000| PB 0x0000000707600000| Untracked |  0
|  45|0x0000000707800000, 0x0000000707800000, 0x0000000707a00000|  0%| F|  |TAMS 0x0000000707800000| PB 0x0000000707800000| Untracked |  0
|  46|0x0000000707a00000, 0x0000000707a00000, 0x0000000707c00000|  0%| F|  |TAMS 0x0000000707a00000| PB 0x0000000707a00000| Untracked |  0
|  47|0x0000000707c00000, 0x0000000707c00000, 0x0000000707e00000|  0%| F|  |TAMS 0x0000000707c00000| PB 0x0000000707c00000| Untracked |  0
|  48|0x0000000707e00000, 0x0000000707e00000, 0x0000000708000000|  0%| F|  |TAMS 0x0000000707e00000| PB 0x0000000707e00000| Untracked |  0
|  49|0x0000000708000000, 0x0000000708000000, 0x0000000708200000|  0%| F|  |TAMS 0x0000000708000000| PB 0x0000000708000000| Untracked |  0
|  50|0x0000000708200000, 0x0000000708200000, 0x0000000708400000|  0%| F|  |TAMS 0x0000000708200000| PB 0x0000000708200000| Untracked |  0
|  51|0x0000000708400000, 0x0000000708400000, 0x0000000708600000|  0%| F|  |TAMS 0x0000000708400000| PB 0x0000000708400000| Untracked |  0
|  52|0x0000000708600000, 0x0000000708600000, 0x0000000708800000|  0%| F|  |TAMS 0x0000000708600000| PB 0x0000000708600000| Untracked |  0
|  53|0x0000000708800000, 0x0000000708800000, 0x0000000708a00000|  0%| F|  |TAMS 0x0000000708800000| PB 0x0000000708800000| Untracked |  0
|  54|0x0000000708a00000, 0x0000000708a00000, 0x0000000708c00000|  0%| F|  |TAMS 0x0000000708a00000| PB 0x0000000708a00000| Untracked |  0
|  55|0x0000000708c00000, 0x0000000708c00000, 0x0000000708e00000|  0%| F|  |TAMS 0x0000000708c00000| PB 0x0000000708c00000| Untracked |  0
|  56|0x0000000708e00000, 0x0000000708e00000, 0x0000000709000000|  0%| F|  |TAMS 0x0000000708e00000| PB 0x0000000708e00000| Untracked |  0
|  57|0x0000000709000000, 0x0000000709000000, 0x0000000709200000|  0%| F|  |TAMS 0x0000000709000000| PB 0x0000000709000000| Untracked |  0
|  58|0x0000000709200000, 0x0000000709200000, 0x0000000709400000|  0%| F|  |TAMS 0x0000000709200000| PB 0x0000000709200000| Untracked |  0
|  59|0x0000000709400000, 0x0000000709400000, 0x0000000709600000|  0%| F|  |TAMS 0x0000000709400000| PB 0x0000000709400000| Untracked |  0
|  60|0x0000000709600000, 0x0000000709600000, 0x0000000709800000|  0%| F|  |TAMS 0x0000000709600000| PB 0x0000000709600000| Untracked |  0
|  61|0x0000000709800000, 0x0000000709800000, 0x0000000709a00000|  0%| F|  |TAMS 0x0000000709800000| PB 0x0000000709800000| Untracked |  0
|  62|0x0000000709a00000, 0x0000000709a00000, 0x0000000709c00000|  0%| F|  |TAMS 0x0000000709a00000| PB 0x0000000709a00000| Untracked |  0
|  63|0x0000000709c00000, 0x0000000709c00000, 0x0000000709e00000|  0%| F|  |TAMS 0x0000000709c00000| PB 0x0000000709c00000| Untracked |  0
|  64|0x0000000709e00000, 0x0000000709e00000, 0x000000070a000000|  0%| F|  |TAMS 0x0000000709e00000| PB 0x0000000709e00000| Untracked |  0
|  65|0x000000070a000000, 0x000000070a000000, 0x000000070a200000|  0%| F|  |TAMS 0x000000070a000000| PB 0x000000070a000000| Untracked |  0
|  66|0x000000070a200000, 0x000000070a200000, 0x000000070a400000|  0%| F|  |TAMS 0x000000070a200000| PB 0x000000070a200000| Untracked |  0
|  67|0x000000070a400000, 0x000000070a400000, 0x000000070a600000|  0%| F|  |TAMS 0x000000070a400000| PB 0x000000070a400000| Untracked |  0
|  68|0x000000070a600000, 0x000000070a600000, 0x000000070a800000|  0%| F|  |TAMS 0x000000070a600000| PB 0x000000070a600000| Untracked |  0
|  69|0x000000070a800000, 0x000000070a800000, 0x000000070aa00000|  0%| F|  |TAMS 0x000000070a800000| PB 0x000000070a800000| Untracked |  0
|  70|0x000000070aa00000, 0x000000070aa00000, 0x000000070ac00000|  0%| F|  |TAMS 0x000000070aa00000| PB 0x000000070aa00000| Untracked |  0
|  71|0x000000070ac00000, 0x000000070ac00000, 0x000000070ae00000|  0%| F|  |TAMS 0x000000070ac00000| PB 0x000000070ac00000| Untracked |  0
|  72|0x000000070ae00000, 0x000000070ae00000, 0x000000070b000000|  0%| F|  |TAMS 0x000000070ae00000| PB 0x000000070ae00000| Untracked |  0
|  73|0x000000070b000000, 0x000000070b000000, 0x000000070b200000|  0%| F|  |TAMS 0x000000070b000000| PB 0x000000070b000000| Untracked |  0
|  74|0x000000070b200000, 0x000000070b200000, 0x000000070b400000|  0%| F|  |TAMS 0x000000070b200000| PB 0x000000070b200000| Untracked |  0
|  75|0x000000070b400000, 0x000000070b400000, 0x000000070b600000|  0%| F|  |TAMS 0x000000070b400000| PB 0x000000070b400000| Untracked |  0
|  76|0x000000070b600000, 0x000000070b600000, 0x000000070b800000|  0%| F|  |TAMS 0x000000070b600000| PB 0x000000070b600000| Untracked |  0
|  77|0x000000070b800000, 0x000000070b800000, 0x000000070ba00000|  0%| F|  |TAMS 0x000000070b800000| PB 0x000000070b800000| Untracked |  0
|  78|0x000000070ba00000, 0x000000070ba00000, 0x000000070bc00000|  0%| F|  |TAMS 0x000000070ba00000| PB 0x000000070ba00000| Untracked |  0
|  79|0x000000070bc00000, 0x000000070bc00000, 0x000000070be00000|  0%| F|  |TAMS 0x000000070bc00000| PB 0x000000070bc00000| Untracked |  0
|  80|0x000000070be00000, 0x000000070be00000, 0x000000070c000000|  0%| F|  |TAMS 0x000000070be00000| PB 0x000000070be00000| Untracked |  0
|  81|0x000000070c000000, 0x000000070c000000, 0x000000070c200000|  0%| F|  |TAMS 0x000000070c000000| PB 0x000000070c000000| Untracked |  0
|  82|0x000000070c200000, 0x000000070c200000, 0x000000070c400000|  0%| F|  |TAMS 0x000000070c200000| PB 0x000000070c200000| Untracked |  0
|  83|0x000000070c400000, 0x000000070c400000, 0x000000070c600000|  0%| F|  |TAMS 0x000000070c400000| PB 0x000000070c400000| Untracked |  0
|  84|0x000000070c600000, 0x000000070c600000, 0x000000070c800000|  0%| F|  |TAMS 0x000000070c600000| PB 0x000000070c600000| Untracked |  0
|  85|0x000000070c800000, 0x000000070c800000, 0x000000070ca00000|  0%| F|  |TAMS 0x000000070c800000| PB 0x000000070c800000| Untracked |  0
|  86|0x000000070ca00000, 0x000000070ca00000, 0x000000070cc00000|  0%| F|  |TAMS 0x000000070ca00000| PB 0x000000070ca00000| Untracked |  0
|  87|0x000000070cc00000, 0x000000070cc00000, 0x000000070ce00000|  0%| F|  |TAMS 0x000000070cc00000| PB 0x000000070cc00000| Untracked |  0
|  88|0x000000070ce00000, 0x000000070ce00000, 0x000000070d000000|  0%| F|  |TAMS 0x000000070ce00000| PB 0x000000070ce00000| Untracked |  0
|  89|0x000000070d000000, 0x000000070d000000, 0x000000070d200000|  0%| F|  |TAMS 0x000000070d000000| PB 0x000000070d000000| Untracked |  0
|  90|0x000000070d200000, 0x000000070d200000, 0x000000070d400000|  0%| F|  |TAMS 0x000000070d200000| PB 0x000000070d200000| Untracked |  0
|  91|0x000000070d400000, 0x000000070d400000, 0x000000070d600000|  0%| F|  |TAMS 0x000000070d400000| PB 0x000000070d400000| Untracked |  0
|  92|0x000000070d600000, 0x000000070d600000, 0x000000070d800000|  0%| F|  |TAMS 0x000000070d600000| PB 0x000000070d600000| Untracked |  0
|  93|0x000000070d800000, 0x000000070d800000, 0x000000070da00000|  0%| F|  |TAMS 0x000000070d800000| PB 0x000000070d800000| Untracked |  0
|  94|0x000000070da00000, 0x000000070da00000, 0x000000070dc00000|  0%| F|  |TAMS 0x000000070da00000| PB 0x000000070da00000| Untracked |  0
|  95|0x000000070dc00000, 0x000000070dc00000, 0x000000070de00000|  0%| F|  |TAMS 0x000000070dc00000| PB 0x000000070dc00000| Untracked |  0
|  96|0x000000070de00000, 0x000000070de00000, 0x000000070e000000|  0%| F|  |TAMS 0x000000070de00000| PB 0x000000070de00000| Untracked |  0
|  97|0x000000070e000000, 0x000000070e000000, 0x000000070e200000|  0%| F|  |TAMS 0x000000070e000000| PB 0x000000070e000000| Untracked |  0
|  98|0x000000070e200000, 0x000000070e200000, 0x000000070e400000|  0%| F|  |TAMS 0x000000070e200000| PB 0x000000070e200000| Untracked |  0
|  99|0x000000070e400000, 0x000000070e400000, 0x000000070e600000|  0%| F|  |TAMS 0x000000070e400000| PB 0x000000070e400000| Untracked |  0
| 100|0x000000070e600000, 0x000000070e600000, 0x000000070e800000|  0%| F|  |TAMS 0x000000070e600000| PB 0x000000070e600000| Untracked |  0
| 101|0x000000070e800000, 0x000000070e800000, 0x000000070ea00000|  0%| F|  |TAMS 0x000000070e800000| PB 0x000000070e800000| Untracked |  0
| 102|0x000000070ea00000, 0x000000070ea00000, 0x000000070ec00000|  0%| F|  |TAMS 0x000000070ea00000| PB 0x000000070ea00000| Untracked |  0
| 103|0x000000070ec00000, 0x000000070ec00000, 0x000000070ee00000|  0%| F|  |TAMS 0x000000070ec00000| PB 0x000000070ec00000| Untracked |  0
| 104|0x000000070ee00000, 0x000000070ee00000, 0x000000070f000000|  0%| F|  |TAMS 0x000000070ee00000| PB 0x000000070ee00000| Untracked |  0
| 105|0x000000070f000000, 0x000000070f000000, 0x000000070f200000|  0%| F|  |TAMS 0x000000070f000000| PB 0x000000070f000000| Untracked |  0
| 106|0x000000070f200000, 0x000000070f200000, 0x000000070f400000|  0%| F|  |TAMS 0x000000070f200000| PB 0x000000070f200000| Untracked |  0
| 107|0x000000070f400000, 0x000000070f400000, 0x000000070f600000|  0%| F|  |TAMS 0x000000070f400000| PB 0x000000070f400000| Untracked |  0
| 108|0x000000070f600000, 0x000000070f600000, 0x000000070f800000|  0%| F|  |TAMS 0x000000070f600000| PB 0x000000070f600000| Untracked |  0
| 109|0x000000070f800000, 0x000000070f800000, 0x000000070fa00000|  0%| F|  |TAMS 0x000000070f800000| PB 0x000000070f800000| Untracked |  0
| 110|0x000000070fa00000, 0x000000070fa00000, 0x000000070fc00000|  0%| F|  |TAMS 0x000000070fa00000| PB 0x000000070fa00000| Untracked |  0
| 111|0x000000070fc00000, 0x000000070fc7a2d8, 0x000000070fe00000| 23%| E|  |TAMS 0x000000070fc00000| PB 0x000000070fc00000| Complete |  0
| 112|0x000000070fe00000, 0x0000000710000000, 0x0000000710000000|100%| E|CS|TAMS 0x000000070fe00000| PB 0x000000070fe00000| Complete |  0
| 113|0x0000000710000000, 0x0000000710200000, 0x0000000710200000|100%| E|  |TAMS 0x0000000710000000| PB 0x0000000710000000| Complete |  0
| 114|0x0000000710200000, 0x0000000710297540, 0x0000000710400000| 29%| S|CS|TAMS 0x0000000710200000| PB 0x0000000710200000| Complete |  0
| 115|0x0000000710400000, 0x0000000710600000, 0x0000000710600000|100%| S|CS|TAMS 0x0000000710400000| PB 0x0000000710400000| Complete |  0
| 116|0x0000000710600000, 0x0000000710800000, 0x0000000710800000|100%| E|CS|TAMS 0x0000000710600000| PB 0x0000000710600000| Complete |  0
| 117|0x0000000710800000, 0x0000000710a00000, 0x0000000710a00000|100%| E|CS|TAMS 0x0000000710800000| PB 0x0000000710800000| Complete |  0
| 118|0x0000000710a00000, 0x0000000710c00000, 0x0000000710c00000|100%| E|CS|TAMS 0x0000000710a00000| PB 0x0000000710a00000| Complete |  0
| 119|0x0000000710c00000, 0x0000000710e00000, 0x0000000710e00000|100%| E|CS|TAMS 0x0000000710c00000| PB 0x0000000710c00000| Complete |  0
| 120|0x0000000710e00000, 0x0000000711000000, 0x0000000711000000|100%| E|CS|TAMS 0x0000000710e00000| PB 0x0000000710e00000| Complete |  0
| 121|0x0000000711000000, 0x0000000711200000, 0x0000000711200000|100%| E|CS|TAMS 0x0000000711000000| PB 0x0000000711000000| Complete |  0
| 122|0x0000000711200000, 0x0000000711400000, 0x0000000711400000|100%| E|CS|TAMS 0x0000000711200000| PB 0x0000000711200000| Complete |  0
| 123|0x0000000711400000, 0x0000000711600000, 0x0000000711600000|100%| E|CS|TAMS 0x0000000711400000| PB 0x0000000711400000| Complete |  0
| 124|0x0000000711600000, 0x0000000711800000, 0x0000000711800000|100%| E|CS|TAMS 0x0000000711600000| PB 0x0000000711600000| Complete |  0
| 125|0x0000000711800000, 0x0000000711a00000, 0x0000000711a00000|100%| E|CS|TAMS 0x0000000711800000| PB 0x0000000711800000| Complete |  0
| 126|0x0000000711a00000, 0x0000000711c00000, 0x0000000711c00000|100%| E|CS|TAMS 0x0000000711a00000| PB 0x0000000711a00000| Complete |  0
| 127|0x0000000711c00000, 0x0000000711e00000, 0x0000000711e00000|100%| E|CS|TAMS 0x0000000711c00000| PB 0x0000000711c00000| Complete |  0

Card table byte_map: [0x0000017122cc0000,0x00000171234c0000] _byte_map_base: 0x000001711f4b1000

Marking Bits: (CMBitMap*) 0x0000017112924b70
 Bits: [0x00000171234c0000, 0x0000017127448000)

Polling page: 0x0000017108200000

Metaspace:

Usage:
  Non-class:     11.05 MB used.
      Class:      1.49 MB used.
       Both:     12.54 MB used.

Virtual space:
  Non-class space:       64.00 MB reserved,      11.19 MB ( 17%) committed,  1 nodes.
      Class space:        1.00 GB reserved,       1.62 MB ( <1%) committed,  1 nodes.
             Both:        1.06 GB reserved,      12.81 MB (  1%) committed. 

Chunk freelists:
   Non-Class:  4.12 MB
       Class:  14.30 MB
        Both:  18.42 MB

MaxMetaspaceSize: unlimited
CompressedClassSpaceSize: 1.00 GB
Initial GC threshold: 21.00 MB
Current GC threshold: 21.00 MB
CDS: on
 - commit_granule_bytes: 65536.
 - commit_granule_words: 8192.
 - virtual_space_node_default_size: 8388608.
 - enlarge_chunks_in_place: 1.
 - use_allocation_guard: 0.


Internal statistics:

num_allocs_failed_limit: 0.
num_arena_births: 310.
num_arena_deaths: 0.
num_vsnodes_births: 2.
num_vsnodes_deaths: 0.
num_space_committed: 205.
num_space_uncommitted: 0.
num_chunks_returned_to_freelist: 0.
num_chunks_taken_from_freelist: 607.
num_chunk_merges: 0.
num_chunk_splits: 395.
num_chunks_enlarged: 251.
num_inconsistent_stats: 0.

CodeHeap 'non-profiled nmethods': size=120000Kb used=662Kb max_used=662Kb free=119337Kb
 bounds [0x000001711a530000, 0x000001711a7a0000, 0x0000017121a60000]
CodeHeap 'profiled nmethods': size=120000Kb used=3362Kb max_used=3362Kb free=116637Kb
 bounds [0x0000017112a60000, 0x0000017112db0000, 0x0000017119f90000]
CodeHeap 'non-nmethods': size=5760Kb used=1611Kb max_used=1629Kb free=4148Kb
 bounds [0x0000017119f90000, 0x000001711a200000, 0x000001711a530000]
 total_blobs=2172 nmethods=1559 adapters=518
 compilation: enabled
              stopped_count=0, restarted_count=0
 full_count=0

Compilation events (20 events):
Event: 2.673 Thread 0x000001716b11ee60 1532       3       java.util.regex.Pattern::has (15 bytes)
Event: 2.673 Thread 0x000001716b11ee60 nmethod 1532 0x0000017112d97f90 code [0x0000017112d98120, 0x0000017112d98288]
Event: 2.725 Thread 0x000001716b11c0a0 1533       4       java.lang.Class::getName (18 bytes)
Event: 2.726 Thread 0x000001716b11c0a0 nmethod 1533 0x000001711a5d0e10 code [0x000001711a5d0fa0, 0x000001711a5d1068]
Event: 2.732 Thread 0x000001716b11ee60 1534       1       sun.nio.fs.WindowsFileSystem::provider (5 bytes)
Event: 2.733 Thread 0x000001716b11ee60 nmethod 1534 0x000001711a5d1190 code [0x000001711a5d1320, 0x000001711a5d13f0]
Event: 2.735 Thread 0x000001716b11ee60 1535       1       sun.nio.fs.NativeBuffer::owner (5 bytes)
Event: 2.736 Thread 0x000001716b11ee60 nmethod 1535 0x000001711a5d1490 code [0x000001711a5d1620, 0x000001711a5d16f0]
Event: 2.737 Thread 0x000001716b11ee60 1536       3       sun.nio.fs.NativeBuffers::getNativeBufferFromCache (51 bytes)
Event: 2.738 Thread 0x000001716b11ee60 nmethod 1536 0x0000017112d98390 code [0x0000017112d98580, 0x0000017112d98ca8]
Event: 2.738 Thread 0x000001716b11ee60 1538       3       sun.nio.fs.NativeBuffers::releaseNativeBuffer (97 bytes)
Event: 2.740 Thread 0x000001716b11ee60 nmethod 1538 0x0000017112d99010 code [0x0000017112d99360, 0x0000017112d9ad20]
Event: 2.740 Thread 0x000001716b11ee60 1537       3       sun.nio.fs.NativeBuffer::release (5 bytes)
Event: 2.740 Thread 0x000001716b11ee60 nmethod 1537 0x0000017112d9b990 code [0x0000017112d9bb40, 0x0000017112d9bc80]
Event: 2.743 Thread 0x000001716b11ee60 1539       3       sun.nio.fs.NativeBuffer::close (5 bytes)
Event: 2.743 Thread 0x000001716b11ee60 nmethod 1539 0x0000017112d9bd90 code [0x0000017112d9bf40, 0x0000017112d9c0f0]
Event: 2.748 Thread 0x000001716b11c0a0 1541   !   4       java.util.concurrent.ConcurrentHashMap::putVal (432 bytes)
Event: 2.785 Thread 0x000001716b11c0a0 nmethod 1541 0x000001711a5d1b90 code [0x000001711a5d1e00, 0x000001711a5d30f0]
Event: 3.654 Thread 0x000001716b11ee60 1542       3       java.util.concurrent.atomic.AtomicBoolean::get (13 bytes)
Event: 3.654 Thread 0x000001716b11ee60 nmethod 1542 0x0000017112d9c210 code [0x0000017112d9c3a0, 0x0000017112d9c500]

GC Heap History (2 events):
Event: 1.799 GC heap before
{Heap before GC invocations=0 (full 0):
 garbage-first heap   total reserved 4163584K, committed 262144K, used 22528K [0x0000000701e00000, 0x0000000800000000)
  region size 2048K, 12 young (24576K), 0 survivors (0K)
 Metaspace       used 5190K, committed 5376K, reserved 1114112K
  class space    used 551K, committed 640K, reserved 1048576K
}
Event: 1.803 GC heap after
{Heap after GC invocations=1 (full 0):
 garbage-first heap   total reserved 4163584K, committed 262144K, used 2653K [0x0000000701e00000, 0x0000000800000000)
  region size 2048K, 2 young (4096K), 2 survivors (4096K)
 Metaspace       used 5190K, committed 5376K, reserved 1114112K
  class space    used 551K, committed 640K, reserved 1048576K
}

Dll operation events (20 events):
Event: 1.401 Loaded shared library C:\Users\LATITUDE\.openjfx\cache\17.0.2-ea\api-ms-win-crt-filesystem-l1-1-0.dll
Event: 1.406 Loaded shared library C:\Users\LATITUDE\.openjfx\cache\17.0.2-ea\api-ms-win-crt-heap-l1-1-0.dll
Event: 1.411 Loaded shared library C:\Users\LATITUDE\.openjfx\cache\17.0.2-ea\api-ms-win-crt-locale-l1-1-0.dll
Event: 1.417 Loaded shared library C:\Users\LATITUDE\.openjfx\cache\17.0.2-ea\api-ms-win-crt-math-l1-1-0.dll
Event: 1.423 Loaded shared library C:\Users\LATITUDE\.openjfx\cache\17.0.2-ea\api-ms-win-crt-multibyte-l1-1-0.dll
Event: 1.429 Loaded shared library C:\Users\LATITUDE\.openjfx\cache\17.0.2-ea\api-ms-win-crt-private-l1-1-0.dll
Event: 1.435 Loaded shared library C:\Users\LATITUDE\.openjfx\cache\17.0.2-ea\api-ms-win-crt-process-l1-1-0.dll
Event: 1.439 Loaded shared library C:\Users\LATITUDE\.openjfx\cache\17.0.2-ea\api-ms-win-crt-runtime-l1-1-0.dll
Event: 1.444 Loaded shared library C:\Users\LATITUDE\.openjfx\cache\17.0.2-ea\api-ms-win-crt-stdio-l1-1-0.dll
Event: 1.450 Loaded shared library C:\Users\LATITUDE\.openjfx\cache\17.0.2-ea\api-ms-win-crt-string-l1-1-0.dll
Event: 1.454 Loaded shared library C:\Users\LATITUDE\.openjfx\cache\17.0.2-ea\api-ms-win-crt-time-l1-1-0.dll
Event: 1.460 Loaded shared library C:\Users\LATITUDE\.openjfx\cache\17.0.2-ea\api-ms-win-crt-utility-l1-1-0.dll
Event: 1.482 Loaded shared library C:\Users\LATITUDE\.openjfx\cache\17.0.2-ea\ucrtbase.dll
Event: 1.490 Loaded shared library C:\Users\LATITUDE\.openjfx\cache\17.0.2-ea\vcruntime140.dll
Event: 1.497 Loaded shared library C:\Users\LATITUDE\.openjfx\cache\17.0.2-ea\vcruntime140_1.dll
Event: 1.511 Loaded shared library C:\Users\LATITUDE\.openjfx\cache\17.0.2-ea\msvcp140.dll
Event: 1.589 Loaded shared library C:\Users\LATITUDE\.openjfx\cache\17.0.2-ea\prism_d3d.dll
Event: 1.652 Loaded shared library C:\Users\LATITUDE\.openjfx\cache\17.0.2-ea\glass.dll
Event: 1.880 Loaded shared library C:\Program Files\Java\jdk-22\bin\jimage.dll
Event: 2.358 Loaded shared library C:\Users\LATITUDE\.openjfx\cache\17.0.2-ea\javafx_font.dll

Deoptimization events (20 events):
Event: 2.506 Thread 0x000001716b10b880 DEOPT PACKING pc=0x000001711a5bf86c sp=0x00000045b4afc880
Event: 2.506 Thread 0x000001716b10b880 DEOPT UNPACKING pc=0x0000017119fe46a2 sp=0x00000045b4afc8a8 mode 2
Event: 2.574 Thread 0x000001716b10b880 DEOPT PACKING pc=0x0000017112c86d49 sp=0x00000045b4afd290
Event: 2.574 Thread 0x000001716b10b880 DEOPT UNPACKING pc=0x0000017119fe4e42 sp=0x00000045b4afc700 mode 0
Event: 2.602 Thread 0x000001716b10b880 Uncommon trap: trap_request=0xffffff45 fr.pc=0x000001711a5ba7ec relative=0x00000000000009ec
Event: 2.602 Thread 0x000001716b10b880 Uncommon trap: reason=unstable_if action=reinterpret pc=0x000001711a5ba7ec method=java.io.BufferedInputStream.implRead([BII)I @ 55 c2
Event: 2.602 Thread 0x000001716b10b880 DEOPT PACKING pc=0x000001711a5ba7ec sp=0x00000045b4afde80
Event: 2.602 Thread 0x000001716b10b880 DEOPT UNPACKING pc=0x0000017119fe46a2 sp=0x00000045b4afde08 mode 2
Event: 2.622 Thread 0x000001716b10b880 Uncommon trap: trap_request=0xffffff45 fr.pc=0x000001711a5b5394 relative=0x0000000000000174
Event: 2.622 Thread 0x000001716b10b880 Uncommon trap: reason=unstable_if action=reinterpret pc=0x000001711a5b5394 method=java.util.concurrent.locks.ReentrantLock$NonfairSync.initialTryLock()Z @ 10 c2
Event: 2.623 Thread 0x000001716b10b880 DEOPT PACKING pc=0x000001711a5b5394 sp=0x00000045b4afd130
Event: 2.623 Thread 0x000001716b10b880 DEOPT UNPACKING pc=0x0000017119fe46a2 sp=0x00000045b4afd0d8 mode 2
Event: 2.623 Thread 0x000001716b10b880 Uncommon trap: trap_request=0xffffff45 fr.pc=0x000001711a5b4e00 relative=0x00000000000000e0
Event: 2.623 Thread 0x000001716b10b880 Uncommon trap: reason=unstable_if action=reinterpret pc=0x000001711a5b4e00 method=java.util.concurrent.locks.ReentrantLock$Sync.tryRelease(I)Z @ 26 c2
Event: 2.623 Thread 0x000001716b10b880 DEOPT PACKING pc=0x000001711a5b4e00 sp=0x00000045b4afce60
Event: 2.623 Thread 0x000001716b10b880 DEOPT UNPACKING pc=0x0000017119fe46a2 sp=0x00000045b4afce10 mode 2
Event: 2.749 Thread 0x000001716b10b880 DEOPT PACKING pc=0x0000017112c4c279 sp=0x00000045b4afc4b0
Event: 2.749 Thread 0x000001716b10b880 DEOPT UNPACKING pc=0x0000017119fe4e42 sp=0x00000045b4afb908 mode 1
Event: 2.749 Thread 0x000001716b10b880 DEOPT PACKING pc=0x0000017112bf7f64 sp=0x00000045b4afc540
Event: 2.749 Thread 0x000001716b10b880 DEOPT UNPACKING pc=0x0000017119fe4e42 sp=0x00000045b4afb9e8 mode 1

Classes loaded (20 events):
Event: 2.719 Loading class java/time/format/DateTimeFormatterBuilder$TextPrinterParser
Event: 2.719 Loading class java/time/format/DateTimeFormatterBuilder$TextPrinterParser done
Event: 2.719 Loading class java/time/chrono/ChronoPeriod
Event: 2.720 Loading class java/time/chrono/ChronoPeriod done
Event: 2.720 Loading class java/time/Period
Event: 2.720 Loading class java/time/Period done
Event: 2.725 Loading class java/lang/reflect/WildcardType
Event: 2.725 Loading class java/lang/reflect/WildcardType done
Event: 2.730 Loading class java/util/UUID
Event: 2.730 Loading class java/util/UUID done
Event: 2.748 Loading class java/sql/Date
Event: 2.748 Loading class java/sql/Date done
Event: 2.769 Loading class java/util/BitSet
Event: 2.770 Loading class java/util/BitSet done
Event: 2.773 Loading class java/util/concurrent/atomic/AtomicIntegerArray
Event: 2.773 Loading class java/util/concurrent/atomic/AtomicIntegerArray done
Event: 2.785 Loading class java/util/Currency
Event: 2.786 Loading class java/util/Currency done
Event: 2.788 Loading class java/util/GregorianCalendar
Event: 2.789 Loading class java/util/GregorianCalendar done

Classes unloaded (0 events):
No events

Classes redefined (1 events):
Event: 0.926 Thread 0x0000017112a4ee60 redefined class name=java.lang.Throwable, count=1

Internal exceptions (20 events):
Event: 2.055 Thread 0x000001716b10b880 Exception <a 'java/lang/NoSuchMethodError'{0x0000000711318348}: 'java.lang.Object java.lang.invoke.DirectMethodHandle$Holder.invokeStaticInit(java.lang.Object, java.lang.Object, java.lang.Object, java.lang.Object)'> (0x0000000711318348) 
thrown [s\open\src\hotspot\share\interpreter\linkResolver.cpp, line 774]
Event: 2.057 Thread 0x000001716b10b880 Exception <a 'java/lang/NullPointerException'{0x0000000711329a08}> (0x0000000711329a08) 
thrown [s\open\src\hotspot\share\interpreter\linkResolver.cpp, line 1374]
Event: 2.167 Thread 0x000001716b10b880 Exception <a 'java/lang/NoSuchMethodError'{0x0000000710e1bed8}: 'void java.lang.invoke.Invokers$Holder.invokeExact_MT(java.lang.Object, java.lang.Object, java.lang.Object, java.lang.Object)'> (0x0000000710e1bed8) 
thrown [s\open\src\hotspot\share\interpreter\linkResolver.cpp, line 774]
Event: 2.193 Thread 0x000001716b10b880 Exception <a 'java/lang/NoSuchMethodError'{0x0000000710eb3b48}: 'double java.lang.invoke.DelegatingMethodHandle$Holder.reinvoke_L(java.lang.Object, java.lang.Object, int)'> (0x0000000710eb3b48) 
thrown [s\open\src\hotspot\share\interpreter\linkResolver.cpp, line 774]
Event: 2.196 Thread 0x000001716b10b880 Exception <a 'java/lang/NoSuchMethodError'{0x0000000710ec7bc8}: 'java.lang.Object java.lang.invoke.DirectMethodHandle$Holder.invokeStatic(java.lang.Object, java.lang.Object, java.lang.Object, java.lang.Object, int)'> (0x0000000710ec7bc8) 
thrown [s\open\src\hotspot\share\interpreter\linkResolver.cpp, line 774]
Event: 2.199 Thread 0x000001716b10b880 Exception <a 'java/lang/NoSuchMethodError'{0x0000000710ed3058}: 'java.lang.Object java.lang.invoke.DelegatingMethodHandle$Holder.reinvoke_L(java.lang.Object, double, double, double, double)'> (0x0000000710ed3058) 
thrown [s\open\src\hotspot\share\interpreter\linkResolver.cpp, line 774]
Event: 2.205 Thread 0x000001716b10b880 Exception <a 'java/lang/NoSuchMethodError'{0x0000000710ee79d8}: 'java.lang.Object java.lang.invoke.DirectMethodHandle$Holder.invokeStatic(java.lang.Object, java.lang.Object, int)'> (0x0000000710ee79d8) 
thrown [s\open\src\hotspot\share\interpreter\linkResolver.cpp, line 774]
Event: 2.208 Thread 0x000001716b10b880 Exception <a 'java/lang/NoSuchMethodError'{0x0000000710eebfb0}: 'void java.lang.invoke.DirectMethodHandle$Holder.invokeStatic(java.lang.Object, java.lang.Object, int, java.lang.Object)'> (0x0000000710eebfb0) 
thrown [s\open\src\hotspot\share\interpreter\linkResolver.cpp, line 774]
Event: 2.209 Thread 0x000001716b10b880 Exception <a 'java/lang/NoSuchMethodError'{0x0000000710ef2d70}: 'void java.lang.invoke.DelegatingMethodHandle$Holder.delegate(java.lang.Object, java.lang.Object, int, java.lang.Object)'> (0x0000000710ef2d70) 
thrown [s\open\src\hotspot\share\interpreter\linkResolver.cpp, line 774]
Event: 2.210 Thread 0x000001716b10b880 Exception <a 'java/lang/NoSuchMethodError'{0x0000000710ef6bc8}: 'int java.lang.invoke.DirectMethodHandle$Holder.invokeSpecial(java.lang.Object, java.lang.Object, java.lang.Object)'> (0x0000000710ef6bc8) 
thrown [s\open\src\hotspot\share\interpreter\linkResolver.cpp, line 774]
Event: 2.283 Thread 0x000001716b10b880 Exception <a 'java/lang/ClassNotFoundException'{0x0000000710ff1020}: com/sun/glass/ui/win/themes> (0x0000000710ff1020) 
thrown [s\open\src\hotspot\share\prims\jni.cpp, line 539]
Event: 2.286 Thread 0x000001716b10b880 Exception <a 'java/lang/ClassNotFoundException'{0x0000000710fff348}: com/sun/glass/ui/win/themes_fr> (0x0000000710fff348) 
thrown [s\open\src\hotspot\share\prims\jni.cpp, line 539]
Event: 2.288 Thread 0x000001716b10b880 Exception <a 'java/lang/ClassNotFoundException'{0x0000000710c07520}: com/sun/glass/ui/win/themes_fr_FR> (0x0000000710c07520) 
thrown [s\open\src\hotspot\share\prims\jni.cpp, line 539]
Event: 2.550 Thread 0x000001716b10b880 Exception <a 'java/lang/NoSuchMethodError'{0x00000007106afcc8}: 'void java.lang.invoke.DirectMethodHandle$Holder.invokeStaticInit(java.lang.Object, java.lang.Object)'> (0x00000007106afcc8) 
thrown [s\open\src\hotspot\share\interpreter\linkResolver.cpp, line 774]
Event: 2.565 Thread 0x000001716b10b880 Exception <a 'java/lang/NoSuchMethodError'{0x0000000710729b90}: 'void java.lang.invoke.DirectMethodHandle$Holder.invokeSpecial(java.lang.Object, java.lang.Object, double)'> (0x0000000710729b90) 
thrown [s\open\src\hotspot\share\interpreter\linkResolver.cpp, line 774]
Event: 2.566 Thread 0x000001716b10b880 Exception <a 'java/lang/NoSuchMethodError'{0x0000000710730c18}: 'void java.lang.invoke.DelegatingMethodHandle$Holder.reinvoke_L(java.lang.Object, java.lang.Object, double)'> (0x0000000710730c18) 
thrown [s\open\src\hotspot\share\interpreter\linkResolver.cpp, line 774]
Event: 2.569 Thread 0x000001716b10b880 Exception <a 'java/lang/NoSuchMethodError'{0x000000071073e6d0}: 'void java.lang.invoke.DirectMethodHandle$Holder.invokeSpecial(java.lang.Object, java.lang.Object, int)'> (0x000000071073e6d0) 
thrown [s\open\src\hotspot\share\interpreter\linkResolver.cpp, line 774]
Event: 2.569 Thread 0x000001716b10b880 Exception <a 'java/lang/NoSuchMethodError'{0x0000000710742ab8}: 'int java.lang.invoke.DirectMethodHandle$Holder.invokeSpecial(java.lang.Object, java.lang.Object, java.lang.Object, int)'> (0x0000000710742ab8) 
thrown [s\open\src\hotspot\share\interpreter\linkResolver.cpp, line 774]
Event: 2.571 Thread 0x000001716b10b880 Exception <a 'java/lang/NoSuchMethodError'{0x000000071074cdb0}: 'void java.lang.invoke.DelegatingMethodHandle$Holder.reinvoke_L(java.lang.Object, java.lang.Object, int)'> (0x000000071074cdb0) 
thrown [s\open\src\hotspot\share\interpreter\linkResolver.cpp, line 774]
Event: 2.634 Thread 0x000001716b10b880 Exception <a 'sun/nio/fs/WindowsException'{0x0000000710011d98}> (0x0000000710011d98) 
thrown [s\open\src\hotspot\share\prims\jni.cpp, line 520]

ZGC Phase Switch (0 events):
No events

VM Operations (20 events):
Event: 0.868 Executing VM operation: ChangeBreakpoints
Event: 0.868 Executing VM operation: ChangeBreakpoints done
Event: 0.925 Executing VM operation: RedefineClasses
Event: 0.928 Executing VM operation: RedefineClasses done
Event: 0.941 Executing VM operation: get/set locals
Event: 0.941 Executing VM operation: get/set locals done
Event: 1.171 Executing VM operation: HandshakeAllThreads (Deoptimize)
Event: 1.171 Executing VM operation: HandshakeAllThreads (Deoptimize) done
Event: 1.642 Executing VM operation: HandshakeAllThreads (Deoptimize)
Event: 1.642 Executing VM operation: HandshakeAllThreads (Deoptimize) done
Event: 1.799 Executing VM operation: G1CollectForAllocation (G1 Evacuation Pause)
Event: 1.803 Executing VM operation: G1CollectForAllocation (G1 Evacuation Pause) done
Event: 2.188 Executing VM operation: HandshakeAllThreads (Deoptimize)
Event: 2.188 Executing VM operation: HandshakeAllThreads (Deoptimize) done
Event: 2.204 Executing VM operation: HandshakeAllThreads (Deoptimize)
Event: 2.204 Executing VM operation: HandshakeAllThreads (Deoptimize) done
Event: 2.385 Executing VM operation: HandshakeAllThreads (Deoptimize)
Event: 2.385 Executing VM operation: HandshakeAllThreads (Deoptimize) done
Event: 3.384 Executing VM operation: Cleanup
Event: 3.385 Executing VM operation: Cleanup done

Events (20 events):
Event: 0.257 Thread 0x000001716b11d9f0 Thread added: 0x000001716b11d9f0
Event: 0.260 Thread 0x000001716b11f530 Thread added: 0x000001716b11f530
Event: 0.326 Thread 0x000001716b8545b0 Thread added: 0x000001716b8545b0
Event: 0.326 Thread 0x000001716ba2e2c0 Thread added: 0x000001716ba2e2c0
Event: 0.326 Thread 0x000001716b505b40 Thread added: 0x000001716b505b40
Event: 0.870 Thread 0x000001716b11f530 Thread exited: 0x000001716b11f530
Event: 0.870 Thread 0x000001716b11d9f0 Thread exited: 0x000001716b11d9f0
Event: 0.958 Thread 0x000001716b109e40 Thread added: 0x000001716b109e40
Event: 0.999 Thread 0x000001716b11d9f0 Thread added: 0x000001716b11d9f0
Event: 1.190 Thread 0x000001716b11d9f0 Thread exited: 0x000001716b11d9f0
Event: 1.260 Thread 0x000001716b11fc00 Thread added: 0x000001716b11fc00
Event: 1.261 Thread 0x000001716b11d9f0 Thread added: 0x000001716b11d9f0
Event: 1.571 Thread 0x000001716b10a4d0 Thread added: 0x000001716b10a4d0
Event: 1.618 Thread 0x000001716b11d9f0 Thread exited: 0x000001716b11d9f0
Event: 1.618 Thread 0x000001716b11fc00 Thread exited: 0x000001716b11fc00
Event: 1.656 Thread 0x000001716b10bf10 Thread added: 0x000001716b10bf10
Event: 1.664 Thread 0x000001716b10b880 Thread added: 0x000001716b10b880
Event: 1.798 Thread 0x000001716b10ab60 Thread added: 0x000001716b10ab60
Event: 1.828 Thread 0x000001717073ad70 Thread added: 0x000001717073ad70
Event: 1.905 Thread 0x000001716b11e790 Thread added: 0x000001716b11e790


Dynamic libraries:
0x00007ff602f60000 - 0x00007ff602f70000 	C:\Program Files\Java\jdk-22\bin\java.exe
0x00007ffd750c0000 - 0x00007ffd75326000 	C:\WINDOWS\SYSTEM32\ntdll.dll
0x00007ffd740a0000 - 0x00007ffd74169000 	C:\WINDOWS\System32\KERNEL32.DLL
0x00007ffd727c0000 - 0x00007ffd72b8c000 	C:\WINDOWS\System32\KERNELBASE.dll
0x00007ffd72370000 - 0x00007ffd724bb000 	C:\WINDOWS\System32\ucrtbase.dll
0x00007ffd5c850000 - 0x00007ffd5c86b000 	C:\Program Files\Java\jdk-22\bin\VCRUNTIME140.dll
0x00007ffd5ea00000 - 0x00007ffd5ea17000 	C:\Program Files\Java\jdk-22\bin\jli.dll
0x00007ffd73a40000 - 0x00007ffd73af2000 	C:\WINDOWS\System32\ADVAPI32.dll
0x00007ffd742f0000 - 0x00007ffd74399000 	C:\WINDOWS\System32\msvcrt.dll
0x00007ffd74fa0000 - 0x00007ffd75046000 	C:\WINDOWS\System32\sechost.dll
0x00007ffd741d0000 - 0x00007ffd742e6000 	C:\WINDOWS\System32\RPCRT4.dll
0x00007ffd73e80000 - 0x00007ffd7404a000 	C:\WINDOWS\System32\USER32.dll
0x00007ffd5dc60000 - 0x00007ffd5defa000 	C:\WINDOWS\WinSxS\amd64_microsoft.windows.common-controls_6595b64144ccf1df_6.0.26100.3912_none_3e07963ce335137e\COMCTL32.dll
0x00007ffd72790000 - 0x00007ffd727b7000 	C:\WINDOWS\System32\win32u.dll
0x00007ffd73b00000 - 0x00007ffd73b2b000 	C:\WINDOWS\System32\GDI32.dll
0x00007ffd72b90000 - 0x00007ffd72cc2000 	C:\WINDOWS\System32\gdi32full.dll
0x00007ffd724c0000 - 0x00007ffd72563000 	C:\WINDOWS\System32\msvcp_win.dll
0x00007ffd61c60000 - 0x00007ffd61c6b000 	C:\WINDOWS\SYSTEM32\VERSION.dll
0x00007ffd74050000 - 0x00007ffd74080000 	C:\WINDOWS\System32\IMM32.DLL
0x00007ffd5f5e0000 - 0x00007ffd5f5ec000 	C:\Program Files\Java\jdk-22\bin\vcruntime140_1.dll
0x00007ffd53bd0000 - 0x00007ffd53c5e000 	C:\Program Files\Java\jdk-22\bin\msvcp140.dll
0x00007ffd08710000 - 0x00007ffd09457000 	C:\Program Files\Java\jdk-22\bin\server\jvm.dll
0x00007ffd73c30000 - 0x00007ffd73ca4000 	C:\WINDOWS\System32\WS2_32.dll
0x00007ffd72090000 - 0x00007ffd720ee000 	C:\WINDOWS\SYSTEM32\POWRPROF.dll
0x00007ffd5e4a0000 - 0x00007ffd5e4d6000 	C:\WINDOWS\SYSTEM32\WINMM.dll
0x00007ffd72070000 - 0x00007ffd72084000 	C:\WINDOWS\SYSTEM32\UMPDC.dll
0x00007ffd70fa0000 - 0x00007ffd70fba000 	C:\WINDOWS\SYSTEM32\kernel.appcore.dll
0x00007ffd5dc20000 - 0x00007ffd5dc2a000 	C:\Program Files\Java\jdk-22\bin\jimage.dll
0x00007ffd6fa90000 - 0x00007ffd6fcd1000 	C:\WINDOWS\SYSTEM32\DBGHELP.DLL
0x00007ffd74c10000 - 0x00007ffd74f94000 	C:\WINDOWS\System32\combase.dll
0x00007ffd74930000 - 0x00007ffd74a10000 	C:\WINDOWS\System32\OLEAUT32.dll
0x00007ffd5a550000 - 0x00007ffd5a589000 	C:\WINDOWS\SYSTEM32\dbgcore.DLL
0x00007ffd726f0000 - 0x00007ffd72789000 	C:\WINDOWS\System32\bcryptPrimitives.dll
0x00007ffd502d0000 - 0x00007ffd5030c000 	C:\Program Files\Java\jdk-22\bin\jdwp.dll
0x00007ffd233d0000 - 0x00007ffd235de000 	C:\Users\LATITUDE\AppData\Local\Temp\idea_libasyncProfiler_dll_temp_folder\libasyncProfiler.dll
0x00007ffd53a00000 - 0x00007ffd53a0f000 	C:\Program Files\Java\jdk-22\bin\instrument.dll
0x00007ffd5c830000 - 0x00007ffd5c84e000 	C:\Program Files\Java\jdk-22\bin\java.dll
0x00007ffd731d0000 - 0x00007ffd738fd000 	C:\WINDOWS\System32\SHELL32.dll
0x00007ffd72cd0000 - 0x00007ffd72e44000 	C:\WINDOWS\System32\wintypes.dll
0x00007ffd73cb0000 - 0x00007ffd73e4f000 	C:\WINDOWS\System32\ole32.dll
0x00007ffd5c470000 - 0x00007ffd5c487000 	C:\Program Files\Java\jdk-22\bin\zip.dll
0x00007ffd6fe70000 - 0x00007ffd706c6000 	C:\WINDOWS\SYSTEM32\windows.storage.dll
0x00007ffd730b0000 - 0x00007ffd7319f000 	C:\WINDOWS\System32\SHCORE.dll
0x00007ffd748c0000 - 0x00007ffd74929000 	C:\WINDOWS\System32\shlwapi.dll
0x00007ffd72130000 - 0x00007ffd7215f000 	C:\WINDOWS\SYSTEM32\profapi.dll
0x00007ffd48c20000 - 0x00007ffd48cf7000 	C:\Program Files\Java\jdk-22\bin\jsvml.dll
0x00007ffd5c7f0000 - 0x00007ffd5c800000 	C:\Program Files\Java\jdk-22\bin\net.dll
0x00007ffd714f0000 - 0x00007ffd7155a000 	C:\WINDOWS\system32\mswsock.dll
0x00007ffd5c7d0000 - 0x00007ffd5c7e6000 	C:\Program Files\Java\jdk-22\bin\nio.dll
0x00007ffd5c490000 - 0x00007ffd5c49c000 	C:\Program Files\Java\jdk-22\bin\dt_socket.dll
0x00007ffd709c0000 - 0x00007ffd709f3000 	C:\WINDOWS\SYSTEM32\IPHLPAPI.DLL
0x0000017108260000 - 0x0000017108263000 	C:\Users\LATITUDE\.openjfx\cache\17.0.2-ea\api-ms-win-core-console-l1-1-0.dll
0x0000017108270000 - 0x0000017108273000 	C:\Users\LATITUDE\.openjfx\cache\17.0.2-ea\api-ms-win-core-console-l1-2-0.dll
0x0000017108280000 - 0x0000017108283000 	C:\Users\LATITUDE\.openjfx\cache\17.0.2-ea\api-ms-win-core-datetime-l1-1-0.dll
0x0000017108290000 - 0x0000017108293000 	C:\Users\LATITUDE\.openjfx\cache\17.0.2-ea\api-ms-win-core-debug-l1-1-0.dll
0x00000171082a0000 - 0x00000171082a3000 	C:\Users\LATITUDE\.openjfx\cache\17.0.2-ea\api-ms-win-core-errorhandling-l1-1-0.dll
0x00000171082b0000 - 0x00000171082b4000 	C:\Users\LATITUDE\.openjfx\cache\17.0.2-ea\api-ms-win-core-file-l1-1-0.dll
0x00000171082c0000 - 0x00000171082c3000 	C:\Users\LATITUDE\.openjfx\cache\17.0.2-ea\api-ms-win-core-file-l1-2-0.dll
0x00000171082e0000 - 0x00000171082e3000 	C:\Users\LATITUDE\.openjfx\cache\17.0.2-ea\api-ms-win-core-file-l2-1-0.dll
0x00000171082f0000 - 0x00000171082f3000 	C:\Users\LATITUDE\.openjfx\cache\17.0.2-ea\api-ms-win-core-handle-l1-1-0.dll
0x0000017108300000 - 0x0000017108303000 	C:\Users\LATITUDE\.openjfx\cache\17.0.2-ea\api-ms-win-core-heap-l1-1-0.dll
0x0000017108310000 - 0x0000017108313000 	C:\Users\LATITUDE\.openjfx\cache\17.0.2-ea\api-ms-win-core-interlocked-l1-1-0.dll
0x0000017129ea0000 - 0x0000017129ea3000 	C:\Users\LATITUDE\.openjfx\cache\17.0.2-ea\api-ms-win-core-libraryloader-l1-1-0.dll
0x0000017129eb0000 - 0x0000017129eb3000 	C:\Users\LATITUDE\.openjfx\cache\17.0.2-ea\api-ms-win-core-localization-l1-2-0.dll
0x0000017129ec0000 - 0x0000017129ec3000 	C:\Users\LATITUDE\.openjfx\cache\17.0.2-ea\api-ms-win-core-memory-l1-1-0.dll
0x0000017129ed0000 - 0x0000017129ed3000 	C:\Users\LATITUDE\.openjfx\cache\17.0.2-ea\api-ms-win-core-namedpipe-l1-1-0.dll
0x0000017129ee0000 - 0x0000017129ee3000 	C:\Users\LATITUDE\.openjfx\cache\17.0.2-ea\api-ms-win-core-processenvironment-l1-1-0.dll
0x0000017129ef0000 - 0x0000017129ef3000 	C:\Users\LATITUDE\.openjfx\cache\17.0.2-ea\api-ms-win-core-processthreads-l1-1-0.dll
0x0000017129f00000 - 0x0000017129f03000 	C:\Users\LATITUDE\.openjfx\cache\17.0.2-ea\api-ms-win-core-processthreads-l1-1-1.dll
0x0000017129f10000 - 0x0000017129f13000 	C:\Users\LATITUDE\.openjfx\cache\17.0.2-ea\api-ms-win-core-profile-l1-1-0.dll
0x0000017129f20000 - 0x0000017129f23000 	C:\Users\LATITUDE\.openjfx\cache\17.0.2-ea\api-ms-win-core-rtlsupport-l1-1-0.dll
0x0000017129f30000 - 0x0000017129f33000 	C:\Users\LATITUDE\.openjfx\cache\17.0.2-ea\api-ms-win-core-string-l1-1-0.dll
0x0000017129f40000 - 0x0000017129f43000 	C:\Users\LATITUDE\.openjfx\cache\17.0.2-ea\api-ms-win-core-synch-l1-1-0.dll
0x0000017129f50000 - 0x0000017129f53000 	C:\Users\LATITUDE\.openjfx\cache\17.0.2-ea\api-ms-win-core-synch-l1-2-0.dll
0x0000017129f60000 - 0x0000017129f63000 	C:\Users\LATITUDE\.openjfx\cache\17.0.2-ea\api-ms-win-core-sysinfo-l1-1-0.dll
0x0000017129f70000 - 0x0000017129f73000 	C:\Users\LATITUDE\.openjfx\cache\17.0.2-ea\api-ms-win-core-timezone-l1-1-0.dll
0x0000017129f80000 - 0x0000017129f83000 	C:\Users\LATITUDE\.openjfx\cache\17.0.2-ea\api-ms-win-core-util-l1-1-0.dll
0x0000017129f90000 - 0x0000017129f93000 	C:\Users\LATITUDE\.openjfx\cache\17.0.2-ea\api-ms-win-crt-conio-l1-1-0.dll
0x0000017129fa0000 - 0x0000017129fa4000 	C:\Users\LATITUDE\.openjfx\cache\17.0.2-ea\api-ms-win-crt-convert-l1-1-0.dll
0x0000017129fb0000 - 0x0000017129fb3000 	C:\Users\LATITUDE\.openjfx\cache\17.0.2-ea\api-ms-win-crt-environment-l1-1-0.dll
0x0000017129fc0000 - 0x0000017129fc3000 	C:\Users\LATITUDE\.openjfx\cache\17.0.2-ea\api-ms-win-crt-filesystem-l1-1-0.dll
0x0000017129fd0000 - 0x0000017129fd3000 	C:\Users\LATITUDE\.openjfx\cache\17.0.2-ea\api-ms-win-crt-heap-l1-1-0.dll
0x0000017129fe0000 - 0x0000017129fe3000 	C:\Users\LATITUDE\.openjfx\cache\17.0.2-ea\api-ms-win-crt-locale-l1-1-0.dll
0x0000017129ff0000 - 0x0000017129ff5000 	C:\Users\LATITUDE\.openjfx\cache\17.0.2-ea\api-ms-win-crt-math-l1-1-0.dll
0x000001716bc00000 - 0x000001716bc05000 	C:\Users\LATITUDE\.openjfx\cache\17.0.2-ea\api-ms-win-crt-multibyte-l1-1-0.dll
0x000001716bc10000 - 0x000001716bc20000 	C:\Users\LATITUDE\.openjfx\cache\17.0.2-ea\api-ms-win-crt-private-l1-1-0.dll
0x000001716bc20000 - 0x000001716bc23000 	C:\Users\LATITUDE\.openjfx\cache\17.0.2-ea\api-ms-win-crt-process-l1-1-0.dll
0x000001716bc30000 - 0x000001716bc34000 	C:\Users\LATITUDE\.openjfx\cache\17.0.2-ea\api-ms-win-crt-runtime-l1-1-0.dll
0x000001716bc40000 - 0x000001716bc44000 	C:\Users\LATITUDE\.openjfx\cache\17.0.2-ea\api-ms-win-crt-stdio-l1-1-0.dll
0x000001716bc50000 - 0x000001716bc54000 	C:\Users\LATITUDE\.openjfx\cache\17.0.2-ea\api-ms-win-crt-string-l1-1-0.dll
0x000001716bc60000 - 0x000001716bc63000 	C:\Users\LATITUDE\.openjfx\cache\17.0.2-ea\api-ms-win-crt-time-l1-1-0.dll
0x000001716bc70000 - 0x000001716bc73000 	C:\Users\LATITUDE\.openjfx\cache\17.0.2-ea\api-ms-win-crt-utility-l1-1-0.dll
0x00007ffd3bc40000 - 0x00007ffd3bd3c000 	C:\Users\LATITUDE\.openjfx\cache\17.0.2-ea\ucrtbase.dll
0x00007ffd53bb0000 - 0x00007ffd53bca000 	C:\Users\LATITUDE\.openjfx\cache\17.0.2-ea\vcruntime140.dll
0x00007ffd5c460000 - 0x00007ffd5c46c000 	C:\Users\LATITUDE\.openjfx\cache\17.0.2-ea\vcruntime140_1.dll
0x00007ffd39aa0000 - 0x00007ffd39b2d000 	C:\Users\LATITUDE\.openjfx\cache\17.0.2-ea\msvcp140.dll
0x00007ffd46210000 - 0x00007ffd4623a000 	C:\Users\LATITUDE\.openjfx\cache\17.0.2-ea\prism_d3d.dll
0x00007ffd2d210000 - 0x00007ffd2d3c5000 	C:\WINDOWS\system32\d3d9.dll
0x00007ffd6f310000 - 0x00007ffd6f346000 	C:\WINDOWS\SYSTEM32\dwmapi.dll
0x00007ffd6f160000 - 0x00007ffd6f1a7000 	C:\WINDOWS\SYSTEM32\dxcore.dll
0x00007ffd6ef80000 - 0x00007ffd6f02f000 	C:\WINDOWS\system32\uxtheme.dll
0x00007ffd2d060000 - 0x00007ffd2d20d000 	C:\WINDOWS\System32\DriverStore\FileRepository\iigd_dch.inf_amd64_9437e46374342218\igdumdim64.dll
0x00007ffd18890000 - 0x00007ffd1b933000 	C:\WINDOWS\System32\DriverStore\FileRepository\iigd_dch.inf_amd64_9437e46374342218\igd9dxva64.dll
0x00007ffd74430000 - 0x00007ffd748b6000 	C:\WINDOWS\System32\SETUPAPI.dll
0x00007ffd71d40000 - 0x00007ffd71d97000 	C:\WINDOWS\SYSTEM32\cfgmgr32.dll
0x00007ffd665a0000 - 0x00007ffd669a9000 	C:\WINDOWS\System32\DriverStore\FileRepository\iigd_dch.inf_amd64_9437e46374342218\igdgmm64.dll
0x00007ffd6f0d0000 - 0x00007ffd6f130000 	C:\WINDOWS\SYSTEM32\directxdatabasehelper.dll
0x00007ffd39c30000 - 0x00007ffd39c72000 	C:\Users\LATITUDE\.openjfx\cache\17.0.2-ea\glass.dll
0x00007ffd73b30000 - 0x00007ffd73c24000 	C:\WINDOWS\System32\COMDLG32.dll
0x00007ffd74aa0000 - 0x00007ffd74bff000 	C:\WINDOWS\System32\MSCTF.dll
0x00007ffd69af0000 - 0x00007ffd69b17000 	C:\WINDOWS\System32\DriverStore\FileRepository\iigd_dch.inf_amd64_9437e46374342218\igdinfo64.dll
0x00007ffd62b00000 - 0x00007ffd66296000 	C:\WINDOWS\System32\DriverStore\FileRepository\iigd_dch.inf_amd64_9437e46374342218\igc64.dll
0x00007ffd525c0000 - 0x00007ffd525d4000 	C:\Users\LATITUDE\.openjfx\cache\17.0.2-ea\javafx_font.dll

dbghelp: loaded successfully - version: 4.0.5 - missing functions: none
symbol engine: initialized successfully - sym options: 0x614 - pdb path: .;C:\Program Files\Java\jdk-22\bin;C:\WINDOWS\SYSTEM32;C:\WINDOWS\WinSxS\amd64_microsoft.windows.common-controls_6595b64144ccf1df_6.0.26100.3912_none_3e07963ce335137e;C:\Program Files\Java\jdk-22\bin\server;C:\Users\LATITUDE\AppData\Local\Temp\idea_libasyncProfiler_dll_temp_folder;C:\Users\LATITUDE\.openjfx\cache\17.0.2-ea;C:\WINDOWS\System32\DriverStore\FileRepository\iigd_dch.inf_amd64_9437e46374342218

VM Arguments:
jvm_args: -agentlib:jdwp=transport=dt_socket,address=127.0.0.1:64708,suspend=y,server=n -agentpath:C:\Users\LATITUDE\AppData\Local\Temp\idea_libasyncProfiler_dll_temp_folder\libasyncProfiler.dll=version,jfr,event=wall,interval=10ms,cstack=no,file=C:\Users\LATITUDE\IdeaSnapshots\ESIRUN_2025_05_16_004202.jfr,dbghelppath=C:\Users\LATITUDE\AppData\Local\Temp\idea_dbghelp_dll_temp_folder\dbghelp.dll,log=C:\Users\LATITUDE\AppData\Local\Temp\ESIRUN_2025_05_16_004202.jfr.log.txt,logLevel=DEBUG -javaagent:C:\Users\LATITUDE\AppData\Local\JetBrains\IntelliJIdea2024.3\captureAgent\debugger-agent.jar -Dkotlinx.coroutines.debug.enable.creation.stack.trace=false -Ddebugger.agent.enable.coroutines=true -Dkotlinx.coroutines.debug.enable.flows.stack.trace=true -Dkotlinx.coroutines.debug.enable.mutable.state.flows.stack.trace=true -Dfile.encoding=UTF-8 -Dsun.stdout.encoding=UTF-8 -Dsun.stderr.encoding=UTF-8 --module-path=C:\Users\LATITUDE\.m2\repository\org\openjfx\javafx-base\17.0.2\javafx-base-17.0.2-win.jar;C:\Users\LATITUDE\IdeaProjects\TP-Part04\target\classes;C:\Users\LATITUDE\.m2\repository\com\google\code\gson\gson\2.10.1\gson-2.10.1.jar;C:\Users\LATITUDE\.m2\repository\org\openjfx\javafx-fxml\17.0.2\javafx-fxml-17.0.2-win.jar;C:\Users\LATITUDE\.m2\repository\org\openjfx\javafx-controls\17.0.2\javafx-controls-17.0.2-win.jar;C:\Users\LATITUDE\.m2\repository\org\openjfx\javafx-graphics\17.0.2\javafx-graphics-17.0.2-win.jar -Djdk.module.main=transport 
java_command: transport/transport.Main
java_class_path (initial): C:\Users\LATITUDE\.m2\repository\org\openjfx\javafx-controls\17.0.2\javafx-controls-17.0.2.jar;C:\Users\LATITUDE\.m2\repository\org\openjfx\javafx-graphics\17.0.2\javafx-graphics-17.0.2.jar;C:\Users\LATITUDE\.m2\repository\org\openjfx\javafx-base\17.0.2\javafx-base-17.0.2.jar;C:\Users\LATITUDE\.m2\repository\org\openjfx\javafx-fxml\17.0.2\javafx-fxml-17.0.2.jar;C:\Users\LATITUDE\AppData\Local\Programs\IntelliJ IDEA Ultimate\lib\idea_rt.jar
Launcher Type: SUN_STANDARD

[Global flags]
     intx CICompilerCount                          = 4                                         {product} {ergonomic}
     uint ConcGCThreads                            = 2                                         {product} {ergonomic}
     uint G1ConcRefinementThreads                  = 8                                         {product} {ergonomic}
   size_t G1HeapRegionSize                         = 2097152                                   {product} {ergonomic}
   size_t InitialHeapSize                          = 268435456                                 {product} {ergonomic}
   size_t MarkStackSize                            = 4194304                                   {product} {ergonomic}
   size_t MaxHeapSize                              = 4263510016                                {product} {ergonomic}
   size_t MaxNewSize                               = 2556428288                                {product} {ergonomic}
   size_t MinHeapDeltaBytes                        = 2097152                                   {product} {ergonomic}
   size_t MinHeapSize                              = 8388608                                   {product} {ergonomic}
    uintx NonNMethodCodeHeapSize                   = 5839372                                {pd product} {ergonomic}
    uintx NonProfiledCodeHeapSize                  = 122909434                              {pd product} {ergonomic}
    uintx ProfiledCodeHeapSize                     = 122909434                              {pd product} {ergonomic}
    uintx ReservedCodeCacheSize                    = 251658240                              {pd product} {ergonomic}
     bool SegmentedCodeCache                       = true                                      {product} {ergonomic}
   size_t SoftMaxHeapSize                          = 4263510016                             {manageable} {ergonomic}
     bool UseCompressedOops                        = true                           {product lp64_product} {ergonomic}
     bool UseG1GC                                  = true                                      {product} {ergonomic}
     bool UseLargePagesIndividualAllocation        = false                                  {pd product} {ergonomic}

Logging:
Log output configuration:
 #0: stdout all=warning uptime,level,tags foldmultilines=false
 #1: stderr all=off uptime,level,tags foldmultilines=false

Environment Variables:
PATH=C:\Program Files (x86)\NVIDIA Corporation\PhysX\Common;C:\Users\LATITUDE\AppData\Local\Programs\Python\Python313\python.exe;C:\Program Files\Common Files\Oracle\Java\javapath;C:\Program Files (x86)\Common Files\Oracle\Java\java8path;C:\Program Files (x86)\Common Files\Oracle\Java\javapath;C:\WINDOWS\system32;C:\WINDOWS;C:\WINDOWS\System32\Wbem;C:\WINDOWS\System32\WindowsPowerShell\v1.0\;C:\WINDOWS\System32\OpenSSH\;C:\Program Files (x86)\dotnet\;C:\Program Files\PuTTY\;C:\msys64\mingw64\bin\gcc.exe;C:\Android\scrcpy-win64-v2.4;C:\Program Files\Graphviz\bin;C:\Program Files\Java\jdk-22\bin;C:\laragon\bin\ngrok;C:\Users\LATITUDE\AppData\Roaming\nvm;C:\Program Files\nodejs;C:\Program Files\Git\cmd;C:\Users\LATITUDE\AppData\Local\Programs\CLion\bin;C:\Users\LATITUDE\AppData\Local\Programs\Microsoft VS Code\bin;C:\Users\LATITUDE\AppData\Local\Programs\oh-my-posh\bin;C:\Users\LATITUDE\AppData\Local\Programs\WebStorm\bin;C:\Program Files\c3c\c3-windows-Release;C:\msys64\ucrt64\lib\emscripten;C:\Program Files\Microsoft SQL Server\150\Tools\Binn\;C:\Program Files\Neovim\bin;C:\Users\LATITUDE\.cargo\bin\cargo.exe;C:\Users\LATITUDE\.cargo\bin;C:\Users\LATITUDE\AppData\Local\pnpm;C:\Users\LATITUDE\AppData\Local\Programs\Python\Python313\Scripts\;C:\Users\LATITUDE\AppData\Local\Programs\Python\Python313\;C:\Users\LATITUDE\AppData\Local\Programs\Python\Launcher\;C:\Program Files\Common Files\Oracle\Java\javapath;C:\Program Files (x86)\Common Files\Oracle\Java\java8path;C:\Program Files (x86)\Common Files\Oracle\Java\javapath;C:\WINDOWS\system32;C:\WINDOWS;C:\WINDOWS\System32\Wbem;C:\WINDOWS\System32\WindowsPowerShell\v1.0\;C:\WINDOWS\System32\OpenSSH\;C:\Program Files (x86)\dotnet\;C:\Program Files\PuTTY\;C:\msys64\mingw64\bin;C:\FPC\3.2.2\bin\i386-Win32;C:\msys64\mingw64\bin\gcc.exe;C:\Android\scrcpy-win64-v2.4;C:\Program Files\Graphviz\bin;C:\Program Files\Java\jdk-22\bin;C:\laragon\bin\ngrok;C:\Users\LATITUDE\AppData\Roaming\nvm;C:\Program Files\nodejs;C:\Program Files\Git\cmd;C:\Users\LATITUDE\AppData\Local\Programs\CLion\bin;C:\Users\LATITUDE\AppData\Local\Programs\Microsoft VS Code\bin;;C:\Users\LATITUDE\AppData\Local\spicetify;C:\Users\LATITUDE\AppData\Local\Microsoft\WindowsApps;C:\Users\LATITUDE\.dotnet\tools
USERNAME=LATITUDE
OS=Windows_NT
PROCESSOR_IDENTIFIER=Intel64 Family 6 Model 142 Stepping 10, GenuineIntel
TMP=C:\Users\LATITUDE\AppData\Local\Temp
TEMP=C:\Users\LATITUDE\AppData\Local\Temp




Periodic native trim disabled

---------------  S Y S T E M  ---------------

OS:
 Windows 11 , 64 bit Build 26100 (10.0.26100.3912)
OS uptime: 14 days 4:59 hours
Hyper-V role detected

CPU: total 8 (initial active 8) (4 cores per cpu, 2 threads per core) family 6 model 142 stepping 10 microcode 0xe0, cx8, cmov, fxsr, ht, mmx, 3dnowpref, sse, sse2, sse3, ssse3, sse4.1, sse4.2, popcnt, lzcnt, tsc, tscinvbit, avx, avx2, aes, erms, clmul, bmi1, bmi2, rtm, adx, fma, vzeroupper, clflush, clflushopt, hv, rdtscp, f16c
Processor Information for all 8 processors :
  Max Mhz: 1896, Current Mhz: 1696, Mhz Limit: 1687

Memory: 4k page, system-wide physical 16263M (1930M free)
TotalPageFile size 21263M (AvailPageFile size 0M)
current process WorkingSet (physical memory assigned to process): 147M, peak: 147M
current process commit charge ("private bytes"): 422M, peak: 422M

vm_info: Java HotSpot(TM) 64-Bit Server VM (22.0.1+8-16) for windows-amd64 JRE (22.0.1+8-16), built on 2024-03-12T10:33:16Z by "mach5one" with MS VC++ 17.6 (VS2022)

END.
